#
# There is insufficient memory for the Java Runtime Environment to continue.
# Native memory allocation (malloc) failed to allocate 133136 bytes for Chunk::new
# Possible reasons:
#   The system is out of physical RAM or swap space
#   The process is running with CompressedOops enabled, and the Java Heap may be blocking the growth of the native heap
# Possible solutions:
#   Reduce memory load on the system
#   Increase physical memory or swap space
#   Check if swap backing store is full
#   Decrease Java heap size (-Xmx/-Xms)
#   Decrease number of Java threads
#   Decrease Java thread stack sizes (-Xss)
#   Set larger code cache with -XX:ReservedCodeCacheSize=
#   JVM is running with Unscaled Compressed Oops mode in which the Java heap is
#     placed in the first 4GB address space. The Java Heap base address is the
#     maximum limit for the native heap growth. Please use -XX:HeapBaseMinAddress
#     to set the Java Heap base and to place the Java Heap above 4GB virtual address.
# This output file may be truncated or incomplete.
#
#  Out of Memory Error (allocation.cpp:389), pid=12740, tid=0x00000000000005ec
#
# JRE version: OpenJDK Runtime Environment (8.0_202-b03) (build 1.8.0_202-release-1483-b03)
# Java VM: OpenJDK 64-Bit Server VM (25.202-b03 mixed mode windows-amd64 compressed oops)
# Failed to write core dump. Minidumps are not enabled by default on client versions of Windows
#

---------------  T H R E A D  ---------------

Current thread (0x0000000018b86000):  JavaThread "C2 CompilerThread2" daemon [_thread_in_native, id=1516, stack(0x0000000019670000,0x0000000019770000)]

Stack: [0x0000000019670000,0x0000000019770000]
[error occurred during error reporting (printing stack bounds), id 0xc0000005]

Native frames: (J=compiled Java code, j=interpreted, Vv=VM code, C=native code)


Current CompileTask:
C2:  21760 13528       4       com.android.tools.r8.ir.optimize.PeepholeOptimizer::a (401 bytes)


---------------  P R O C E S S  ---------------

Java Threads: ( => current thread )
  0x0000000021a1e800 JavaThread "ForkJoinPool.commonPool-worker-7" daemon [_thread_blocked, id=11620, stack(0x000000002f430000,0x000000002f530000)]
  0x0000000021a1c800 JavaThread "ForkJoinPool.commonPool-worker-6" daemon [_thread_blocked, id=16028, stack(0x000000002f330000,0x000000002f430000)]
  0x0000000021a1b800 JavaThread "ForkJoinPool.commonPool-worker-5" daemon [_thread_blocked, id=11080, stack(0x000000002f230000,0x000000002f330000)]
  0x0000000021a1b000 JavaThread "ForkJoinPool.commonPool-worker-4" daemon [_thread_blocked, id=7668, stack(0x000000002e160000,0x000000002e260000)]
  0x0000000021a13800 JavaThread "ForkJoinPool.commonPool-worker-3" daemon [_thread_blocked, id=1140, stack(0x000000002e060000,0x000000002e160000)]
  0x0000000021a1a000 JavaThread "ForkJoinPool.commonPool-worker-2" daemon [_thread_blocked, id=6180, stack(0x000000002d730000,0x000000002d830000)]
  0x0000000021a19800 JavaThread "ForkJoinPool.commonPool-worker-1" daemon [_thread_blocked, id=3252, stack(0x000000002c650000,0x000000002c750000)]
  0x0000000021a12800 JavaThread "WorkerExecutor Queue Thread 6" [_thread_blocked, id=3976, stack(0x000000002c550000,0x000000002c650000)]
  0x0000000021a18800 JavaThread "WorkerExecutor Queue Thread 5" [_thread_blocked, id=4652, stack(0x000000002c450000,0x000000002c550000)]
  0x0000000021a12000 JavaThread "WorkerExecutor Queue Thread 4" [_thread_blocked, id=6428, stack(0x0000000029a60000,0x0000000029b60000)]
  0x0000000021a11000 JavaThread "WorkerExecutor Queue Thread 3" [_thread_blocked, id=5424, stack(0x0000000028720000,0x0000000028820000)]
  0x0000000021a18000 JavaThread "WorkerExecutor Queue Thread 2" [_thread_blocked, id=4916, stack(0x0000000027620000,0x0000000027720000)]
  0x0000000021a15800 JavaThread "WorkerExecutor Queue" [_thread_in_vm, id=10052, stack(0x0000000025c30000,0x0000000025d30000)]
  0x000000001ce2c800 JavaThread "File lock release action executor" [_thread_blocked, id=1720, stack(0x0000000025d50000,0x0000000025e50000)]
  0x000000001ce2e000 JavaThread "Cache worker for execution history cache (C:\Users\hp\AndroidStudioProjects\MyApplication\FirstTry\.gradle\5.4.1\executionHistory)" [_thread_blocked, id=13428, stack(0x0000000025830000,0x0000000025930000)]
  0x000000001ce2b000 JavaThread "Execution worker for ':' Thread 7" [_thread_blocked, id=13444, stack(0x0000000025730000,0x0000000025830000)]
  0x000000001ce2a000 JavaThread "Execution worker for ':' Thread 6" [_thread_in_Java, id=8036, stack(0x0000000025630000,0x0000000025730000)]
  0x000000001ce22800 JavaThread "Execution worker for ':' Thread 5" [_thread_in_native, id=6308, stack(0x0000000025530000,0x0000000025630000)]
  0x000000001ce27000 JavaThread "Execution worker for ':' Thread 4" [_thread_in_Java, id=14180, stack(0x0000000025430000,0x0000000025530000)]
  0x000000001ce29800 JavaThread "Execution worker for ':' Thread 3" [_thread_in_native, id=1276, stack(0x0000000025330000,0x0000000025430000)]
  0x000000001ce25000 JavaThread "Execution worker for ':' Thread 2" [_thread_blocked, id=16340, stack(0x0000000025230000,0x0000000025330000)]
  0x000000001ce22000 JavaThread "Execution worker for ':'" [_thread_blocked, id=9952, stack(0x0000000025130000,0x0000000025230000)]
  0x000000001ce21000 JavaThread "Cache worker for file content cache (C:\Users\hp\AndroidStudioProjects\MyApplication\FirstTry\.gradle\5.4.1\fileContent)" [_thread_blocked, id=3220, stack(0x0000000024e30000,0x0000000024f30000)]
  0x000000001ce28000 JavaThread "Cache worker for file content cache (C:\Users\hp\.gradle\caches\5.4.1\fileContent)" [_thread_blocked, id=8332, stack(0x0000000024d30000,0x0000000024e30000)]
  0x000000001ce26800 JavaThread "Memory manager" [_thread_blocked, id=8320, stack(0x0000000023fc0000,0x00000000240c0000)]
  0x000000001ce20800 JavaThread "Cache worker for Build Output Cleanup Cache (C:\Users\hp\AndroidStudioProjects\MyApplication\FirstTry\.gradle\buildOutputCleanup)" [_thread_blocked, id=14552, stack(0x0000000023650000,0x0000000023750000)]
  0x000000001cd91000 JavaThread "Build operations Thread 8" [_thread_blocked, id=14768, stack(0x0000000023550000,0x0000000023650000)]
  0x000000001cd8f000 JavaThread "Build operations Thread 7" [_thread_blocked, id=15284, stack(0x0000000023450000,0x0000000023550000)]
  0x000000001cd94000 JavaThread "Build operations Thread 6" [_thread_blocked, id=17032, stack(0x0000000023350000,0x0000000023450000)]
  0x000000001cd8f800 JavaThread "Build operations Thread 5" [_thread_blocked, id=4176, stack(0x0000000023250000,0x0000000023350000)]
  0x000000001cd90800 JavaThread "Build operations Thread 4" [_thread_blocked, id=8476, stack(0x0000000023150000,0x0000000023250000)]
  0x000000001cd93800 JavaThread "Build operations Thread 3" [_thread_blocked, id=14956, stack(0x0000000023050000,0x0000000023150000)]
  0x000000001cd92800 JavaThread "Build operations Thread 2" [_thread_blocked, id=6896, stack(0x0000000022f50000,0x0000000023050000)]
  0x000000001cd95800 JavaThread "Build operations" [_thread_blocked, id=16228, stack(0x0000000022c20000,0x0000000022d20000)]
  0x000000001cd92000 JavaThread "Cache worker for execution history cache (C:\Users\hp\.gradle\caches\5.4.1\executionHistory)" [_thread_blocked, id=16768, stack(0x0000000022920000,0x0000000022a20000)]
  0x000000001cd95000 JavaThread "Cache worker for cache directory md-rule (C:\Users\hp\.gradle\caches\5.4.1\md-rule)" [_thread_blocked, id=16456, stack(0x0000000022820000,0x0000000022920000)]
  0x000000001aa87000 JavaThread "Cache worker for cache directory md-supplier (C:\Users\hp\.gradle\caches\5.4.1\md-supplier)" [_thread_blocked, id=13136, stack(0x0000000020530000,0x0000000020630000)]
  0x000000001aa8b800 JavaThread "Cache worker for file hash cache (C:\Users\hp\AndroidStudioProjects\MyApplication\FirstTry\.gradle\5.4.1\fileHashes)" [_thread_blocked, id=16396, stack(0x000000001ec60000,0x000000001ed60000)]
  0x000000001aa8a000 JavaThread "Cache worker for journal cache (C:\Users\hp\.gradle\caches\journal-1)" [_thread_blocked, id=4388, stack(0x000000001c7c0000,0x000000001c8c0000)]
  0x000000001aa8b000 JavaThread "File lock request listener" [_thread_in_native, id=2232, stack(0x000000001c6c0000,0x000000001c7c0000)]
  0x000000001adcc000 JavaThread "Cache worker for file hash cache (C:\Users\hp\.gradle\caches\5.4.1\fileHashes)" [_thread_blocked, id=17096, stack(0x000000001c5c0000,0x000000001c6c0000)]
  0x000000001b092000 JavaThread "Thread-9" [_thread_blocked, id=15188, stack(0x000000001c4c0000,0x000000001c5c0000)]
  0x0000000018de3000 JavaThread "Stdin handler" [_thread_blocked, id=9404, stack(0x000000001c3c0000,0x000000001c4c0000)]
  0x0000000018de2000 JavaThread "Asynchronous log dispatcher for DefaultDaemonConnection: socket connection from /127.0.0.1:50938 to /127.0.0.1:50939" [_thread_blocked, id=13672, stack(0x000000001c1c0000,0x000000001c2c0000)]
  0x000000001b04c800 JavaThread "Daemon worker" [_thread_blocked, id=12332, stack(0x000000001c0c0000,0x000000001c1c0000)]
  0x000000001b04b800 JavaThread "Cancel handler" [_thread_blocked, id=8496, stack(0x000000001bfc0000,0x000000001c0c0000)]
  0x0000000018c90800 JavaThread "Handler for socket connection from /127.0.0.1:50938 to /127.0.0.1:50939" [_thread_in_native, id=3096, stack(0x000000001bcc0000,0x000000001bdc0000)]
  0x0000000019cf9800 JavaThread "Daemon" [_thread_blocked, id=3008, stack(0x000000001bbc0000,0x000000001bcc0000)]
  0x0000000019cdf000 JavaThread "Daemon periodic checks" [_thread_blocked, id=10388, stack(0x000000001bac0000,0x000000001bbc0000)]
  0x0000000019cbb800 JavaThread "Incoming local TCP Connector on port 50938" [_thread_in_native, id=15116, stack(0x000000001b880000,0x000000001b980000)]
  0x000000001ac95000 JavaThread "Daemon health stats" [_thread_blocked, id=15928, stack(0x000000001b240000,0x000000001b340000)]
  0x0000000018c19000 JavaThread "Service Thread" daemon [_thread_blocked, id=14880, stack(0x0000000019870000,0x0000000019970000)]
  0x0000000018b8e800 JavaThread "C1 CompilerThread3" daemon [_thread_blocked, id=12516, stack(0x0000000019770000,0x0000000019870000)]
=>0x0000000018b86000 JavaThread "C2 CompilerThread2" daemon [_thread_in_native, id=1516, stack(0x0000000019670000,0x0000000019770000)]
  0x0000000018b85000 JavaThread "C2 CompilerThread1" daemon [_thread_in_native, id=11208, stack(0x0000000019570000,0x0000000019670000)]
  0x0000000018b94800 JavaThread "C2 CompilerThread0" daemon [_thread_in_native, id=14736, stack(0x0000000019470000,0x0000000019570000)]
  0x0000000018b93800 JavaThread "Attach Listener" daemon [_thread_blocked, id=10424, stack(0x0000000019370000,0x0000000019470000)]
  0x0000000018b92800 JavaThread "Signal Dispatcher" daemon [_thread_blocked, id=13212, stack(0x0000000019270000,0x0000000019370000)]
  0x0000000018b80800 JavaThread "Finalizer" daemon [_thread_blocked, id=14364, stack(0x0000000019060000,0x0000000019160000)]
  0x0000000016d6c000 JavaThread "Reference Handler" daemon [_thread_blocked, id=15136, stack(0x0000000018f60000,0x0000000019060000)]
  0x00000000015be000 JavaThread "main" [_thread_blocked, id=7012, stack(0x0000000002db0000,0x0000000002eb0000)]

Other Threads:
  0x0000000016d68000 VMThread [stack: 0x0000000018a60000,0x0000000018b60000] [id=1196]
  0x0000000018c22000 WatcherThread [stack: 0x0000000019970000,0x0000000019a70000] [id=9040]

VM state:not at safepoint (normal execution)

VM Mutex/Monitor currently owned by a thread:  ([mutex/lock_event])
[0x00000000015bd230] Heap_lock - owner thread: 0x0000000021a15800

OutOfMemory and StackOverflow Exception counts:
OutOfMemoryError java_heap_errors=1

heap address: 0x00000000a0000000, size: 1536 MB, Compressed Oops mode: 32-bit
Narrow klass base: 0x0000000000000000, Narrow klass shift: 3
Compressed class space size: 1073741824 Address: 0x0000000100000000

Heap:
 PSYoungGen      total 329216K, used 283290K [0x00000000e0000000, 0x00000000f9280000, 0x0000000100000000)
  eden space 304640K, 87% used [0x00000000e0000000,0x00000000f0455118,0x00000000f2980000)
  from space 24576K, 67% used [0x00000000f2980000,0x00000000f39d1a30,0x00000000f4180000)
  to   space 25600K, 0% used [0x00000000f7980000,0x00000000f7980000,0x00000000f9280000)
 ParOldGen       total 141312K, used 94904K [0x00000000a0000000, 0x00000000a8a00000, 0x00000000e0000000)
  object space 141312K, 67% used [0x00000000a0000000,0x00000000a5cae030,0x00000000a8a00000)
 Metaspace       used 72414K, capacity 75337K, committed 75544K, reserved 1116160K
  class space    used 9665K, capacity 10280K, committed 10280K, reserved 1048576K

Card table byte_map: [0x0000000012370000,0x0000000012680000] byte_map_base: 0x0000000011e70000

Marking Bits: (ParMarkBitMap*) 0x0000000076db9f30
 Begin Bits: [0x0000000013080000, 0x0000000014880000)
 End Bits:   [0x0000000014880000, 0x0000000016080000)

Polling page: 0x00000000011d0000

CodeCache: size=245760Kb used=37293Kb max_used=37293Kb free=208466Kb
 bounds [0x0000000002fb0000, 0x0000000005460000, 0x0000000011fb0000]
 total_blobs=12074 nmethods=11258 adapters=727
 compilation: enabled

Compilation events (10 events):
Event: 21.721 Thread 0x0000000018b8e800 13655       2       com.android.tools.r8.code.ArrayLength::<init> (7 bytes)
Event: 21.721 Thread 0x0000000018b8e800 nmethod 13655 0x000000000472c150 code [0x000000000472c2c0, 0x000000000472c428]
Event: 21.722 Thread 0x0000000018b8e800 13656       2       com.android.tools.r8.ir.code.InstanceOf::a (27 bytes)
Event: 21.722 Thread 0x0000000018b8e800 nmethod 13656 0x000000000470dc90 code [0x000000000470de00, 0x000000000470dfd8]
Event: 21.722 Thread 0x0000000018b8e800 13657       2       com.android.tools.r8.ir.code.InstanceOf::z (2 bytes)
Event: 21.723 Thread 0x0000000018b8e800 nmethod 13657 0x000000000472be10 code [0x000000000472bf60, 0x000000000472c0b0]
Event: 21.734 Thread 0x0000000018b8e800 13658       2       java.lang.invoke.MethodHandles$Lookup::linkMethodHandleConstant (185 bytes)
Event: 21.735 Thread 0x0000000018b8e800 nmethod 13658 0x000000000470ce50 code [0x000000000470d080, 0x000000000470d7b8]
Event: 21.750 Thread 0x0000000018b8e800 13661       2       com.android.tools.r8.ir.conversion.IRBuilder::a (61 bytes)
Event: 21.751 Thread 0x0000000018b8e800 nmethod 13661 0x000000000470c910 code [0x000000000470caa0, 0x000000000470cd18]

GC Heap History (10 events):
Event: 17.804 GC heap before
{Heap before GC invocations=20 (full 3):
 PSYoungGen      total 239104K, used 229489K [0x00000000e0000000, 0x00000000f0600000, 0x0000000100000000)
  eden space 212480K, 100% used [0x00000000e0000000,0x00000000ecf80000,0x00000000ecf80000)
  from space 26624K, 63% used [0x00000000eea00000,0x00000000efa9c768,0x00000000f0400000)
  to   space 27136K, 0% used [0x00000000ecf80000,0x00000000ecf80000,0x00000000eea00000)
 ParOldGen       total 141312K, used 64096K [0x00000000a0000000, 0x00000000a8a00000, 0x00000000e0000000)
  object space 141312K, 45% used [0x00000000a0000000,0x00000000a3e980d8,0x00000000a8a00000)
 Metaspace       used 70790K, capacity 73562K, committed 73752K, reserved 1114112K
  class space    used 9572K, capacity 10157K, committed 10280K, reserved 1048576K
Event: 17.833 GC heap after
Heap after GC invocations=20 (full 3):
 PSYoungGen      total 239616K, used 7715K [0x00000000e0000000, 0x00000000f2f80000, 0x0000000100000000)
  eden space 212480K, 0% used [0x00000000e0000000,0x00000000e0000000,0x00000000ecf80000)
  from space 27136K, 28% used [0x00000000ecf80000,0x00000000ed708d88,0x00000000eea00000)
  to   space 26624K, 0% used [0x00000000f1580000,0x00000000f1580000,0x00000000f2f80000)
 ParOldGen       total 141312K, used 78162K [0x00000000a0000000, 0x00000000a8a00000, 0x00000000e0000000)
  object space 141312K, 55% used [0x00000000a0000000,0x00000000a4c54b50,0x00000000a8a00000)
 Metaspace       used 70790K, capacity 73562K, committed 73752K, reserved 1114112K
  class space    used 9572K, capacity 10157K, committed 10280K, reserved 1048576K
}
Event: 18.326 GC heap before
{Heap before GC invocations=21 (full 3):
 PSYoungGen      total 239616K, used 220195K [0x00000000e0000000, 0x00000000f2f80000, 0x0000000100000000)
  eden space 212480K, 100% used [0x00000000e0000000,0x00000000ecf80000,0x00000000ecf80000)
  from space 27136K, 28% used [0x00000000ecf80000,0x00000000ed708d88,0x00000000eea00000)
  to   space 26624K, 0% used [0x00000000f1580000,0x00000000f1580000,0x00000000f2f80000)
 ParOldGen       total 141312K, used 78162K [0x00000000a0000000, 0x00000000a8a00000, 0x00000000e0000000)
  object space 141312K, 55% used [0x00000000a0000000,0x00000000a4c54b50,0x00000000a8a00000)
 Metaspace       used 71190K, capacity 73936K, committed 74264K, reserved 1116160K
  class space    used 9576K, capacity 10162K, committed 10280K, reserved 1048576K
Event: 18.343 GC heap after
Heap after GC invocations=21 (full 3):
 PSYoungGen      total 281088K, used 6590K [0x00000000e0000000, 0x00000000f2d80000, 0x0000000100000000)
  eden space 256512K, 0% used [0x00000000e0000000,0x00000000e0000000,0x00000000efa80000)
  from space 24576K, 26% used [0x00000000f1580000,0x00000000f1bef8d8,0x00000000f2d80000)
  to   space 26112K, 0% used [0x00000000efa80000,0x00000000efa80000,0x00000000f1400000)
 ParOldGen       total 141312K, used 84802K [0x00000000a0000000, 0x00000000a8a00000, 0x00000000e0000000)
  object space 141312K, 60% used [0x00000000a0000000,0x00000000a52d0b20,0x00000000a8a00000)
 Metaspace       used 71190K, capacity 73936K, committed 74264K, reserved 1116160K
  class space    used 9576K, capacity 10162K, committed 10280K, reserved 1048576K
}
Event: 18.970 GC heap before
{Heap before GC invocations=22 (full 3):
 PSYoungGen      total 281088K, used 263102K [0x00000000e0000000, 0x00000000f2d80000, 0x0000000100000000)
  eden space 256512K, 100% used [0x00000000e0000000,0x00000000efa80000,0x00000000efa80000)
  from space 24576K, 26% used [0x00000000f1580000,0x00000000f1bef8d8,0x00000000f2d80000)
  to   space 26112K, 0% used [0x00000000efa80000,0x00000000efa80000,0x00000000f1400000)
 ParOldGen       total 141312K, used 84802K [0x00000000a0000000, 0x00000000a8a00000, 0x00000000e0000000)
  object space 141312K, 60% used [0x00000000a0000000,0x00000000a52d0b20,0x00000000a8a00000)
 Metaspace       used 71383K, capacity 74142K, committed 74264K, reserved 1116160K
  class space    used 9579K, capacity 10163K, committed 10280K, reserved 1048576K
Event: 18.984 GC heap after
Heap after GC invocations=22 (full 3):
 PSYoungGen      total 282624K, used 7513K [0x00000000e0000000, 0x00000000f5e00000, 0x0000000100000000)
  eden space 256512K, 0% used [0x00000000e0000000,0x00000000e0000000,0x00000000efa80000)
  from space 26112K, 28% used [0x00000000efa80000,0x00000000f01d6630,0x00000000f1400000)
  to   space 25600K, 0% used [0x00000000f4500000,0x00000000f4500000,0x00000000f5e00000)
 ParOldGen       total 141312K, used 90133K [0x00000000a0000000, 0x00000000a8a00000, 0x00000000e0000000)
  object space 141312K, 63% used [0x00000000a0000000,0x00000000a58056d8,0x00000000a8a00000)
 Metaspace       used 71383K, capacity 74142K, committed 74264K, reserved 1116160K
  class space    used 9579K, capacity 10163K, committed 10280K, reserved 1048576K
}
Event: 19.705 GC heap before
{Heap before GC invocations=23 (full 3):
 PSYoungGen      total 282624K, used 264025K [0x00000000e0000000, 0x00000000f5e00000, 0x0000000100000000)
  eden space 256512K, 100% used [0x00000000e0000000,0x00000000efa80000,0x00000000efa80000)
  from space 26112K, 28% used [0x00000000efa80000,0x00000000f01d6630,0x00000000f1400000)
  to   space 25600K, 0% used [0x00000000f4500000,0x00000000f4500000,0x00000000f5e00000)
 ParOldGen       total 141312K, used 90133K [0x00000000a0000000, 0x00000000a8a00000, 0x00000000e0000000)
  object space 141312K, 63% used [0x00000000a0000000,0x00000000a58056d8,0x00000000a8a00000)
 Metaspace       used 71647K, capacity 74474K, committed 74776K, reserved 1116160K
  class space    used 9598K, capacity 10201K, committed 10280K, reserved 1048576K
Event: 19.722 GC heap after
Heap after GC invocations=23 (full 3):
 PSYoungGen      total 325632K, used 7364K [0x00000000e0000000, 0x00000000f5980000, 0x0000000100000000)
  eden space 304640K, 0% used [0x00000000e0000000,0x00000000e0000000,0x00000000f2980000)
  from space 20992K, 35% used [0x00000000f4500000,0x00000000f4c31248,0x00000000f5980000)
  to   space 24576K, 0% used [0x00000000f2980000,0x00000000f2980000,0x00000000f4180000)
 ParOldGen       total 141312K, used 94896K [0x00000000a0000000, 0x00000000a8a00000, 0x00000000e0000000)
  object space 141312K, 67% used [0x00000000a0000000,0x00000000a5cac030,0x00000000a8a00000)
 Metaspace       used 71647K, capacity 74474K, committed 74776K, reserved 1116160K
  class space    used 9598K, capacity 10201K, committed 10280K, reserved 1048576K
}
Event: 20.570 GC heap before
{Heap before GC invocations=24 (full 3):
 PSYoungGen      total 325632K, used 312004K [0x00000000e0000000, 0x00000000f5980000, 0x0000000100000000)
  eden space 304640K, 100% used [0x00000000e0000000,0x00000000f2980000,0x00000000f2980000)
  from space 20992K, 35% used [0x00000000f4500000,0x00000000f4c31248,0x00000000f5980000)
  to   space 24576K, 0% used [0x00000000f2980000,0x00000000f2980000,0x00000000f4180000)
 ParOldGen       total 141312K, used 94896K [0x00000000a0000000, 0x00000000a8a00000, 0x00000000e0000000)
  object space 141312K, 67% used [0x00000000a0000000,0x00000000a5cac030,0x00000000a8a00000)
 Metaspace       used 72101K, capacity 75020K, committed 75288K, reserved 1116160K
  class space    used 9633K, capacity 10228K, committed 10280K, reserved 1048576K
Event: 20.595 GC heap after
Heap after GC invocations=24 (full 3):
 PSYoungGen      total 329216K, used 16710K [0x00000000e0000000, 0x00000000f9280000, 0x0000000100000000)
  eden space 304640K, 0% used [0x00000000e0000000,0x00000000e0000000,0x00000000f2980000)
  from space 24576K, 67% used [0x00000000f2980000,0x00000000f39d1a30,0x00000000f4180000)
  to   space 25600K, 0% used [0x00000000f7980000,0x00000000f7980000,0x00000000f9280000)
 ParOldGen       total 141312K, used 94904K [0x00000000a0000000, 0x00000000a8a00000, 0x00000000e0000000)
  object space 141312K, 67% used [0x00000000a0000000,0x00000000a5cae030,0x00000000a8a00000)
 Metaspace       used 72101K, capacity 75020K, committed 75288K, reserved 1116160K
  class space    used 9633K, capacity 10228K, committed 10280K, reserved 1048576K
}

Deoptimization events (10 events):
Event: 21.284 Thread 0x000000001b092000 Uncommon trap: reason=unstable_if action=reinterpret pc=0x00000000045818f8 method=com.esotericsoftware.kryo.io.Output.writeBytes([BII)V @ 61
Event: 21.285 Thread 0x000000001ce2e000 Uncommon trap: reason=unstable_if action=reinterpret pc=0x00000000044606d8 method=com.esotericsoftware.kryo.io.Output.writeBytes([BII)V @ 61
Event: 21.291 Thread 0x000000001ce2e000 Uncommon trap: reason=unstable_if action=reinterpret pc=0x0000000004a085b4 method=java.io.BufferedOutputStream.write([BII)V @ 6
Event: 21.354 Thread 0x000000001ce29800 Uncommon trap: reason=unstable_if action=reinterpret pc=0x000000000390c75c method=java.lang.AbstractStringBuilder.append(I)Ljava/lang/AbstractStringBuilder; @ 16
Event: 21.357 Thread 0x000000001ce29800 Uncommon trap: reason=unstable_if action=reinterpret pc=0x0000000003a5eed0 method=java.lang.Integer.getChars(II[C)V @ 7
Event: 21.359 Thread 0x000000001ce29800 Uncommon trap: reason=unstable_if action=reinterpret pc=0x0000000003aa1468 method=java.lang.AbstractStringBuilder.append(I)Ljava/lang/AbstractStringBuilder; @ 16
Event: 21.537 Thread 0x000000001ce2a000 Uncommon trap: reason=bimorphic action=maybe_recompile pc=0x000000000501f15c method=com.android.tools.r8.ir.regalloc.LinearScanRegisterAllocator.a(Lcom/android/tools/r8/ir/code/Value;Ljava/util/Collection;)Z @ 1
Event: 21.537 Thread 0x000000001ce2a000 Uncommon trap: reason=bimorphic action=maybe_recompile pc=0x000000000501f15c method=com.android.tools.r8.ir.regalloc.LinearScanRegisterAllocator.a(Lcom/android/tools/r8/ir/code/Value;Ljava/util/Collection;)Z @ 1
Event: 21.601 Thread 0x000000001ce2e000 Uncommon trap: reason=unstable_if action=reinterpret pc=0x00000000035543ec method=java.io.BufferedOutputStream.write([BII)V @ 6
Event: 21.758 Thread 0x000000001ce22800 Uncommon trap: reason=class_check action=maybe_recompile pc=0x0000000003189fc0 method=java.lang.Throwable.<init>(Ljava/lang/String;Ljava/lang/Throwable;)V @ 24

Classes redefined (0 events):
No events

Internal exceptions (10 events):
Event: 21.063 Thread 0x000000001ce22800 Exception <a 'sun/nio/fs/WindowsException'> (0x00000000e62f5400) thrown at [D:\src\AOSP-openjdk-cygwin\jdk8u\hotspot\src\share\vm\prims\jni.cpp, line 710]
Event: 21.063 Thread 0x000000001ce22800 Exception <a 'sun/nio/fs/WindowsException'> (0x00000000e62f7be0) thrown at [D:\src\AOSP-openjdk-cygwin\jdk8u\hotspot\src\share\vm\prims\jni.cpp, line 710]
Event: 21.063 Thread 0x000000001ce22800 Exception <a 'sun/nio/fs/WindowsException'> (0x00000000e62f8c90) thrown at [D:\src\AOSP-openjdk-cygwin\jdk8u\hotspot\src\share\vm\prims\jni.cpp, line 710]
Event: 21.063 Thread 0x000000001ce22800 Exception <a 'sun/nio/fs/WindowsException'> (0x00000000e62fb498) thrown at [D:\src\AOSP-openjdk-cygwin\jdk8u\hotspot\src\share\vm\prims\jni.cpp, line 710]
Event: 21.063 Thread 0x000000001ce22800 Exception <a 'sun/nio/fs/WindowsException'> (0x00000000e62fc550) thrown at [D:\src\AOSP-openjdk-cygwin\jdk8u\hotspot\src\share\vm\prims\jni.cpp, line 710]
Event: 21.063 Thread 0x000000001ce22800 Exception <a 'sun/nio/fs/WindowsException'> (0x00000000e62fed58) thrown at [D:\src\AOSP-openjdk-cygwin\jdk8u\hotspot\src\share\vm\prims\jni.cpp, line 710]
Event: 21.063 Thread 0x000000001ce22800 Exception <a 'sun/nio/fs/WindowsException'> (0x00000000e62ffe10) thrown at [D:\src\AOSP-openjdk-cygwin\jdk8u\hotspot\src\share\vm\prims\jni.cpp, line 710]
Event: 21.064 Thread 0x000000001ce22800 Exception <a 'sun/nio/fs/WindowsException'> (0x00000000e6302600) thrown at [D:\src\AOSP-openjdk-cygwin\jdk8u\hotspot\src\share\vm\prims\jni.cpp, line 710]
Event: 21.064 Thread 0x000000001ce22800 Exception <a 'sun/nio/fs/WindowsException'> (0x00000000e63036b8) thrown at [D:\src\AOSP-openjdk-cygwin\jdk8u\hotspot\src\share\vm\prims\jni.cpp, line 710]
Event: 21.758 Thread 0x000000001ce22800 Exception <a 'java/lang/OutOfMemoryError'> (0x00000000f02f4390) thrown at [D:\src\AOSP-openjdk-cygwin\jdk8u\hotspot\src\share\vm\prims\jni.cpp, line 736]

Events (10 events):
Event: 21.738 Thread 0x000000001ce27000 DEOPT PACKING pc=0x0000000004aa64b1 sp=0x000000002552a7f0
Event: 21.738 Thread 0x000000001ce27000 DEOPT UNPACKING pc=0x0000000002ff75d0 sp=0x000000002552a580 mode 0
Event: 21.738 loading class com/google/common/collect/ImmutableSet
Event: 21.738 loading class com/google/common/collect/ImmutableSet done
Event: 21.738 loading class com/google/common/collect/ImmutableSet$Builder
Event: 21.738 loading class com/google/common/collect/ImmutableSet$Builder done
Event: 21.758 loading class java/util/zip/DataFormatException
Event: 21.758 loading class java/util/zip/DataFormatException done
Event: 21.758 Thread 0x000000001ce22800 Uncommon trap: trap_request=0xffffffde fr.pc=0x0000000003189fc0
Event: 21.758 Thread 0x000000001ce22800 DEOPT PACKING pc=0x0000000003189fc0 sp=0x000000002562bb10


Dynamic libraries:
0x00007ff784910000 - 0x00007ff784941000 	C:\Program Files\Android\Android Studio\jre\bin\java.exe
0x00007ffd6fbc0000 - 0x00007ffd6fdb0000 	C:\WINDOWS\SYSTEM32\ntdll.dll
0x00007ffd6edf0000 - 0x00007ffd6eea2000 	C:\WINDOWS\System32\KERNEL32.DLL
0x00007ffd6d9c0000 - 0x00007ffd6dc63000 	C:\WINDOWS\System32\KERNELBASE.dll
0x00007ffd6e4c0000 - 0x00007ffd6e563000 	C:\WINDOWS\System32\ADVAPI32.dll
0x00007ffd6f5d0000 - 0x00007ffd6f66e000 	C:\WINDOWS\System32\msvcrt.dll
0x00007ffd6f340000 - 0x00007ffd6f3d7000 	C:\WINDOWS\System32\sechost.dll
0x00007ffd6ec60000 - 0x00007ffd6ed80000 	C:\WINDOWS\System32\RPCRT4.dll
0x00007ffd6f700000 - 0x00007ffd6f894000 	C:\WINDOWS\System32\USER32.dll
0x00007ffd6cda0000 - 0x00007ffd6cdc1000 	C:\WINDOWS\System32\win32u.dll
0x00007ffd6f6d0000 - 0x00007ffd6f6f6000 	C:\WINDOWS\System32\GDI32.dll
0x00007ffd6ceb0000 - 0x00007ffd6d044000 	C:\WINDOWS\System32\gdi32full.dll
0x00007ffd6d920000 - 0x00007ffd6d9be000 	C:\WINDOWS\System32\msvcp_win.dll
0x00007ffd6cb50000 - 0x00007ffd6cc4a000 	C:\WINDOWS\System32\ucrtbase.dll
0x00007ffd5b0e0000 - 0x00007ffd5b365000 	C:\WINDOWS\WinSxS\amd64_microsoft.windows.common-controls_6595b64144ccf1df_6.0.18362.592_none_e6c0b1911312be02\COMCTL32.dll
0x00007ffd6ef80000 - 0x00007ffd6f2b6000 	C:\WINDOWS\System32\combase.dll
0x00007ffd6d8a0000 - 0x00007ffd6d920000 	C:\WINDOWS\System32\bcryptPrimitives.dll
0x00007ffd6fb30000 - 0x00007ffd6fb5e000 	C:\WINDOWS\System32\IMM32.DLL
0x00000000770b0000 - 0x0000000077182000 	C:\Program Files\Android\Android Studio\jre\jre\bin\msvcr100.dll
0x00000000765f0000 - 0x0000000076e36000 	C:\Program Files\Android\Android Studio\jre\jre\bin\server\jvm.dll
0x00007ffd6e240000 - 0x00007ffd6e248000 	C:\WINDOWS\System32\PSAPI.DLL
0x00007ffd418d0000 - 0x00007ffd418d9000 	C:\WINDOWS\SYSTEM32\WSOCK32.dll
0x00007ffd65940000 - 0x00007ffd6594a000 	C:\WINDOWS\SYSTEM32\VERSION.dll
0x00007ffd67d40000 - 0x00007ffd67d64000 	C:\WINDOWS\SYSTEM32\WINMM.dll
0x00007ffd6ed80000 - 0x00007ffd6edef000 	C:\WINDOWS\System32\WS2_32.dll
0x00007ffd67d10000 - 0x00007ffd67d3d000 	C:\WINDOWS\SYSTEM32\WINMMBASE.dll
0x00007ffd6d050000 - 0x00007ffd6d09a000 	C:\WINDOWS\System32\cfgmgr32.dll
0x00007ffd6a1a0000 - 0x00007ffd6a1af000 	C:\Program Files\Android\Android Studio\jre\jre\bin\verify.dll
0x00007ffd69990000 - 0x00007ffd699b9000 	C:\Program Files\Android\Android Studio\jre\jre\bin\java.dll
0x00007ffd68620000 - 0x00007ffd68636000 	C:\Program Files\Android\Android Studio\jre\jre\bin\zip.dll
0x00007ffd6e570000 - 0x00007ffd6ec55000 	C:\WINDOWS\System32\SHELL32.dll
0x00007ffd6f520000 - 0x00007ffd6f5c9000 	C:\WINDOWS\System32\shcore.dll
0x00007ffd6d100000 - 0x00007ffd6d87f000 	C:\WINDOWS\System32\windows.storage.dll
0x00007ffd6cac0000 - 0x00007ffd6cadf000 	C:\WINDOWS\System32\profapi.dll
0x00007ffd6cb00000 - 0x00007ffd6cb4a000 	C:\WINDOWS\System32\powrprof.dll
0x00007ffd6ca90000 - 0x00007ffd6caa0000 	C:\WINDOWS\System32\UMPDC.dll
0x00007ffd6fad0000 - 0x00007ffd6fb22000 	C:\WINDOWS\System32\shlwapi.dll
0x00007ffd6caa0000 - 0x00007ffd6cab1000 	C:\WINDOWS\System32\kernel.appcore.dll
0x00007ffd6d880000 - 0x00007ffd6d897000 	C:\WINDOWS\System32\cryptsp.dll
0x00007ffd67f60000 - 0x00007ffd67f7a000 	C:\Program Files\Android\Android Studio\jre\jre\bin\net.dll
0x00007ffd6c300000 - 0x00007ffd6c367000 	C:\WINDOWS\system32\mswsock.dll
0x00007ffd66d60000 - 0x00007ffd66d71000 	C:\Program Files\Android\Android Studio\jre\jre\bin\nio.dll
0x00007ffd563d0000 - 0x00007ffd563f6000 	C:\Users\hp\.gradle\native\29\windows-amd64\native-platform.dll
0x00007ffd67f50000 - 0x00007ffd67f5d000 	C:\Program Files\Android\Android Studio\jre\jre\bin\management.dll
0x00007ffd6be70000 - 0x00007ffd6bea3000 	C:\WINDOWS\system32\rsaenh.dll
0x00007ffd6ce80000 - 0x00007ffd6cea6000 	C:\WINDOWS\System32\bcrypt.dll
0x00007ffd6c9b0000 - 0x00007ffd6c9d5000 	C:\WINDOWS\SYSTEM32\USERENV.dll
0x00007ffd6c4d0000 - 0x00007ffd6c4dc000 	C:\WINDOWS\SYSTEM32\CRYPTBASE.dll
0x00007ffd6c010000 - 0x00007ffd6c04a000 	C:\WINDOWS\SYSTEM32\IPHLPAPI.DLL
0x00007ffd6e4b0000 - 0x00007ffd6e4b8000 	C:\WINDOWS\System32\NSI.dll
0x00007ffd65190000 - 0x00007ffd651a6000 	C:\WINDOWS\SYSTEM32\dhcpcsvc6.DLL
0x00007ffd651d0000 - 0x00007ffd651ec000 	C:\WINDOWS\SYSTEM32\dhcpcsvc.DLL
0x00007ffd6c050000 - 0x00007ffd6c11a000 	C:\WINDOWS\SYSTEM32\DNSAPI.dll

VM Arguments:
jvm_args: -Xmx1536m -Dfile.encoding=windows-1252 -Duser.country=IN -Duser.language=en -Duser.variant 
java_command: org.gradle.launcher.daemon.bootstrap.GradleDaemon 5.4.1
java_class_path (initial): C:\Users\hp\.gradle\wrapper\dists\gradle-5.4.1-all\3221gyojl5jsh0helicew7rwx\gradle-5.4.1\lib\gradle-launcher-5.4.1.jar
Launcher Type: SUN_STANDARD

Environment Variables:
PATH=C:\Program Files (x86)\Intel\Intel(R) Management Engine Components\iCLS\;C:\Program Files\Intel\Intel(R) Management Engine Components\iCLS\;C:\windows\system32;C:\windows;C:\windows\System32\Wbem;C:\windows\System32\WindowsPowerShell\v1.0\;C:\windows\System32\OpenSSH\;C:\Program Files (x86)\Intel\Intel(R) Management Engine Components\DAL;C:\Program Files\Intel\Intel(R) Management Engine Components\DAL;C:\Program Files (x86)\Intel\Intel(R) Management Engine Components\IPT;C:\Program Files\Intel\Intel(R) Management Engine Components\IPT;C:\Program Files (x86)\NVIDIA Corporation\PhysX\Common;C:\Program Files\Java\jdk-11.0.1\bin;C:\Program Files\Java\jre1.8.0_191\bin;C:\Program Files\NVIDIA Corporation\NVIDIA NvDLISR;C:\cygwin64\bin;C:\Program Files (x86)\Microsoft SQL Server\100\Tools\Binn\;C:\Program Files\Microsoft SQL Server\100\Tools\Binn\;C:\Program Files\Microsoft SQL Server\100\DTS\Binn\;C:\Program Files\PuTTY\;C:\Program Files\Git\cmd;C:\WINDOWS\system32;C:\WINDOWS;C:\WINDOWS\System32\Wbem;C:\WINDOWS\System32\WindowsPowerShell\v1.0\;C:\WINDOWS\System32\OpenSSH\;C:\Users\hp\AppData\Local\Programs\Python\Python37\Scripts\;C:\Users\hp\AppData\Local\Programs\Python\Python37\;C:\Users\hp\AppData\Local\Microsoft\WindowsApps;C:\Users\hp\AppData\Local\Programs\Microsoft VS Code\bin;C:\Users\hp\AppData\Local\atom\bin;C:\Users\hp\AppData\Local\Programs\MiKTeX 2.9\miktex\bin\x64\;%USERPROFILE%\AppData\Local\Microsoft\WindowsApps;
USERNAME=hp
OS=Windows_NT
PROCESSOR_IDENTIFIER=Intel64 Family 6 Model 158 Stepping 10, GenuineIntel



---------------  S Y S T E M  ---------------

OS: Windows 10.0 , 64 bit Build 18362 (10.0.18362.329)

CPU:total 8 (initial active 8) (4 cores per cpu, 2 threads per core) family 6 model 158 stepping 10, cmov, cx8, fxsr, mmx, sse, sse2, sse3, ssse3, sse4.1, sse4.2, popcnt, avx, avx2, aes, clmul, erms, 3dnowpref, lzcnt, ht, tsc, tscinvbit, bmi1, bmi2, adx

Memory: 4k page, physical 8192424k(719168k free), swap 23660068k(13632k free)

vm_info: OpenJDK 64-Bit Server VM (25.202-b03) for windows-amd64 JRE (1.8.0_202-release-1483-b03), built by "builder" with MS VC++ 10.0 (VS2010)

time: Thu Jan 30 23:17:54 2020
timezone: India Standard Time
elapsed time: 21 seconds (0d 0h 0m 21s)

