#
# There is insufficient memory for the Java Runtime Environment to continue.
# Native memory allocation (malloc) failed to allocate 1460272 bytes for Chunk::new
# Possible reasons:
#   The system is out of physical RAM or swap space
#   The process is running with CompressedOops enabled, and the Java Heap may be blocking the growth of the native heap
# Possible solutions:
#   Reduce memory load on the system
#   Increase physical memory or swap space
#   Check if swap backing store is full
#   Decrease Java heap size (-Xmx/-Xms)
#   Decrease number of Java threads
#   Decrease Java thread stack sizes (-Xss)
#   Set larger code cache with -XX:ReservedCodeCacheSize=
#   JVM is running with Unscaled Compressed Oops mode in which the Java heap is
#     placed in the first 4GB address space. The Java Heap base address is the
#     maximum limit for the native heap growth. Please use -XX:HeapBaseMinAddress
#     to set the Java Heap base and to place the Java Heap above 4GB virtual address.
# This output file may be truncated or incomplete.
#
#  Out of Memory Error (allocation.cpp:389), pid=8116, tid=0x00000000000002d8
#
# JRE version: OpenJDK Runtime Environment (8.0_202-b03) (build 1.8.0_202-release-1483-b03)
# Java VM: OpenJDK 64-Bit Server VM (25.202-b03 mixed mode windows-amd64 compressed oops)
# Failed to write core dump. Minidumps are not enabled by default on client versions of Windows
#

---------------  T H R E A D  ---------------

Current thread (0x00000000184a9000):  JavaThread "C2 CompilerThread0" daemon [_thread_in_native, id=728, stack(0x0000000018d90000,0x0000000018e90000)]

Stack: [0x0000000018d90000,0x0000000018e90000]
[error occurred during error reporting (printing stack bounds), id 0xc0000005]

Native frames: (J=compiled Java code, j=interpreted, Vv=VM code, C=native code)


Current CompileTask:
C2:   7521 1459   !   4       java.net.URLClassLoader$1::run (63 bytes)


---------------  P R O C E S S  ---------------

Java Threads: ( => current thread )
  0x0000000019a33000 JavaThread "File lock release action executor" [_thread_blocked, id=11172, stack(0x000000001d3b0000,0x000000001d4b0000)]
  0x0000000019a31800 JavaThread "Cache worker for journal cache (C:\Users\hp\.gradle\caches\journal-1)" [_thread_blocked, id=9132, stack(0x000000001c0e0000,0x000000001c1e0000)]
  0x0000000019a32800 JavaThread "File lock request listener" [_thread_in_native, id=13000, stack(0x000000001bfe0000,0x000000001c0e0000)]
  0x0000000019a35800 JavaThread "Cache worker for file hash cache (C:\Users\hp\.gradle\caches\5.4.1\fileHashes)" [_thread_blocked, id=13028, stack(0x000000001bee0000,0x000000001bfe0000)]
  0x000000001853a800 JavaThread "Thread-9" [_thread_blocked, id=13372, stack(0x000000001bce0000,0x000000001bde0000)]
  0x000000001943f800 JavaThread "Stdin handler" [_thread_blocked, id=8140, stack(0x000000001bbe0000,0x000000001bce0000)]
  0x0000000018744800 JavaThread "Asynchronous log dispatcher for DefaultDaemonConnection: socket connection from /127.0.0.1:50963 to /127.0.0.1:50964" [_thread_blocked, id=8592, stack(0x000000001bae0000,0x000000001bbe0000)]
  0x0000000018740000 JavaThread "Daemon worker" [_thread_in_native, id=15468, stack(0x000000001b9e0000,0x000000001bae0000)]
  0x000000001873c800 JavaThread "Cancel handler" [_thread_blocked, id=10808, stack(0x000000001b8e0000,0x000000001b9e0000)]
  0x000000001878c000 JavaThread "Handler for socket connection from /127.0.0.1:50963 to /127.0.0.1:50964" [_thread_in_native, id=10884, stack(0x000000001b5e0000,0x000000001b6e0000)]
  0x0000000019629000 JavaThread "Daemon" [_thread_blocked, id=14992, stack(0x000000001b4e0000,0x000000001b5e0000)]
  0x0000000019595800 JavaThread "Daemon periodic checks" [_thread_blocked, id=10208, stack(0x000000001b3e0000,0x000000001b4e0000)]
  0x00000000195f1800 JavaThread "Incoming local TCP Connector on port 50963" [_thread_in_native, id=6992, stack(0x000000001b1a0000,0x000000001b2a0000)]
  0x000000001a7c5800 JavaThread "Daemon health stats" [_thread_blocked, id=15092, stack(0x000000001ab60000,0x000000001ac60000)]
  0x00000000184c3000 JavaThread "Service Thread" daemon [_thread_blocked, id=1564, stack(0x0000000019190000,0x0000000019290000)]
  0x00000000184b4800 JavaThread "C1 CompilerThread3" daemon [_thread_blocked, id=4656, stack(0x0000000019090000,0x0000000019190000)]
  0x00000000184ad800 JavaThread "C2 CompilerThread2" daemon [_thread_blocked, id=7728, stack(0x0000000018f90000,0x0000000019090000)]
  0x00000000184ac800 JavaThread "C2 CompilerThread1" daemon [_thread_blocked, id=13108, stack(0x0000000018e90000,0x0000000018f90000)]
=>0x00000000184a9000 JavaThread "C2 CompilerThread0" daemon [_thread_in_native, id=728, stack(0x0000000018d90000,0x0000000018e90000)]
  0x00000000184a7800 JavaThread "Attach Listener" daemon [_thread_blocked, id=10508, stack(0x0000000018c90000,0x0000000018d90000)]
  0x000000001669e800 JavaThread "Signal Dispatcher" daemon [_thread_blocked, id=6016, stack(0x0000000018b90000,0x0000000018c90000)]
  0x00000000184a1800 JavaThread "Finalizer" daemon [_thread_blocked, id=15920, stack(0x0000000018980000,0x0000000018a80000)]
  0x00000000184a0800 JavaThread "Reference Handler" daemon [_thread_blocked, id=6892, stack(0x0000000018880000,0x0000000018980000)]
  0x00000000027ae000 JavaThread "main" [_thread_blocked, id=16388, stack(0x00000000026a0000,0x00000000027a0000)]

Other Threads:
  0x0000000016688000 VMThread [stack: 0x0000000018380000,0x0000000018480000] [id=16520]
  0x00000000184c4000 WatcherThread [stack: 0x0000000019290000,0x0000000019390000] [id=14140]

VM state:not at safepoint (normal execution)

VM Mutex/Monitor currently owned by a thread: None

heap address: 0x00000000a0000000, size: 1536 MB, Compressed Oops mode: 32-bit
Narrow klass base: 0x0000000000000000, Narrow klass shift: 3
Compressed class space size: 1073741824 Address: 0x0000000100000000

Heap:
 PSYoungGen      total 70656K, used 10647K [0x00000000e0000000, 0x00000000e4a00000, 0x0000000100000000)
  eden space 65536K, 8% used [0x00000000e0000000,0x00000000e056dc30,0x00000000e4000000)
  from space 5120K, 99% used [0x00000000e4000000,0x00000000e44f8020,0x00000000e4500000)
  to   space 5120K, 0% used [0x00000000e4500000,0x00000000e4500000,0x00000000e4a00000)
 ParOldGen       total 86016K, used 5159K [0x00000000a0000000, 0x00000000a5400000, 0x00000000e0000000)
  object space 86016K, 5% used [0x00000000a0000000,0x00000000a0509f20,0x00000000a5400000)
 Metaspace       used 16206K, capacity 16600K, committed 16896K, reserved 1062912K
  class space    used 2303K, capacity 2454K, committed 2560K, reserved 1048576K

Card table byte_map: [0x0000000011c70000,0x0000000011f80000] byte_map_base: 0x0000000011770000

Marking Bits: (ParMarkBitMap*) 0x0000000076db9f30
 Begin Bits: [0x0000000012980000, 0x0000000014180000)
 End Bits:   [0x0000000014180000, 0x0000000015980000)

Polling page: 0x0000000000920000

CodeCache: size=245760Kb used=5331Kb max_used=5341Kb free=240428Kb
 bounds [0x00000000028b0000, 0x0000000002df0000, 0x00000000118b0000]
 total_blobs=1893 nmethods=1502 adapters=304
 compilation: enabled

Compilation events (10 events):
Event: 7.456 Thread 0x00000000184b4800 1530       3       sun.misc.ProxyGenerator::codeLocalLoadStore (90 bytes)
Event: 7.457 Thread 0x00000000184b4800 nmethod 1530 0x0000000002dddbd0 code [0x0000000002ddde20, 0x0000000002ddef48]
Event: 7.470 Thread 0x00000000184b4800 1531       3       java.lang.Class::forName (53 bytes)
Event: 7.470 Thread 0x00000000184b4800 nmethod 1531 0x0000000002de2590 code [0x0000000002de2740, 0x0000000002de2de8]
Event: 7.470 Thread 0x00000000184b4800 1532       3       sun.misc.ProxyGenerator$ConstantPool::getMethodRef (33 bytes)
Event: 7.471 Thread 0x00000000184b4800 nmethod 1532 0x0000000002de4390 code [0x0000000002de4620, 0x0000000002de53c8]
Event: 7.471 Thread 0x00000000184b4800 1533       3       sun.misc.ProxyGenerator::access$900 (5 bytes)
Event: 7.471 Thread 0x00000000184b4800 nmethod 1533 0x0000000002ddb850 code [0x0000000002ddb9c0, 0x0000000002ddbc28]
Event: 7.471 Thread 0x00000000184ac800 1534       4       java.util.ArrayList$Itr::next (66 bytes)
Event: 7.472 Thread 0x00000000184ac800 nmethod 1534 0x0000000002daa790 code [0x0000000002daa8e0, 0x0000000002daa9f8]

GC Heap History (6 events):
Event: 1.491 GC heap before
{Heap before GC invocations=1 (full 0):
 PSYoungGen      total 37888K, used 32768K [0x00000000e0000000, 0x00000000e2a00000, 0x0000000100000000)
  eden space 32768K, 100% used [0x00000000e0000000,0x00000000e2000000,0x00000000e2000000)
  from space 5120K, 0% used [0x00000000e2500000,0x00000000e2500000,0x00000000e2a00000)
  to   space 5120K, 0% used [0x00000000e2000000,0x00000000e2000000,0x00000000e2500000)
 ParOldGen       total 86016K, used 0K [0x00000000a0000000, 0x00000000a5400000, 0x00000000e0000000)
  object space 86016K, 0% used [0x00000000a0000000,0x00000000a0000000,0x00000000a5400000)
 Metaspace       used 6952K, capacity 7172K, committed 7424K, reserved 1056768K
  class space    used 850K, capacity 908K, committed 1024K, reserved 1048576K
Event: 1.507 GC heap after
Heap after GC invocations=1 (full 0):
 PSYoungGen      total 37888K, used 4171K [0x00000000e0000000, 0x00000000e4a00000, 0x0000000100000000)
  eden space 32768K, 0% used [0x00000000e0000000,0x00000000e0000000,0x00000000e2000000)
  from space 5120K, 81% used [0x00000000e2000000,0x00000000e2412c10,0x00000000e2500000)
  to   space 5120K, 0% used [0x00000000e4500000,0x00000000e4500000,0x00000000e4a00000)
 ParOldGen       total 86016K, used 8K [0x00000000a0000000, 0x00000000a5400000, 0x00000000e0000000)
  object space 86016K, 0% used [0x00000000a0000000,0x00000000a0002000,0x00000000a5400000)
 Metaspace       used 6952K, capacity 7172K, committed 7424K, reserved 1056768K
  class space    used 850K, capacity 908K, committed 1024K, reserved 1048576K
}
Event: 2.233 GC heap before
{Heap before GC invocations=2 (full 0):
 PSYoungGen      total 37888K, used 36939K [0x00000000e0000000, 0x00000000e4a00000, 0x0000000100000000)
  eden space 32768K, 100% used [0x00000000e0000000,0x00000000e2000000,0x00000000e2000000)
  from space 5120K, 81% used [0x00000000e2000000,0x00000000e2412c10,0x00000000e2500000)
  to   space 5120K, 0% used [0x00000000e4500000,0x00000000e4500000,0x00000000e4a00000)
 ParOldGen       total 86016K, used 8K [0x00000000a0000000, 0x00000000a5400000, 0x00000000e0000000)
  object space 86016K, 0% used [0x00000000a0000000,0x00000000a0002000,0x00000000a5400000)
 Metaspace       used 8878K, capacity 9092K, committed 9216K, reserved 1056768K
  class space    used 1158K, capacity 1240K, committed 1280K, reserved 1048576K
Event: 2.300 GC heap after
Heap after GC invocations=2 (full 0):
 PSYoungGen      total 70656K, used 4468K [0x00000000e0000000, 0x00000000e4a00000, 0x0000000100000000)
  eden space 65536K, 0% used [0x00000000e0000000,0x00000000e0000000,0x00000000e4000000)
  from space 5120K, 87% used [0x00000000e4500000,0x00000000e495d3c8,0x00000000e4a00000)
  to   space 5120K, 0% used [0x00000000e4000000,0x00000000e4000000,0x00000000e4500000)
 ParOldGen       total 86016K, used 16K [0x00000000a0000000, 0x00000000a5400000, 0x00000000e0000000)
  object space 86016K, 0% used [0x00000000a0000000,0x00000000a0004000,0x00000000a5400000)
 Metaspace       used 8878K, capacity 9092K, committed 9216K, reserved 1056768K
  class space    used 1158K, capacity 1240K, committed 1280K, reserved 1048576K
}
Event: 7.231 GC heap before
{Heap before GC invocations=3 (full 0):
 PSYoungGen      total 70656K, used 70004K [0x00000000e0000000, 0x00000000e4a00000, 0x0000000100000000)
  eden space 65536K, 100% used [0x00000000e0000000,0x00000000e4000000,0x00000000e4000000)
  from space 5120K, 87% used [0x00000000e4500000,0x00000000e495d3c8,0x00000000e4a00000)
  to   space 5120K, 0% used [0x00000000e4000000,0x00000000e4000000,0x00000000e4500000)
 ParOldGen       total 86016K, used 16K [0x00000000a0000000, 0x00000000a5400000, 0x00000000e0000000)
  object space 86016K, 0% used [0x00000000a0000000,0x00000000a0004000,0x00000000a5400000)
 Metaspace       used 15528K, capacity 15864K, committed 16000K, reserved 1062912K
  class space    used 2207K, capacity 2358K, committed 2432K, reserved 1048576K
Event: 7.298 GC heap after
Heap after GC invocations=3 (full 0):
 PSYoungGen      total 70656K, used 5088K [0x00000000e0000000, 0x00000000e4a00000, 0x0000000100000000)
  eden space 65536K, 0% used [0x00000000e0000000,0x00000000e0000000,0x00000000e4000000)
  from space 5120K, 99% used [0x00000000e4000000,0x00000000e44f8020,0x00000000e4500000)
  to   space 5120K, 0% used [0x00000000e4500000,0x00000000e4500000,0x00000000e4a00000)
 ParOldGen       total 86016K, used 5159K [0x00000000a0000000, 0x00000000a5400000, 0x00000000e0000000)
  object space 86016K, 5% used [0x00000000a0000000,0x00000000a0509f20,0x00000000a5400000)
 Metaspace       used 15528K, capacity 15864K, committed 16000K, reserved 1062912K
  class space    used 2207K, capacity 2358K, committed 2432K, reserved 1048576K
}

Deoptimization events (10 events):
Event: 4.830 Thread 0x000000001878c000 Uncommon trap: reason=unstable_if action=reinterpret pc=0x0000000002c63f30 method=java.util.concurrent.ConcurrentHashMap.putVal(Ljava/lang/Object;Ljava/lang/Object;Z)Ljava/lang/Object; @ 206
Event: 5.139 Thread 0x0000000018740000 Uncommon trap: reason=bimorphic action=maybe_recompile pc=0x0000000002b25580 method=java.util.HashMap.putVal(ILjava/lang/Object;Ljava/lang/Object;ZZ)Ljava/lang/Object; @ 253
Event: 5.140 Thread 0x0000000018740000 Uncommon trap: reason=bimorphic action=maybe_recompile pc=0x0000000002b25580 method=java.util.HashMap.putVal(ILjava/lang/Object;Ljava/lang/Object;ZZ)Ljava/lang/Object; @ 253
Event: 5.140 Thread 0x0000000018740000 Uncommon trap: reason=bimorphic action=maybe_recompile pc=0x0000000002b25580 method=java.util.HashMap.putVal(ILjava/lang/Object;Ljava/lang/Object;ZZ)Ljava/lang/Object; @ 253
Event: 5.140 Thread 0x0000000018740000 Uncommon trap: reason=bimorphic action=maybe_recompile pc=0x0000000002b25580 method=java.util.HashMap.putVal(ILjava/lang/Object;Ljava/lang/Object;ZZ)Ljava/lang/Object; @ 253
Event: 5.509 Thread 0x0000000018740000 Uncommon trap: reason=class_check action=maybe_recompile pc=0x0000000002b84258 method=java.util.regex.Matcher.match(II)Z @ 86
Event: 5.537 Thread 0x0000000018740000 Uncommon trap: reason=class_check action=maybe_recompile pc=0x0000000002b84258 method=java.util.regex.Matcher.match(II)Z @ 86
Event: 5.538 Thread 0x0000000018740000 Uncommon trap: reason=class_check action=maybe_recompile pc=0x0000000002b84258 method=java.util.regex.Matcher.match(II)Z @ 86
Event: 5.538 Thread 0x0000000018740000 Uncommon trap: reason=class_check action=maybe_recompile pc=0x0000000002b3f05c method=java.util.regex.Matcher.match(II)Z @ 86
Event: 7.101 Thread 0x0000000018740000 Uncommon trap: reason=unstable_if action=reinterpret pc=0x0000000002c5c0b4 method=java.lang.String.lastIndexOf([CII[CIII)I @ 66

Classes redefined (0 events):
No events

Internal exceptions (10 events):
Event: 4.835 Thread 0x000000001878c000 Exception <a 'java/lang/NoSuchMethodError': <clinit>> (0x00000000e0c485c0) thrown at [D:\src\AOSP-openjdk-cygwin\jdk8u\hotspot\src\share\vm\prims\jni.cpp, line 1614]
Event: 4.838 Thread 0x000000001878c000 Exception <a 'java/lang/NoSuchMethodError': <clinit>> (0x00000000e0c5d3d8) thrown at [D:\src\AOSP-openjdk-cygwin\jdk8u\hotspot\src\share\vm\prims\jni.cpp, line 1614]
Event: 4.842 Thread 0x000000001878c000 Exception <a 'java/lang/NoSuchMethodError': <clinit>> (0x00000000e0c70598) thrown at [D:\src\AOSP-openjdk-cygwin\jdk8u\hotspot\src\share\vm\prims\jni.cpp, line 1614]
Event: 4.847 Thread 0x000000001878c000 Exception <a 'java/lang/NoSuchMethodError': <clinit>> (0x00000000e0c97928) thrown at [D:\src\AOSP-openjdk-cygwin\jdk8u\hotspot\src\share\vm\prims\jni.cpp, line 1614]
Event: 4.852 Thread 0x000000001878c000 Exception <a 'java/lang/NoSuchMethodError': <clinit>> (0x00000000e0caf940) thrown at [D:\src\AOSP-openjdk-cygwin\jdk8u\hotspot\src\share\vm\prims\jni.cpp, line 1614]
Event: 4.867 Thread 0x000000001878c000 Exception <a 'java/lang/NoSuchMethodError': <clinit>> (0x00000000e0cb85d0) thrown at [D:\src\AOSP-openjdk-cygwin\jdk8u\hotspot\src\share\vm\prims\jni.cpp, line 1614]
Event: 4.894 Thread 0x000000001878c000 Exception <a 'java/lang/NoSuchMethodError': <clinit>> (0x00000000e0cceb60) thrown at [D:\src\AOSP-openjdk-cygwin\jdk8u\hotspot\src\share\vm\prims\jni.cpp, line 1614]
Event: 4.909 Thread 0x000000001878c000 Exception <a 'java/lang/NoSuchMethodError': <clinit>> (0x00000000e0d2f228) thrown at [D:\src\AOSP-openjdk-cygwin\jdk8u\hotspot\src\share\vm\prims\jni.cpp, line 1614]
Event: 4.931 Thread 0x000000001878c000 Exception <a 'java/lang/NoSuchMethodError': <clinit>> (0x00000000e0d5bf60) thrown at [D:\src\AOSP-openjdk-cygwin\jdk8u\hotspot\src\share\vm\prims\jni.cpp, line 1614]
Event: 4.935 Thread 0x000000001878c000 Exception <a 'java/lang/NoSuchMethodError': <clinit>> (0x00000000e0d78da0) thrown at [D:\src\AOSP-openjdk-cygwin\jdk8u\hotspot\src\share\vm\prims\jni.cpp, line 1614]

Events (10 events):
Event: 7.490 loading class org/objectweb/asm/FieldWriter
Event: 7.490 loading class org/objectweb/asm/FieldWriter done
Event: 7.491 loading class org/objectweb/asm/ClassTooLargeException
Event: 7.491 loading class org/objectweb/asm/ClassTooLargeException done
Event: 7.492 loading class org/objectweb/asm/SymbolTable
Event: 7.492 loading class org/objectweb/asm/SymbolTable done
Event: 7.493 loading class org/objectweb/asm/Symbol
Event: 7.493 loading class org/objectweb/asm/Symbol done
Event: 7.493 loading class org/objectweb/asm/SymbolTable$Entry
Event: 7.493 loading class org/objectweb/asm/SymbolTable$Entry done


Dynamic libraries:
0x00007ff784910000 - 0x00007ff784941000 	C:\Program Files\Android\Android Studio\jre\bin\java.exe
0x00007ffd6fbc0000 - 0x00007ffd6fdb0000 	C:\WINDOWS\SYSTEM32\ntdll.dll
0x00007ffd6edf0000 - 0x00007ffd6eea2000 	C:\WINDOWS\System32\KERNEL32.DLL
0x00007ffd6d9c0000 - 0x00007ffd6dc63000 	C:\WINDOWS\System32\KERNELBASE.dll
0x00007ffd6e4c0000 - 0x00007ffd6e563000 	C:\WINDOWS\System32\ADVAPI32.dll
0x00007ffd6f5d0000 - 0x00007ffd6f66e000 	C:\WINDOWS\System32\msvcrt.dll
0x00007ffd6f340000 - 0x00007ffd6f3d7000 	C:\WINDOWS\System32\sechost.dll
0x00007ffd6ec60000 - 0x00007ffd6ed80000 	C:\WINDOWS\System32\RPCRT4.dll
0x00007ffd6f700000 - 0x00007ffd6f894000 	C:\WINDOWS\System32\USER32.dll
0x00007ffd6cda0000 - 0x00007ffd6cdc1000 	C:\WINDOWS\System32\win32u.dll
0x00007ffd6f6d0000 - 0x00007ffd6f6f6000 	C:\WINDOWS\System32\GDI32.dll
0x00007ffd6ceb0000 - 0x00007ffd6d044000 	C:\WINDOWS\System32\gdi32full.dll
0x00007ffd6d920000 - 0x00007ffd6d9be000 	C:\WINDOWS\System32\msvcp_win.dll
0x00007ffd6cb50000 - 0x00007ffd6cc4a000 	C:\WINDOWS\System32\ucrtbase.dll
0x00007ffd5b0e0000 - 0x00007ffd5b365000 	C:\WINDOWS\WinSxS\amd64_microsoft.windows.common-controls_6595b64144ccf1df_6.0.18362.592_none_e6c0b1911312be02\COMCTL32.dll
0x00007ffd6ef80000 - 0x00007ffd6f2b6000 	C:\WINDOWS\System32\combase.dll
0x00007ffd6d8a0000 - 0x00007ffd6d920000 	C:\WINDOWS\System32\bcryptPrimitives.dll
0x00007ffd6fb30000 - 0x00007ffd6fb5e000 	C:\WINDOWS\System32\IMM32.DLL
0x00000000770b0000 - 0x0000000077182000 	C:\Program Files\Android\Android Studio\jre\jre\bin\msvcr100.dll
0x00000000765f0000 - 0x0000000076e36000 	C:\Program Files\Android\Android Studio\jre\jre\bin\server\jvm.dll
0x00007ffd6e240000 - 0x00007ffd6e248000 	C:\WINDOWS\System32\PSAPI.DLL
0x00007ffd67d40000 - 0x00007ffd67d64000 	C:\WINDOWS\SYSTEM32\WINMM.dll
0x00007ffd418d0000 - 0x00007ffd418d9000 	C:\WINDOWS\SYSTEM32\WSOCK32.dll
0x00007ffd65940000 - 0x00007ffd6594a000 	C:\WINDOWS\SYSTEM32\VERSION.dll
0x00007ffd6ed80000 - 0x00007ffd6edef000 	C:\WINDOWS\System32\WS2_32.dll
0x00007ffd67d10000 - 0x00007ffd67d3d000 	C:\WINDOWS\SYSTEM32\WINMMBASE.dll
0x00007ffd6d050000 - 0x00007ffd6d09a000 	C:\WINDOWS\System32\cfgmgr32.dll
0x00007ffd6a1a0000 - 0x00007ffd6a1af000 	C:\Program Files\Android\Android Studio\jre\jre\bin\verify.dll
0x00007ffd69990000 - 0x00007ffd699b9000 	C:\Program Files\Android\Android Studio\jre\jre\bin\java.dll
0x00007ffd68620000 - 0x00007ffd68636000 	C:\Program Files\Android\Android Studio\jre\jre\bin\zip.dll
0x00007ffd6e570000 - 0x00007ffd6ec55000 	C:\WINDOWS\System32\SHELL32.dll
0x00007ffd6f520000 - 0x00007ffd6f5c9000 	C:\WINDOWS\System32\shcore.dll
0x00007ffd6d100000 - 0x00007ffd6d87f000 	C:\WINDOWS\System32\windows.storage.dll
0x00007ffd6cac0000 - 0x00007ffd6cadf000 	C:\WINDOWS\System32\profapi.dll
0x00007ffd6cb00000 - 0x00007ffd6cb4a000 	C:\WINDOWS\System32\powrprof.dll
0x00007ffd6ca90000 - 0x00007ffd6caa0000 	C:\WINDOWS\System32\UMPDC.dll
0x00007ffd6fad0000 - 0x00007ffd6fb22000 	C:\WINDOWS\System32\shlwapi.dll
0x00007ffd6caa0000 - 0x00007ffd6cab1000 	C:\WINDOWS\System32\kernel.appcore.dll
0x00007ffd6d880000 - 0x00007ffd6d897000 	C:\WINDOWS\System32\cryptsp.dll
0x00007ffd67f60000 - 0x00007ffd67f7a000 	C:\Program Files\Android\Android Studio\jre\jre\bin\net.dll
0x00007ffd6c300000 - 0x00007ffd6c367000 	C:\WINDOWS\system32\mswsock.dll
0x00007ffd66d60000 - 0x00007ffd66d71000 	C:\Program Files\Android\Android Studio\jre\jre\bin\nio.dll
0x00007ffd563d0000 - 0x00007ffd563f6000 	C:\Users\hp\.gradle\native\29\windows-amd64\native-platform.dll
0x00007ffd67f50000 - 0x00007ffd67f5d000 	C:\Program Files\Android\Android Studio\jre\jre\bin\management.dll
0x00007ffd6be70000 - 0x00007ffd6bea3000 	C:\WINDOWS\system32\rsaenh.dll
0x00007ffd6ce80000 - 0x00007ffd6cea6000 	C:\WINDOWS\System32\bcrypt.dll
0x00007ffd6c9b0000 - 0x00007ffd6c9d5000 	C:\WINDOWS\SYSTEM32\USERENV.dll
0x00007ffd6c4d0000 - 0x00007ffd6c4dc000 	C:\WINDOWS\SYSTEM32\CRYPTBASE.dll
0x00007ffd6c010000 - 0x00007ffd6c04a000 	C:\WINDOWS\SYSTEM32\IPHLPAPI.DLL
0x00007ffd6e4b0000 - 0x00007ffd6e4b8000 	C:\WINDOWS\System32\NSI.dll
0x00007ffd65190000 - 0x00007ffd651a6000 	C:\WINDOWS\SYSTEM32\dhcpcsvc6.DLL
0x00007ffd651d0000 - 0x00007ffd651ec000 	C:\WINDOWS\SYSTEM32\dhcpcsvc.DLL
0x00007ffd6c050000 - 0x00007ffd6c11a000 	C:\WINDOWS\SYSTEM32\DNSAPI.dll

VM Arguments:
jvm_args: -Xmx1536m -Dfile.encoding=windows-1252 -Duser.country=IN -Duser.language=en -Duser.variant 
java_command: org.gradle.launcher.daemon.bootstrap.GradleDaemon 5.4.1
java_class_path (initial): C:\Users\hp\.gradle\wrapper\dists\gradle-5.4.1-all\3221gyojl5jsh0helicew7rwx\gradle-5.4.1\lib\gradle-launcher-5.4.1.jar
Launcher Type: SUN_STANDARD

Environment Variables:
PATH=C:\Program Files (x86)\Intel\Intel(R) Management Engine Components\iCLS\;C:\Program Files\Intel\Intel(R) Management Engine Components\iCLS\;C:\windows\system32;C:\windows;C:\windows\System32\Wbem;C:\windows\System32\WindowsPowerShell\v1.0\;C:\windows\System32\OpenSSH\;C:\Program Files (x86)\Intel\Intel(R) Management Engine Components\DAL;C:\Program Files\Intel\Intel(R) Management Engine Components\DAL;C:\Program Files (x86)\Intel\Intel(R) Management Engine Components\IPT;C:\Program Files\Intel\Intel(R) Management Engine Components\IPT;C:\Program Files (x86)\NVIDIA Corporation\PhysX\Common;C:\Program Files\Java\jdk-11.0.1\bin;C:\Program Files\Java\jre1.8.0_191\bin;C:\Program Files\NVIDIA Corporation\NVIDIA NvDLISR;C:\cygwin64\bin;C:\Program Files (x86)\Microsoft SQL Server\100\Tools\Binn\;C:\Program Files\Microsoft SQL Server\100\Tools\Binn\;C:\Program Files\Microsoft SQL Server\100\DTS\Binn\;C:\Program Files\PuTTY\;C:\Program Files\Git\cmd;C:\WINDOWS\system32;C:\WINDOWS;C:\WINDOWS\System32\Wbem;C:\WINDOWS\System32\WindowsPowerShell\v1.0\;C:\WINDOWS\System32\OpenSSH\;C:\Users\hp\AppData\Local\Programs\Python\Python37\Scripts\;C:\Users\hp\AppData\Local\Programs\Python\Python37\;C:\Users\hp\AppData\Local\Microsoft\WindowsApps;C:\Users\hp\AppData\Local\Programs\Microsoft VS Code\bin;C:\Users\hp\AppData\Local\atom\bin;C:\Users\hp\AppData\Local\Programs\MiKTeX 2.9\miktex\bin\x64\;%USERPROFILE%\AppData\Local\Microsoft\WindowsApps;
USERNAME=hp
OS=Windows_NT
PROCESSOR_IDENTIFIER=Intel64 Family 6 Model 158 Stepping 10, GenuineIntel



---------------  S Y S T E M  ---------------

OS: Windows 10.0 , 64 bit Build 18362 (10.0.18362.329)

CPU:total 8 (initial active 8) (4 cores per cpu, 2 threads per core) family 6 model 158 stepping 10, cmov, cx8, fxsr, mmx, sse, sse2, sse3, ssse3, sse4.1, sse4.2, popcnt, avx, avx2, aes, clmul, erms, 3dnowpref, lzcnt, ht, tsc, tscinvbit, bmi1, bmi2, adx

Memory: 4k page, physical 8192424k(898924k free), swap 23660068k(5936k free)

vm_info: OpenJDK 64-Bit Server VM (25.202-b03) for windows-amd64 JRE (1.8.0_202-release-1483-b03), built by "builder" with MS VC++ 10.0 (VS2010)

time: Thu Jan 30 23:17:48 2020
timezone: India Standard Time
elapsed time: 7 seconds (0d 0h 0m 7s)

