#
# There is insufficient memory for the Java Runtime Environment to continue.
# Native memory allocation (malloc) failed to allocate 32784 bytes for Chunk::new
# Possible reasons:
#   The system is out of physical RAM or swap space
#   The process is running with CompressedOops enabled, and the Java Heap may be blocking the growth of the native heap
# Possible solutions:
#   Reduce memory load on the system
#   Increase physical memory or swap space
#   Check if swap backing store is full
#   Decrease Java heap size (-Xmx/-Xms)
#   Decrease number of Java threads
#   Decrease Java thread stack sizes (-Xss)
#   Set larger code cache with -XX:ReservedCodeCacheSize=
#   JVM is running with Unscaled Compressed Oops mode in which the Java heap is
#     placed in the first 4GB address space. The Java Heap base address is the
#     maximum limit for the native heap growth. Please use -XX:HeapBaseMinAddress
#     to set the Java Heap base and to place the Java Heap above 4GB virtual address.
# This output file may be truncated or incomplete.
#
#  Out of Memory Error (allocation.cpp:389), pid=14764, tid=0x00000000000021a0
#
# JRE version: OpenJDK Runtime Environment (8.0_202-b03) (build 1.8.0_202-release-1483-b03)
# Java VM: OpenJDK 64-Bit Server VM (25.202-b03 mixed mode windows-amd64 compressed oops)
# Failed to write core dump. Minidumps are not enabled by default on client versions of Windows
#

---------------  T H R E A D  ---------------

Current thread (0x0000000018d02000):  JavaThread "C2 CompilerThread2" daemon [_thread_in_native, id=8608, stack(0x00000000197d0000,0x00000000198d0000)]

Stack: [0x00000000197d0000,0x00000000198d0000]
[error occurred during error reporting (printing stack bounds), id 0xc0000005]

Native frames: (J=compiled Java code, j=interpreted, Vv=VM code, C=native code)


Current CompileTask:
C2:  14367 10399       4       com.android.tools.r8.ir.conversion.N::traceInstruction (259 bytes)


---------------  P R O C E S S  ---------------

Java Threads: ( => current thread )
  0x00000000222b3800 JavaThread "WorkerExecutor Queue Thread 2" [_thread_in_native, id=16168, stack(0x00000000272a0000,0x00000000273a0000)]
  0x00000000222b0800 JavaThread "WorkerExecutor Queue" [_thread_in_native, id=16692, stack(0x0000000027400000,0x0000000027500000)]
  0x00000000222ae800 JavaThread "Cache worker for execution history cache (C:\Users\hp\AndroidStudioProjects\MyApplication\FirstTry\.gradle\5.4.1\executionHistory)" [_thread_blocked, id=8556, stack(0x0000000026710000,0x0000000026810000)]
  0x00000000222ad000 JavaThread "Execution worker for ':' Thread 7" [_thread_blocked, id=16364, stack(0x0000000026da0000,0x0000000026ea0000)]
  0x00000000222a7800 JavaThread "Execution worker for ':' Thread 6" [_thread_blocked, id=1096, stack(0x0000000026ca0000,0x0000000026da0000)]
  0x00000000222aa800 JavaThread "Execution worker for ':' Thread 5" [_thread_blocked, id=8252, stack(0x0000000026ba0000,0x0000000026ca0000)]
  0x00000000222aa000 JavaThread "Execution worker for ':' Thread 4" [_thread_blocked, id=5644, stack(0x0000000026aa0000,0x0000000026ba0000)]
  0x00000000222a5000 JavaThread "Execution worker for ':' Thread 3" [_thread_blocked, id=5656, stack(0x00000000269a0000,0x0000000026aa0000)]
  0x00000000222ac000 JavaThread "Execution worker for ':' Thread 2" [_thread_blocked, id=2960, stack(0x00000000268a0000,0x00000000269a0000)]
  0x00000000222a9000 JavaThread "Execution worker for ':'" [_thread_in_Java, id=11560, stack(0x00000000252d0000,0x00000000253d0000)]
  0x000000001d035800 JavaThread "Cache worker for file content cache (C:\Users\hp\AndroidStudioProjects\MyApplication\FirstTry\.gradle\5.4.1\fileContent)" [_thread_blocked, id=836, stack(0x0000000024fd0000,0x00000000250d0000)]
  0x000000001d02e000 JavaThread "Cache worker for file content cache (C:\Users\hp\.gradle\caches\5.4.1\fileContent)" [_thread_blocked, id=13216, stack(0x00000000242e0000,0x00000000243e0000)]
  0x000000001d033800 JavaThread "Memory manager" [_thread_blocked, id=8856, stack(0x0000000024cb0000,0x0000000024db0000)]
  0x000000001d031000 JavaThread "Cache worker for Build Output Cleanup Cache (C:\Users\hp\AndroidStudioProjects\MyApplication\FirstTry\.gradle\buildOutputCleanup)" [_thread_blocked, id=9568, stack(0x00000000239a0000,0x0000000023aa0000)]
  0x000000001d026800 JavaThread "Build operations Thread 8" [_thread_blocked, id=15964, stack(0x00000000238a0000,0x00000000239a0000)]
  0x000000001d02c000 JavaThread "Build operations Thread 7" [_thread_blocked, id=6548, stack(0x00000000237a0000,0x00000000238a0000)]
  0x000000001d029800 JavaThread "Build operations Thread 6" [_thread_blocked, id=6824, stack(0x00000000236a0000,0x00000000237a0000)]
  0x000000001d02c800 JavaThread "Build operations Thread 5" [_thread_blocked, id=8732, stack(0x00000000235a0000,0x00000000236a0000)]
  0x000000001d029000 JavaThread "Build operations Thread 4" [_thread_blocked, id=15984, stack(0x00000000234a0000,0x00000000235a0000)]
  0x000000001d02d800 JavaThread "Build operations Thread 3" [_thread_blocked, id=11400, stack(0x00000000233a0000,0x00000000234a0000)]
  0x000000001d028000 JavaThread "Build operations Thread 2" [_thread_blocked, id=11496, stack(0x00000000232a0000,0x00000000233a0000)]
  0x000000001d027800 JavaThread "Build operations" [_thread_blocked, id=16440, stack(0x0000000022d80000,0x0000000022e80000)]
  0x000000001d02b000 JavaThread "Cache worker for execution history cache (C:\Users\hp\.gradle\caches\5.4.1\executionHistory)" [_thread_blocked, id=14940, stack(0x0000000022c80000,0x0000000022d80000)]
  0x000000001d02a800 JavaThread "Cache worker for cache directory md-rule (C:\Users\hp\.gradle\caches\5.4.1\md-rule)" [_thread_blocked, id=9480, stack(0x0000000021640000,0x0000000021740000)]
  0x000000001a838000 JavaThread "Cache worker for cache directory md-supplier (C:\Users\hp\.gradle\caches\5.4.1\md-supplier)" [_thread_blocked, id=15996, stack(0x0000000020090000,0x0000000020190000)]
  0x000000001a839800 JavaThread "Cache worker for file hash cache (C:\Users\hp\AndroidStudioProjects\MyApplication\FirstTry\.gradle\5.4.1\fileHashes)" [_thread_blocked, id=5376, stack(0x000000001edc0000,0x000000001eec0000)]
  0x000000001a832800 JavaThread "Cache worker for journal cache (C:\Users\hp\.gradle\caches\journal-1)" [_thread_blocked, id=8604, stack(0x000000001c920000,0x000000001ca20000)]
  0x000000001a834000 JavaThread "File lock request listener" [_thread_in_native, id=1760, stack(0x000000001c820000,0x000000001c920000)]
  0x000000001ad7b000 JavaThread "Cache worker for file hash cache (C:\Users\hp\.gradle\caches\5.4.1\fileHashes)" [_thread_blocked, id=9664, stack(0x000000001c720000,0x000000001c820000)]
  0x0000000019c1d000 JavaThread "Thread-9" [_thread_blocked, id=16392, stack(0x000000001c620000,0x000000001c720000)]
  0x0000000019c1c000 JavaThread "Stdin handler" [_thread_blocked, id=2812, stack(0x000000001c520000,0x000000001c620000)]
  0x0000000019c1b800 JavaThread "Asynchronous log dispatcher for DefaultDaemonConnection: socket connection from /127.0.0.1:50986 to /127.0.0.1:50987" [_thread_blocked, id=8132, stack(0x000000001c320000,0x000000001c420000)]
  0x0000000019c19000 JavaThread "Daemon worker" [_thread_in_Java, id=11016, stack(0x000000001c220000,0x000000001c320000)]
  0x000000001ad23000 JavaThread "Cancel handler" [_thread_blocked, id=12364, stack(0x000000001c120000,0x000000001c220000)]
  0x0000000019c39800 JavaThread "Handler for socket connection from /127.0.0.1:50986 to /127.0.0.1:50987" [_thread_in_native, id=4576, stack(0x000000001be20000,0x000000001bf20000)]
  0x0000000019e42000 JavaThread "Daemon" [_thread_blocked, id=2448, stack(0x000000001bd20000,0x000000001be20000)]
  0x0000000019dba800 JavaThread "Daemon periodic checks" [_thread_blocked, id=16016, stack(0x000000001bc20000,0x000000001bd20000)]
  0x0000000019db8800 JavaThread "Incoming local TCP Connector on port 50986" [_thread_in_native, id=772, stack(0x000000001b9e0000,0x000000001bae0000)]
  0x000000001b133800 JavaThread "Daemon health stats" [_thread_blocked, id=13332, stack(0x000000001b3a0000,0x000000001b4a0000)]
  0x0000000018d8e800 JavaThread "Service Thread" daemon [_thread_blocked, id=4172, stack(0x00000000199d0000,0x0000000019ad0000)]
  0x0000000018d04000 JavaThread "C1 CompilerThread3" daemon [_thread_blocked, id=5264, stack(0x00000000198d0000,0x00000000199d0000)]
=>0x0000000018d02000 JavaThread "C2 CompilerThread2" daemon [_thread_in_native, id=8608, stack(0x00000000197d0000,0x00000000198d0000)]
  0x0000000018cff000 JavaThread "C2 CompilerThread1" daemon [_thread_in_native, id=16660, stack(0x00000000196d0000,0x00000000197d0000)]
  0x0000000018cfb800 JavaThread "C2 CompilerThread0" daemon [_thread_in_native, id=9460, stack(0x00000000195d0000,0x00000000196d0000)]
  0x0000000018d06800 JavaThread "Attach Listener" daemon [_thread_blocked, id=10684, stack(0x00000000194d0000,0x00000000195d0000)]
  0x0000000018d05800 JavaThread "Signal Dispatcher" daemon [_thread_blocked, id=7020, stack(0x00000000193d0000,0x00000000194d0000)]
  0x000000000314c800 JavaThread "Finalizer" daemon [_thread_blocked, id=4604, stack(0x00000000191d0000,0x00000000192d0000)]
  0x0000000018cf0800 JavaThread "Reference Handler" daemon [_thread_blocked, id=13528, stack(0x00000000190d0000,0x00000000191d0000)]
  0x0000000002f3e000 JavaThread "main" [_thread_blocked, id=1016, stack(0x0000000002f50000,0x0000000003050000)]

Other Threads:
  0x0000000016f08000 VMThread [stack: 0x0000000018bd0000,0x0000000018cd0000] [id=3684]
  0x0000000018d8f000 WatcherThread [stack: 0x0000000019ad0000,0x0000000019bd0000] [id=12588]

VM state:not at safepoint (normal execution)

VM Mutex/Monitor currently owned by a thread: None

heap address: 0x00000000a0000000, size: 1536 MB, Compressed Oops mode: 32-bit
Narrow klass base: 0x0000000000000000, Narrow klass shift: 3
Compressed class space size: 1073741824 Address: 0x0000000100000000

Heap:
 PSYoungGen      total 204800K, used 96206K [0x00000000e0000000, 0x00000000eff80000, 0x0000000100000000)
  eden space 184320K, 44% used [0x00000000e0000000,0x00000000e50b03c0,0x00000000eb400000)
  from space 20480K, 66% used [0x00000000eeb80000,0x00000000ef8c36c8,0x00000000eff80000)
  to   space 18944K, 0% used [0x00000000eb400000,0x00000000eb400000,0x00000000ec680000)
 ParOldGen       total 125952K, used 76198K [0x00000000a0000000, 0x00000000a7b00000, 0x00000000e0000000)
  object space 125952K, 60% used [0x00000000a0000000,0x00000000a4a69930,0x00000000a7b00000)
 Metaspace       used 69410K, capacity 71764K, committed 72216K, reserved 1112064K
  class space    used 9378K, capacity 9888K, committed 10024K, reserved 1048576K

Card table byte_map: [0x0000000012510000,0x0000000012820000] byte_map_base: 0x0000000012010000

Marking Bits: (ParMarkBitMap*) 0x0000000076db9f30
 Begin Bits: [0x0000000013220000, 0x0000000014a20000)
 End Bits:   [0x0000000014a20000, 0x0000000016220000)

Polling page: 0x00000000011e0000

CodeCache: size=245760Kb used=31848Kb max_used=31848Kb free=213911Kb
 bounds [0x0000000003150000, 0x0000000005090000, 0x0000000012150000]
 total_blobs=10164 nmethods=9351 adapters=724
 compilation: enabled

Compilation events (10 events):
Event: 14.348 Thread 0x0000000018d04000 10483       1       com.android.tools.r8.ir.code.CheckCast::G1 (4 bytes)
Event: 14.348 Thread 0x0000000018d04000 nmethod 10483 0x0000000005089490 code [0x00000000050895e0, 0x00000000050896f0]
Event: 14.348 Thread 0x0000000018d04000 10484       1       com.android.tools.r8.ir.code.CheckCast::F1 (4 bytes)
Event: 14.348 Thread 0x0000000018d04000 nmethod 10484 0x0000000005089750 code [0x00000000050898a0, 0x00000000050899b0]
Event: 14.348 Thread 0x0000000018d04000 10499       1       com.android.tools.r8.ir.code.Instruction::isInvokeStatic (2 bytes)
Event: 14.348 Thread 0x0000000018d04000 nmethod 10499 0x0000000005089a10 code [0x0000000005089b60, 0x0000000005089c70]
Event: 14.348 Thread 0x0000000018d04000 10581       1       com.android.tools.r8.ir.code.N::i1 (2 bytes)
Event: 14.348 Thread 0x0000000018d04000 nmethod 10581 0x0000000005089cd0 code [0x0000000005089e20, 0x0000000005089f30]
Event: 14.348 Thread 0x0000000018d04000 10582       1       com.android.tools.r8.ir.code.Throw::F1 (4 bytes)
Event: 14.348 Thread 0x0000000018d04000 nmethod 10582 0x0000000005089f90 code [0x000000000508a0e0, 0x000000000508a1f0]

GC Heap History (10 events):
Event: 11.213 GC heap before
{Heap before GC invocations=16 (full 3):
 PSYoungGen      total 203264K, used 184320K [0x00000000e0000000, 0x00000000ede00000, 0x0000000100000000)
  eden space 184320K, 100% used [0x00000000e0000000,0x00000000eb400000,0x00000000eb400000)
  from space 18944K, 0% used [0x00000000ec680000,0x00000000ec680000,0x00000000ed900000)
  to   space 18944K, 0% used [0x00000000eb400000,0x00000000eb400000,0x00000000ec680000)
 ParOldGen       total 125952K, used 32546K [0x00000000a0000000, 0x00000000a7b00000, 0x00000000e0000000)
  object space 125952K, 25% used [0x00000000a0000000,0x00000000a1fc8960,0x00000000a7b00000)
 Metaspace       used 60673K, capacity 62850K, committed 63000K, reserved 1103872K
  class space    used 8245K, capacity 8743K, committed 8744K, reserved 1048576K
Event: 11.237 GC heap after
Heap after GC invocations=16 (full 3):
 PSYoungGen      total 203264K, used 15067K [0x00000000e0000000, 0x00000000eff80000, 0x0000000100000000)
  eden space 184320K, 0% used [0x00000000e0000000,0x00000000e0000000,0x00000000eb400000)
  from space 18944K, 79% used [0x00000000eb400000,0x00000000ec2b6f58,0x00000000ec680000)
  to   space 20480K, 0% used [0x00000000eeb80000,0x00000000eeb80000,0x00000000eff80000)
 ParOldGen       total 125952K, used 32554K [0x00000000a0000000, 0x00000000a7b00000, 0x00000000e0000000)
  object space 125952K, 25% used [0x00000000a0000000,0x00000000a1fca960,0x00000000a7b00000)
 Metaspace       used 60673K, capacity 62850K, committed 63000K, reserved 1103872K
  class space    used 8245K, capacity 8743K, committed 8744K, reserved 1048576K
}
Event: 12.522 GC heap before
{Heap before GC invocations=17 (full 3):
 PSYoungGen      total 203264K, used 199387K [0x00000000e0000000, 0x00000000eff80000, 0x0000000100000000)
  eden space 184320K, 100% used [0x00000000e0000000,0x00000000eb400000,0x00000000eb400000)
  from space 18944K, 79% used [0x00000000eb400000,0x00000000ec2b6f58,0x00000000ec680000)
  to   space 20480K, 0% used [0x00000000eeb80000,0x00000000eeb80000,0x00000000eff80000)
 ParOldGen       total 125952K, used 32554K [0x00000000a0000000, 0x00000000a7b00000, 0x00000000e0000000)
  object space 125952K, 25% used [0x00000000a0000000,0x00000000a1fca960,0x00000000a7b00000)
 Metaspace       used 64292K, capacity 66828K, committed 67224K, reserved 1107968K
  class space    used 8724K, capacity 9264K, committed 9384K, reserved 1048576K
Event: 12.575 GC heap after
Heap after GC invocations=17 (full 3):
 PSYoungGen      total 204800K, used 20459K [0x00000000e0000000, 0x00000000eff80000, 0x0000000100000000)
  eden space 184320K, 0% used [0x00000000e0000000,0x00000000e0000000,0x00000000eb400000)
  from space 20480K, 99% used [0x00000000eeb80000,0x00000000eff7ac98,0x00000000eff80000)
  to   space 18944K, 0% used [0x00000000eb400000,0x00000000eb400000,0x00000000ec680000)
 ParOldGen       total 125952K, used 49331K [0x00000000a0000000, 0x00000000a7b00000, 0x00000000e0000000)
  object space 125952K, 39% used [0x00000000a0000000,0x00000000a302cc28,0x00000000a7b00000)
 Metaspace       used 64292K, capacity 66828K, committed 67224K, reserved 1107968K
  class space    used 8724K, capacity 9264K, committed 9384K, reserved 1048576K
}
Event: 12.861 GC heap before
{Heap before GC invocations=18 (full 3):
 PSYoungGen      total 204800K, used 91753K [0x00000000e0000000, 0x00000000eff80000, 0x0000000100000000)
  eden space 184320K, 38% used [0x00000000e0000000,0x00000000e459faa0,0x00000000eb400000)
  from space 20480K, 99% used [0x00000000eeb80000,0x00000000eff7ac98,0x00000000eff80000)
  to   space 18944K, 0% used [0x00000000eb400000,0x00000000eb400000,0x00000000ec680000)
 ParOldGen       total 125952K, used 49331K [0x00000000a0000000, 0x00000000a7b00000, 0x00000000e0000000)
  object space 125952K, 39% used [0x00000000a0000000,0x00000000a302cc28,0x00000000a7b00000)
 Metaspace       used 65845K, capacity 68324K, committed 68376K, reserved 1112064K
  class space    used 8967K, capacity 9502K, committed 9512K, reserved 1048576K
Event: 12.889 GC heap after
Heap after GC invocations=18 (full 3):
 PSYoungGen      total 203264K, used 18923K [0x00000000e0000000, 0x00000000eff80000, 0x0000000100000000)
  eden space 184320K, 0% used [0x00000000e0000000,0x00000000e0000000,0x00000000eb400000)
  from space 18944K, 99% used [0x00000000eb400000,0x00000000ec67aeb0,0x00000000ec680000)
  to   space 20480K, 0% used [0x00000000eeb80000,0x00000000eeb80000,0x00000000eff80000)
 ParOldGen       total 125952K, used 63962K [0x00000000a0000000, 0x00000000a7b00000, 0x00000000e0000000)
  object space 125952K, 50% used [0x00000000a0000000,0x00000000a3e76950,0x00000000a7b00000)
 Metaspace       used 65845K, capacity 68324K, committed 68376K, reserved 1112064K
  class space    used 8967K, capacity 9502K, committed 9512K, reserved 1048576K
}
Event: 12.889 GC heap before
{Heap before GC invocations=19 (full 4):
 PSYoungGen      total 203264K, used 18923K [0x00000000e0000000, 0x00000000eff80000, 0x0000000100000000)
  eden space 184320K, 0% used [0x00000000e0000000,0x00000000e0000000,0x00000000eb400000)
  from space 18944K, 99% used [0x00000000eb400000,0x00000000ec67aeb0,0x00000000ec680000)
  to   space 20480K, 0% used [0x00000000eeb80000,0x00000000eeb80000,0x00000000eff80000)
 ParOldGen       total 125952K, used 63962K [0x00000000a0000000, 0x00000000a7b00000, 0x00000000e0000000)
  object space 125952K, 50% used [0x00000000a0000000,0x00000000a3e76950,0x00000000a7b00000)
 Metaspace       used 65845K, capacity 68324K, committed 68376K, reserved 1112064K
  class space    used 8967K, capacity 9502K, committed 9512K, reserved 1048576K
Event: 13.060 GC heap after
Heap after GC invocations=19 (full 4):
 PSYoungGen      total 203264K, used 0K [0x00000000e0000000, 0x00000000eff80000, 0x0000000100000000)
  eden space 184320K, 0% used [0x00000000e0000000,0x00000000e0000000,0x00000000eb400000)
  from space 18944K, 0% used [0x00000000eb400000,0x00000000eb400000,0x00000000ec680000)
  to   space 20480K, 0% used [0x00000000eeb80000,0x00000000eeb80000,0x00000000eff80000)
 ParOldGen       total 125952K, used 76190K [0x00000000a0000000, 0x00000000a7b00000, 0x00000000e0000000)
  object space 125952K, 60% used [0x00000000a0000000,0x00000000a4a67930,0x00000000a7b00000)
 Metaspace       used 65600K, capacity 67624K, committed 68376K, reserved 1110016K
  class space    used 8890K, capacity 9366K, committed 9512K, reserved 1048576K
}
Event: 14.036 GC heap before
{Heap before GC invocations=20 (full 4):
 PSYoungGen      total 203264K, used 184320K [0x00000000e0000000, 0x00000000eff80000, 0x0000000100000000)
  eden space 184320K, 100% used [0x00000000e0000000,0x00000000eb400000,0x00000000eb400000)
  from space 18944K, 0% used [0x00000000eb400000,0x00000000eb400000,0x00000000ec680000)
  to   space 20480K, 0% used [0x00000000eeb80000,0x00000000eeb80000,0x00000000eff80000)
 ParOldGen       total 125952K, used 76190K [0x00000000a0000000, 0x00000000a7b00000, 0x00000000e0000000)
  object space 125952K, 60% used [0x00000000a0000000,0x00000000a4a67930,0x00000000a7b00000)
 Metaspace       used 69351K, capacity 71672K, committed 72216K, reserved 1112064K
  class space    used 9378K, capacity 9888K, committed 10024K, reserved 1048576K
Event: 14.070 GC heap after
Heap after GC invocations=20 (full 4):
 PSYoungGen      total 204800K, used 13581K [0x00000000e0000000, 0x00000000eff80000, 0x0000000100000000)
  eden space 184320K, 0% used [0x00000000e0000000,0x00000000e0000000,0x00000000eb400000)
  from space 20480K, 66% used [0x00000000eeb80000,0x00000000ef8c36c8,0x00000000eff80000)
  to   space 18944K, 0% used [0x00000000eb400000,0x00000000eb400000,0x00000000ec680000)
 ParOldGen       total 125952K, used 76198K [0x00000000a0000000, 0x00000000a7b00000, 0x00000000e0000000)
  object space 125952K, 60% used [0x00000000a0000000,0x00000000a4a69930,0x00000000a7b00000)
 Metaspace       used 69351K, capacity 71672K, committed 72216K, reserved 1112064K
  class space    used 9378K, capacity 9888K, committed 10024K, reserved 1048576K
}

Deoptimization events (10 events):
Event: 13.607 Thread 0x00000000222a9000 Uncommon trap: reason=unstable_if action=reinterpret pc=0x00000000042e6714 method=java.util.Collections$SetFromMap.add(Ljava/lang/Object;)Z @ 13
Event: 13.654 Thread 0x0000000019c19000 Uncommon trap: reason=bimorphic action=maybe_recompile pc=0x0000000004b264a4 method=com.android.tools.r8.ir.code.ValueType.a(Lcom/android/tools/r8/ir/analysis/type/TypeLatticeElement;)Lcom/android/tools/r8/ir/code/ValueType; @ 23
Event: 13.664 Thread 0x00000000222a9000 Uncommon trap: reason=unstable_if action=reinterpret pc=0x000000000496d988 method=java.util.concurrent.ConcurrentHashMap.computeIfAbsent(Ljava/lang/Object;Ljava/util/function/Function;)Ljava/lang/Object; @ 281
Event: 13.715 Thread 0x0000000019c19000 Uncommon trap: reason=unstable_if action=reinterpret pc=0x0000000003aab190 method=java.util.HashMap.getNode(ILjava/lang/Object;)Ljava/util/HashMap$Node; @ 84
Event: 13.715 Thread 0x0000000019c19000 Uncommon trap: reason=unstable_if action=reinterpret pc=0x00000000039cbe2c method=java.util.HashMap.getNode(ILjava/lang/Object;)Ljava/util/HashMap$Node; @ 84
Event: 14.001 Thread 0x00000000222ad000 Uncommon trap: reason=class_check action=maybe_recompile pc=0x0000000004e780d0 method=com.android.tools.r8.ir.analysis.g.e.b(Lcom/android/tools/r8/ir/code/Instruction;)V @ 139
Event: 14.001 Thread 0x00000000222ad000 Uncommon trap: reason=class_check action=maybe_recompile pc=0x0000000004e780d0 method=com.android.tools.r8.ir.analysis.g.e.b(Lcom/android/tools/r8/ir/code/Instruction;)V @ 139
Event: 14.014 Thread 0x00000000222ad000 Uncommon trap: reason=class_check action=maybe_recompile pc=0x0000000004e780d0 method=com.android.tools.r8.ir.analysis.g.e.b(Lcom/android/tools/r8/ir/code/Instruction;)V @ 139
Event: 14.014 Thread 0x00000000222ad000 Uncommon trap: reason=class_check action=maybe_recompile pc=0x0000000004e780d0 method=com.android.tools.r8.ir.analysis.g.e.b(Lcom/android/tools/r8/ir/code/Instruction;)V @ 139
Event: 14.344 Thread 0x00000000222ad000 Uncommon trap: reason=unstable_if action=reinterpret pc=0x0000000004c67b44 method=com.android.tools.r8.ir.conversion.V.b(Lcom/android/tools/r8/t/a/a/B;)Z @ 11

Classes redefined (0 events):
No events

Internal exceptions (10 events):
Event: 12.093 Thread 0x00000000222b0800 Implicit null exception at 0x00000000044de0a3 to 0x00000000044de8d9
Event: 12.094 Thread 0x00000000222b0800 Implicit null exception at 0x0000000004465c00 to 0x0000000004465eec
Event: 12.267 Thread 0x00000000222a9000 Exception <a 'sun/nio/fs/WindowsException'> (0x00000000e7b26128) thrown at [D:\src\AOSP-openjdk-cygwin\jdk8u\hotspot\src\share\vm\prims\jni.cpp, line 710]
Event: 12.283 Thread 0x00000000222ad000 Exception <a 'sun/nio/fs/WindowsException'> (0x00000000e8871798) thrown at [D:\src\AOSP-openjdk-cygwin\jdk8u\hotspot\src\share\vm\prims\jni.cpp, line 710]
Event: 12.352 Thread 0x00000000222ad000 Exception <a 'java/lang/NoSuchMethodError': java.lang.Object.lambda$identity$2(Ljava/lang/Object;)Ljava/lang/Object;> (0x00000000e923fb10) thrown at [D:\src\AOSP-openjdk-cygwin\jdk8u\hotspot\src\share\vm\interpreter\linkResolver.cpp, line 620]
Event: 12.352 Thread 0x00000000222a9000 Exception <a 'java/lang/NoSuchMethodError': java.lang.Object.lambda$identity$2(Ljava/lang/Object;)Ljava/lang/Object;> (0x00000000e91629d8) thrown at [D:\src\AOSP-openjdk-cygwin\jdk8u\hotspot\src\share\vm\interpreter\linkResolver.cpp, line 620]
Event: 12.417 Thread 0x0000000019c19000 Exception <a 'sun/nio/fs/WindowsException'> (0x00000000ea033248) thrown at [D:\src\AOSP-openjdk-cygwin\jdk8u\hotspot\src\share\vm\prims\jni.cpp, line 710]
Event: 13.155 Thread 0x00000000222ad000 Exception <a 'java/lang/NoSuchMethodError': java.lang.Object.lambda$maxBy$1(Ljava/util/Comparator;Ljava/lang/Object;Ljava/lang/Object;)Ljava/lang/Object;> (0x00000000e0d6b308) thrown at [D:\src\AOSP-openjdk-cygwin\jdk8u\hotspot\src\share\vm\interpreter\li
Event: 13.155 Thread 0x0000000019c19000 Exception <a 'java/lang/NoSuchMethodError': java.lang.Object.lambda$maxBy$1(Ljava/util/Comparator;Ljava/lang/Object;Ljava/lang/Object;)Ljava/lang/Object;> (0x00000000e03d7a90) thrown at [D:\src\AOSP-openjdk-cygwin\jdk8u\hotspot\src\share\vm\interpreter\li
Event: 13.284 Thread 0x0000000019c19000 Implicit null exception at 0x0000000003b3502f to 0x0000000003b350cd

Events (10 events):
Event: 14.167 Thread 0x00000000222ad000 DEOPT UNPACKING pc=0x00000000031975d0 sp=0x0000000026e9aed8 mode 0
Event: 14.232 Thread 0x00000000222ad000 DEOPT PACKING pc=0x0000000004e0d7cc sp=0x0000000026e9b1d0
Event: 14.232 Thread 0x00000000222ad000 DEOPT UNPACKING pc=0x00000000031975d0 sp=0x0000000026e9aef8 mode 0
Event: 14.329 Thread 0x00000000222ad000 DEOPT PACKING pc=0x00000000049f3125 sp=0x0000000026e9a680
Event: 14.329 Thread 0x00000000222ad000 DEOPT UNPACKING pc=0x00000000031975d0 sp=0x0000000026e9a418 mode 0
Event: 14.343 Executing VM operation: ForceSafepoint
Event: 14.343 Executing VM operation: ForceSafepoint done
Event: 14.344 Thread 0x00000000222ad000 Uncommon trap: trap_request=0xffffff65 fr.pc=0x0000000004c67b44
Event: 14.344 Thread 0x00000000222ad000 DEOPT PACKING pc=0x0000000004c67b44 sp=0x0000000026e9af70
Event: 14.344 Thread 0x00000000222ad000 DEOPT UNPACKING pc=0x000000000319557b sp=0x0000000026e9ae40 mode 2


Dynamic libraries:
0x00007ff784910000 - 0x00007ff784941000 	C:\Program Files\Android\Android Studio\jre\bin\java.exe
0x00007ffd6fbc0000 - 0x00007ffd6fdb0000 	C:\WINDOWS\SYSTEM32\ntdll.dll
0x00007ffd6edf0000 - 0x00007ffd6eea2000 	C:\WINDOWS\System32\KERNEL32.DLL
0x00007ffd6d9c0000 - 0x00007ffd6dc63000 	C:\WINDOWS\System32\KERNELBASE.dll
0x00007ffd6e4c0000 - 0x00007ffd6e563000 	C:\WINDOWS\System32\ADVAPI32.dll
0x00007ffd6f5d0000 - 0x00007ffd6f66e000 	C:\WINDOWS\System32\msvcrt.dll
0x00007ffd6f340000 - 0x00007ffd6f3d7000 	C:\WINDOWS\System32\sechost.dll
0x00007ffd6ec60000 - 0x00007ffd6ed80000 	C:\WINDOWS\System32\RPCRT4.dll
0x00007ffd6f700000 - 0x00007ffd6f894000 	C:\WINDOWS\System32\USER32.dll
0x00007ffd6cda0000 - 0x00007ffd6cdc1000 	C:\WINDOWS\System32\win32u.dll
0x00007ffd6f6d0000 - 0x00007ffd6f6f6000 	C:\WINDOWS\System32\GDI32.dll
0x00007ffd6ceb0000 - 0x00007ffd6d044000 	C:\WINDOWS\System32\gdi32full.dll
0x00007ffd6d920000 - 0x00007ffd6d9be000 	C:\WINDOWS\System32\msvcp_win.dll
0x00007ffd6cb50000 - 0x00007ffd6cc4a000 	C:\WINDOWS\System32\ucrtbase.dll
0x00007ffd5b0e0000 - 0x00007ffd5b365000 	C:\WINDOWS\WinSxS\amd64_microsoft.windows.common-controls_6595b64144ccf1df_6.0.18362.592_none_e6c0b1911312be02\COMCTL32.dll
0x00007ffd6ef80000 - 0x00007ffd6f2b6000 	C:\WINDOWS\System32\combase.dll
0x00007ffd6d8a0000 - 0x00007ffd6d920000 	C:\WINDOWS\System32\bcryptPrimitives.dll
0x00007ffd6fb30000 - 0x00007ffd6fb5e000 	C:\WINDOWS\System32\IMM32.DLL
0x00000000770b0000 - 0x0000000077182000 	C:\Program Files\Android\Android Studio\jre\jre\bin\msvcr100.dll
0x00000000765f0000 - 0x0000000076e36000 	C:\Program Files\Android\Android Studio\jre\jre\bin\server\jvm.dll
0x00007ffd6e240000 - 0x00007ffd6e248000 	C:\WINDOWS\System32\PSAPI.DLL
0x00007ffd67d40000 - 0x00007ffd67d64000 	C:\WINDOWS\SYSTEM32\WINMM.dll
0x00007ffd65940000 - 0x00007ffd6594a000 	C:\WINDOWS\SYSTEM32\VERSION.dll
0x00007ffd418d0000 - 0x00007ffd418d9000 	C:\WINDOWS\SYSTEM32\WSOCK32.dll
0x00007ffd6ed80000 - 0x00007ffd6edef000 	C:\WINDOWS\System32\WS2_32.dll
0x00007ffd67d10000 - 0x00007ffd67d3d000 	C:\WINDOWS\SYSTEM32\winmmbase.dll
0x00007ffd6d050000 - 0x00007ffd6d09a000 	C:\WINDOWS\System32\cfgmgr32.dll
0x00007ffd6a1a0000 - 0x00007ffd6a1af000 	C:\Program Files\Android\Android Studio\jre\jre\bin\verify.dll
0x00007ffd69990000 - 0x00007ffd699b9000 	C:\Program Files\Android\Android Studio\jre\jre\bin\java.dll
0x00007ffd68620000 - 0x00007ffd68636000 	C:\Program Files\Android\Android Studio\jre\jre\bin\zip.dll
0x00007ffd6e570000 - 0x00007ffd6ec55000 	C:\WINDOWS\System32\SHELL32.dll
0x00007ffd6f520000 - 0x00007ffd6f5c9000 	C:\WINDOWS\System32\shcore.dll
0x00007ffd6d100000 - 0x00007ffd6d87f000 	C:\WINDOWS\System32\windows.storage.dll
0x00007ffd6cac0000 - 0x00007ffd6cadf000 	C:\WINDOWS\System32\profapi.dll
0x00007ffd6cb00000 - 0x00007ffd6cb4a000 	C:\WINDOWS\System32\powrprof.dll
0x00007ffd6ca90000 - 0x00007ffd6caa0000 	C:\WINDOWS\System32\UMPDC.dll
0x00007ffd6fad0000 - 0x00007ffd6fb22000 	C:\WINDOWS\System32\shlwapi.dll
0x00007ffd6caa0000 - 0x00007ffd6cab1000 	C:\WINDOWS\System32\kernel.appcore.dll
0x00007ffd6d880000 - 0x00007ffd6d897000 	C:\WINDOWS\System32\cryptsp.dll
0x00007ffd67f60000 - 0x00007ffd67f7a000 	C:\Program Files\Android\Android Studio\jre\jre\bin\net.dll
0x00007ffd6c300000 - 0x00007ffd6c367000 	C:\WINDOWS\system32\mswsock.dll
0x00007ffd66d60000 - 0x00007ffd66d71000 	C:\Program Files\Android\Android Studio\jre\jre\bin\nio.dll
0x00007ffd563d0000 - 0x00007ffd563f6000 	C:\Users\hp\.gradle\native\29\windows-amd64\native-platform.dll
0x00007ffd67f50000 - 0x00007ffd67f5d000 	C:\Program Files\Android\Android Studio\jre\jre\bin\management.dll
0x00007ffd6be70000 - 0x00007ffd6bea3000 	C:\WINDOWS\system32\rsaenh.dll
0x00007ffd6ce80000 - 0x00007ffd6cea6000 	C:\WINDOWS\System32\bcrypt.dll
0x00007ffd6c9b0000 - 0x00007ffd6c9d5000 	C:\WINDOWS\SYSTEM32\USERENV.dll
0x00007ffd6c4d0000 - 0x00007ffd6c4dc000 	C:\WINDOWS\SYSTEM32\CRYPTBASE.dll
0x00007ffd6c010000 - 0x00007ffd6c04a000 	C:\WINDOWS\SYSTEM32\IPHLPAPI.DLL
0x00007ffd6e4b0000 - 0x00007ffd6e4b8000 	C:\WINDOWS\System32\NSI.dll
0x00007ffd65190000 - 0x00007ffd651a6000 	C:\WINDOWS\SYSTEM32\dhcpcsvc6.DLL
0x00007ffd651d0000 - 0x00007ffd651ec000 	C:\WINDOWS\SYSTEM32\dhcpcsvc.DLL
0x00007ffd6c050000 - 0x00007ffd6c11a000 	C:\WINDOWS\SYSTEM32\DNSAPI.dll

VM Arguments:
jvm_args: -Xmx1536m -Dfile.encoding=windows-1252 -Duser.country=IN -Duser.language=en -Duser.variant 
java_command: org.gradle.launcher.daemon.bootstrap.GradleDaemon 5.4.1
java_class_path (initial): C:\Users\hp\.gradle\wrapper\dists\gradle-5.4.1-all\3221gyojl5jsh0helicew7rwx\gradle-5.4.1\lib\gradle-launcher-5.4.1.jar
Launcher Type: SUN_STANDARD

Environment Variables:
PATH=C:\Program Files (x86)\Intel\Intel(R) Management Engine Components\iCLS\;C:\Program Files\Intel\Intel(R) Management Engine Components\iCLS\;C:\windows\system32;C:\windows;C:\windows\System32\Wbem;C:\windows\System32\WindowsPowerShell\v1.0\;C:\windows\System32\OpenSSH\;C:\Program Files (x86)\Intel\Intel(R) Management Engine Components\DAL;C:\Program Files\Intel\Intel(R) Management Engine Components\DAL;C:\Program Files (x86)\Intel\Intel(R) Management Engine Components\IPT;C:\Program Files\Intel\Intel(R) Management Engine Components\IPT;C:\Program Files (x86)\NVIDIA Corporation\PhysX\Common;C:\Program Files\Java\jdk-11.0.1\bin;C:\Program Files\Java\jre1.8.0_191\bin;C:\Program Files\NVIDIA Corporation\NVIDIA NvDLISR;C:\cygwin64\bin;C:\Program Files (x86)\Microsoft SQL Server\100\Tools\Binn\;C:\Program Files\Microsoft SQL Server\100\Tools\Binn\;C:\Program Files\Microsoft SQL Server\100\DTS\Binn\;C:\Program Files\PuTTY\;C:\Program Files\Git\cmd;C:\WINDOWS\system32;C:\WINDOWS;C:\WINDOWS\System32\Wbem;C:\WINDOWS\System32\WindowsPowerShell\v1.0\;C:\WINDOWS\System32\OpenSSH\;C:\Users\hp\AppData\Local\Programs\Python\Python37\Scripts\;C:\Users\hp\AppData\Local\Programs\Python\Python37\;C:\Users\hp\AppData\Local\Microsoft\WindowsApps;C:\Users\hp\AppData\Local\Programs\Microsoft VS Code\bin;C:\Users\hp\AppData\Local\atom\bin;C:\Users\hp\AppData\Local\Programs\MiKTeX 2.9\miktex\bin\x64\;%USERPROFILE%\AppData\Local\Microsoft\WindowsApps;
USERNAME=hp
OS=Windows_NT
PROCESSOR_IDENTIFIER=Intel64 Family 6 Model 158 Stepping 10, GenuineIntel



---------------  S Y S T E M  ---------------

OS: Windows 10.0 , 64 bit Build 18362 (10.0.18362.329)

CPU:total 8 (initial active 8) (4 cores per cpu, 2 threads per core) family 6 model 158 stepping 10, cmov, cx8, fxsr, mmx, sse, sse2, sse3, ssse3, sse4.1, sse4.2, popcnt, avx, avx2, aes, clmul, erms, 3dnowpref, lzcnt, ht, tsc, tscinvbit, bmi1, bmi2, adx

Memory: 4k page, physical 8192424k(833464k free), swap 23660068k(4244k free)

vm_info: OpenJDK 64-Bit Server VM (25.202-b03) for windows-amd64 JRE (1.8.0_202-release-1483-b03), built by "builder" with MS VC++ 10.0 (VS2010)

time: Thu Jan 30 23:22:13 2020
timezone: India Standard Time
elapsed time: 14 seconds (0d 0h 0m 14s)

