#
# There is insufficient memory for the Java Runtime Environment to continue.
# Native memory allocation (malloc) failed to allocate 1049136 bytes for Chunk::new
# Possible reasons:
#   The system is out of physical RAM or swap space
#   The process is running with CompressedOops enabled, and the Java Heap may be blocking the growth of the native heap
# Possible solutions:
#   Reduce memory load on the system
#   Increase physical memory or swap space
#   Check if swap backing store is full
#   Decrease Java heap size (-Xmx/-Xms)
#   Decrease number of Java threads
#   Decrease Java thread stack sizes (-Xss)
#   Set larger code cache with -XX:ReservedCodeCacheSize=
#   JVM is running with Unscaled Compressed Oops mode in which the Java heap is
#     placed in the first 4GB address space. The Java Heap base address is the
#     maximum limit for the native heap growth. Please use -XX:HeapBaseMinAddress
#     to set the Java Heap base and to place the Java Heap above 4GB virtual address.
# This output file may be truncated or incomplete.
#
#  Out of Memory Error (allocation.cpp:389), pid=9552, tid=0x0000000000001fb4
#
# JRE version: OpenJDK Runtime Environment (8.0_202-b03) (build 1.8.0_202-release-1483-b03)
# Java VM: OpenJDK 64-Bit Server VM (25.202-b03 mixed mode windows-amd64 compressed oops)
# Failed to write core dump. Minidumps are not enabled by default on client versions of Windows
#

---------------  T H R E A D  ---------------

Current thread (0x00000000188cd800):  JavaThread "C2 CompilerThread2" daemon [_thread_in_native, id=8116, stack(0x00000000193a0000,0x00000000194a0000)]

Stack: [0x00000000193a0000,0x00000000194a0000]
[error occurred during error reporting (printing stack bounds), id 0xc0000005]

Native frames: (J=compiled Java code, j=interpreted, Vv=VM code, C=native code)


Current CompileTask:
C2:  36837 13423       4       com.android.tools.r8.graph.DexValue$j::a (14 bytes)


---------------  P R O C E S S  ---------------

Java Threads: ( => current thread )
  0x000000001d931000 JavaThread "ForkJoinPool-3-worker-0" daemon [_thread_blocked, id=2812, stack(0x000000002ada0000,0x000000002aea0000)]
  0x000000001d92e800 JavaThread "ForkJoinPool-3-worker-7" daemon [_thread_blocked, id=16196, stack(0x000000002aca0000,0x000000002ada0000)]
  0x000000001d935800 JavaThread "ForkJoinPool-3-worker-6" daemon [_thread_blocked, id=1564, stack(0x000000002aba0000,0x000000002aca0000)]
  0x000000001d930000 JavaThread "ForkJoinPool-3-worker-5" daemon [_thread_blocked, id=3592, stack(0x000000002aaa0000,0x000000002aba0000)]
  0x000000001d931800 JavaThread "ForkJoinPool-3-worker-4" daemon [_thread_blocked, id=10772, stack(0x000000002a9a0000,0x000000002aaa0000)]
  0x000000001d934800 JavaThread "ForkJoinPool-3-worker-3" daemon [_thread_blocked, id=2220, stack(0x000000002a8a0000,0x000000002a9a0000)]
  0x000000001d933000 JavaThread "ForkJoinPool-3-worker-2" daemon [_thread_blocked, id=13252, stack(0x000000002a7a0000,0x000000002a8a0000)]
  0x000000001d92f800 JavaThread "ForkJoinPool-3-worker-1" daemon [_thread_blocked, id=6060, stack(0x000000002a6a0000,0x000000002a7a0000)]
  0x000000001d92c800 JavaThread "WorkerExecutor Queue Thread 6" [_thread_blocked, id=11312, stack(0x0000000029120000,0x0000000029220000)]
  0x000000001d92b000 JavaThread "WorkerExecutor Queue Thread 5" [_thread_in_Java, id=16444, stack(0x0000000028d20000,0x0000000028e20000)]
  0x000000001d92b800 JavaThread "WorkerExecutor Queue Thread 4" [_thread_blocked, id=8140, stack(0x0000000029450000,0x0000000029550000)]
  0x0000000020ce9800 JavaThread "WorkerExecutor Queue Thread 3" [_thread_blocked, id=8504, stack(0x0000000029350000,0x0000000029450000)]
  0x000000001a027800 JavaThread "WorkerExecutor Queue Thread 2" [_thread_blocked, id=16788, stack(0x0000000029250000,0x0000000029350000)]
  0x000000001a026800 JavaThread "WorkerExecutor Queue" [_thread_blocked, id=5596, stack(0x0000000029020000,0x0000000029120000)]
  0x000000001cef2800 JavaThread "Cache worker for Java compile cache (C:\Users\hp\AndroidStudioProjects\MyApplication\FirstTry\.gradle\5.4.1\javaCompile)" [_thread_blocked, id=11932, stack(0x0000000028620000,0x0000000028720000)]
  0x000000001cef8800 JavaThread "Cache worker for Java compile cache (C:\Users\hp\.gradle\caches\5.4.1\javaCompile)" [_thread_blocked, id=1828, stack(0x0000000027780000,0x0000000027880000)]
  0x000000001cef4000 JavaThread "Cache worker for execution history cache (C:\Users\hp\AndroidStudioProjects\MyApplication\FirstTry\.gradle\5.4.1\executionHistory)" [_thread_blocked, id=16724, stack(0x0000000001020000,0x0000000001120000)]
  0x000000001ceeb000 JavaThread "Execution worker for ':' Thread 7" [_thread_blocked, id=14952, stack(0x0000000028320000,0x0000000028420000)]
  0x000000001ceef000 JavaThread "Execution worker for ':' Thread 6" [_thread_blocked, id=2960, stack(0x0000000028220000,0x0000000028320000)]
  0x000000001cef2000 JavaThread "Execution worker for ':' Thread 5" [_thread_blocked, id=11468, stack(0x0000000028120000,0x0000000028220000)]
  0x000000001ceec800 JavaThread "Execution worker for ':' Thread 4" [_thread_blocked, id=10276, stack(0x0000000027e20000,0x0000000027f20000)]
  0x000000001ceee000 JavaThread "Execution worker for ':' Thread 3" [_thread_blocked, id=2700, stack(0x0000000027d20000,0x0000000027e20000)]
  0x000000001ceea800 JavaThread "Execution worker for ':' Thread 2" [_thread_blocked, id=5932, stack(0x0000000027990000,0x0000000027a90000)]
  0x000000001cef1000 JavaThread "Execution worker for ':'" [_thread_blocked, id=4208, stack(0x0000000027890000,0x0000000027990000)]
  0x000000001cee9800 JavaThread "Cache worker for file content cache (C:\Users\hp\AndroidStudioProjects\MyApplication\FirstTry\.gradle\5.4.1\fileContent)" [_thread_blocked, id=15132, stack(0x0000000027680000,0x0000000027780000)]
  0x0000000020cf2000 JavaThread "Cache worker for file content cache (C:\Users\hp\.gradle\caches\5.4.1\fileContent)" [_thread_blocked, id=8732, stack(0x0000000027580000,0x0000000027680000)]
  0x0000000020cf1000 JavaThread "Cache worker for Build Output Cleanup Cache (C:\Users\hp\AndroidStudioProjects\MyApplication\FirstTry\.gradle\buildOutputCleanup)" [_thread_blocked, id=9880, stack(0x0000000027480000,0x0000000027580000)]
  0x0000000020cef800 JavaThread "Build operations Thread 8" [_thread_blocked, id=4916, stack(0x0000000026350000,0x0000000026450000)]
  0x0000000020cf0800 JavaThread "Build operations Thread 7" [_thread_blocked, id=14896, stack(0x0000000023920000,0x0000000023a20000)]
  0x0000000020cef000 JavaThread "Build operations Thread 6" [_thread_blocked, id=3548, stack(0x0000000023420000,0x0000000023520000)]
  0x0000000020cf3800 JavaThread "Build operations Thread 5" [_thread_blocked, id=12376, stack(0x0000000023320000,0x0000000023420000)]
  0x0000000020cf4000 JavaThread "Build operations Thread 4" [_thread_blocked, id=5000, stack(0x0000000023220000,0x0000000023320000)]
  0x0000000020cf2800 JavaThread "Build operations Thread 3" [_thread_blocked, id=8584, stack(0x0000000023120000,0x0000000023220000)]
  0x0000000020ce7800 JavaThread "Build operations Thread 2" [_thread_blocked, id=10144, stack(0x0000000023020000,0x0000000023120000)]
  0x0000000020cee000 JavaThread "Build operations" [_thread_blocked, id=280, stack(0x0000000022f20000,0x0000000023020000)]
  0x0000000020ce6800 JavaThread "Cache worker for cache directory md-rule (C:\Users\hp\.gradle\caches\5.4.1\md-rule)" [_thread_blocked, id=14936, stack(0x0000000022e20000,0x0000000022f20000)]
  0x0000000020ced800 JavaThread "Cache worker for cache directory md-supplier (C:\Users\hp\.gradle\caches\5.4.1\md-supplier)" [_thread_blocked, id=772, stack(0x0000000021ab0000,0x0000000021bb0000)]
  0x0000000020ce5000 JavaThread "Cache worker for file hash cache (C:\Users\hp\AndroidStudioProjects\MyApplication\FirstTry\.gradle\5.4.1\fileHashes)" [_thread_blocked, id=12696, stack(0x00000000219b0000,0x0000000021ab0000)]
  0x0000000020ceb000 JavaThread "Thread-38" [_thread_blocked, id=1276, stack(0x0000000020ea0000,0x0000000020fa0000)]
  0x0000000020cea800 JavaThread "Stdin handler" [_thread_blocked, id=16400, stack(0x000000001e990000,0x000000001ea90000)]
  0x0000000020ce6000 JavaThread "Asynchronous log dispatcher for DefaultDaemonConnection: socket connection from /127.0.0.1:50671 to /127.0.0.1:50689" [_thread_blocked, id=13892, stack(0x000000001bef0000,0x000000001bff0000)]
  0x0000000020ce8000 JavaThread "Cancel handler" [_thread_blocked, id=10504, stack(0x000000001bcf0000,0x000000001bdf0000)]
  0x0000000020cec000 JavaThread "Handler for socket connection from /127.0.0.1:50671 to /127.0.0.1:50689" [_thread_in_native, id=3852, stack(0x000000001b9f0000,0x000000001baf0000)]
  0x000000001cef5000 JavaThread "Memory manager" [_thread_blocked, id=8284, stack(0x0000000023a20000,0x0000000023b20000)]
  0x000000001ceef800 JavaThread "Cache worker for execution history cache (C:\Users\hp\.gradle\caches\5.4.1\executionHistory)" [_thread_blocked, id=9212, stack(0x0000000020fa0000,0x00000000210a0000)]
  0x000000001a029800 JavaThread "Cache worker for journal cache (C:\Users\hp\.gradle\caches\journal-1)" [_thread_blocked, id=6080, stack(0x000000001d4c0000,0x000000001d5c0000)]
  0x000000001a025000 JavaThread "File lock request listener" [_thread_in_native, id=15752, stack(0x000000001d3c0000,0x000000001d4c0000)]
  0x000000001ab04800 JavaThread "Cache worker for file hash cache (C:\Users\hp\.gradle\caches\5.4.1\fileHashes)" [_thread_blocked, id=15944, stack(0x000000001d2c0000,0x000000001d3c0000)]
  0x0000000019a16800 JavaThread "Daemon worker" [_thread_blocked, id=14808, stack(0x000000001bdf0000,0x000000001bef0000)]
  0x00000000189b4800 JavaThread "Daemon" [_thread_blocked, id=8520, stack(0x000000001b8f0000,0x000000001b9f0000)]
  0x000000001985d000 JavaThread "Daemon periodic checks" [_thread_blocked, id=16460, stack(0x000000001b7f0000,0x000000001b8f0000)]
  0x000000001985b000 JavaThread "Incoming local TCP Connector on port 50671" [_thread_in_native, id=5724, stack(0x000000001b5b0000,0x000000001b6b0000)]
  0x000000001a826000 JavaThread "Daemon health stats" [_thread_blocked, id=6220, stack(0x000000001af70000,0x000000001b070000)]
  0x00000000188e3000 JavaThread "Service Thread" daemon [_thread_blocked, id=6992, stack(0x00000000195a0000,0x00000000196a0000)]
  0x00000000188d5000 JavaThread "C1 CompilerThread3" daemon [_thread_blocked, id=16492, stack(0x00000000194a0000,0x00000000195a0000)]
=>0x00000000188cd800 JavaThread "C2 CompilerThread2" daemon [_thread_in_native, id=8116, stack(0x00000000193a0000,0x00000000194a0000)]
  0x00000000188cc800 JavaThread "C2 CompilerThread1" daemon [_thread_blocked, id=9660, stack(0x00000000192a0000,0x00000000193a0000)]
  0x00000000188c9000 JavaThread "C2 CompilerThread0" daemon [_thread_in_native, id=15032, stack(0x00000000191a0000,0x00000000192a0000)]
  0x00000000188c8000 JavaThread "Attach Listener" daemon [_thread_blocked, id=2468, stack(0x00000000190a0000,0x00000000191a0000)]
  0x00000000188c7000 JavaThread "Signal Dispatcher" daemon [_thread_blocked, id=16240, stack(0x0000000018fa0000,0x00000000190a0000)]
  0x00000000188c1800 JavaThread "Finalizer" daemon [_thread_blocked, id=3620, stack(0x0000000018da0000,0x0000000018ea0000)]
  0x00000000188c0800 JavaThread "Reference Handler" daemon [_thread_blocked, id=4248, stack(0x0000000018ca0000,0x0000000018da0000)]
  0x00000000012ee000 JavaThread "main" [_thread_blocked, id=11824, stack(0x0000000002b20000,0x0000000002c20000)]

Other Threads:
  0x0000000016ad8000 VMThread [stack: 0x00000000187a0000,0x00000000188a0000] [id=8840]
  0x00000000188e4000 WatcherThread [stack: 0x00000000196a0000,0x00000000197a0000] [id=8604]

VM state:not at safepoint (normal execution)

VM Mutex/Monitor currently owned by a thread: None

heap address: 0x00000000a0000000, size: 1536 MB, Compressed Oops mode: 32-bit
Narrow klass base: 0x0000000000000000, Narrow klass shift: 3
Compressed class space size: 1073741824 Address: 0x0000000100000000

Heap:
 PSYoungGen      total 243712K, used 224185K [0x00000000e0000000, 0x00000000f4d80000, 0x0000000100000000)
  eden space 214528K, 90% used [0x00000000e0000000,0x00000000ebe6fc18,0x00000000ed180000)
  from space 29184K, 99% used [0x00000000ed180000,0x00000000eedfe8c8,0x00000000eee00000)
  to   space 49664K, 0% used [0x00000000f1d00000,0x00000000f1d00000,0x00000000f4d80000)
 ParOldGen       total 136704K, used 100785K [0x00000000a0000000, 0x00000000a8580000, 0x00000000e0000000)
  object space 136704K, 73% used [0x00000000a0000000,0x00000000a626c640,0x00000000a8580000)
 Metaspace       used 84006K, capacity 87856K, committed 88064K, reserved 1126400K
  class space    used 11241K, capacity 11956K, committed 12032K, reserved 1048576K

Card table byte_map: [0x00000000120e0000,0x00000000123f0000] byte_map_base: 0x0000000011be0000

Marking Bits: (ParMarkBitMap*) 0x0000000076d19f30
 Begin Bits: [0x0000000012df0000, 0x00000000145f0000)
 End Bits:   [0x00000000145f0000, 0x0000000015df0000)

Polling page: 0x0000000000d40000

CodeCache: size=245760Kb used=36239Kb max_used=36247Kb free=209520Kb
 bounds [0x0000000002d20000, 0x00000000050c0000, 0x0000000011d20000]
 total_blobs=12207 nmethods=11371 adapters=748
 compilation: enabled

Compilation events (10 events):
Event: 36.814 Thread 0x00000000188d5000 13465       1       com.android.tools.r8.code.ReturnWide::a (1 bytes)
Event: 36.814 Thread 0x00000000188d5000 nmethod 13465 0x00000000050adc10 code [0x00000000050add60, 0x00000000050ade70]
Event: 36.815 Thread 0x00000000188d5000 13466       1       com.android.tools.r8.code.B::a (1 bytes)
Event: 36.816 Thread 0x00000000188d5000 nmethod 13466 0x00000000050ac290 code [0x00000000050ac3e0, 0x00000000050ac4f0]
Event: 36.818 Thread 0x00000000188cc800 nmethod 13464 0x00000000050b72d0 code [0x00000000050b7480, 0x00000000050b7830]
Event: 36.826 Thread 0x00000000188d5000 13467       1       com.android.tools.r8.code.MonitorEnter::a (1 bytes)
Event: 36.826 Thread 0x00000000188d5000 nmethod 13467 0x00000000050b6290 code [0x00000000050b63e0, 0x00000000050b64f0]
Event: 36.827 Thread 0x00000000188cc800 13468       4       java.util.HashMap::resize (359 bytes)
Event: 36.832 Thread 0x00000000188d5000 13469       1       com.android.tools.r8.dex.VirtualFile::b (5 bytes)
Event: 36.832 Thread 0x00000000188d5000 nmethod 13469 0x00000000050b5fd0 code [0x00000000050b6120, 0x00000000050b6210]

GC Heap History (10 events):
Event: 12.972 GC heap before
{Heap before GC invocations=16 (full 3):
 PSYoungGen      total 181760K, used 165888K [0x00000000e0000000, 0x00000000ecf80000, 0x0000000100000000)
  eden space 165888K, 100% used [0x00000000e0000000,0x00000000ea200000,0x00000000ea200000)
  from space 15872K, 0% used [0x00000000eb280000,0x00000000eb280000,0x00000000ec200000)
  to   space 16896K, 0% used [0x00000000ea200000,0x00000000ea200000,0x00000000eb280000)
 ParOldGen       total 136704K, used 34831K [0x00000000a0000000, 0x00000000a8580000, 0x00000000e0000000)
  object space 136704K, 25% used [0x00000000a0000000,0x00000000a2203ca0,0x00000000a8580000)
 Metaspace       used 62460K, capacity 64774K, committed 64896K, reserved 1105920K
  class space    used 8552K, capacity 9057K, committed 9088K, reserved 1048576K
Event: 12.985 GC heap after
Heap after GC invocations=16 (full 3):
 PSYoungGen      total 182784K, used 12247K [0x00000000e0000000, 0x00000000edf00000, 0x0000000100000000)
  eden space 165888K, 0% used [0x00000000e0000000,0x00000000e0000000,0x00000000ea200000)
  from space 16896K, 72% used [0x00000000ea200000,0x00000000eadf5ce0,0x00000000eb280000)
  to   space 17408K, 0% used [0x00000000ece00000,0x00000000ece00000,0x00000000edf00000)
 ParOldGen       total 136704K, used 34839K [0x00000000a0000000, 0x00000000a8580000, 0x00000000e0000000)
  object space 136704K, 25% used [0x00000000a0000000,0x00000000a2205ca0,0x00000000a8580000)
 Metaspace       used 62460K, capacity 64774K, committed 64896K, reserved 1105920K
  class space    used 8552K, capacity 9057K, committed 9088K, reserved 1048576K
}
Event: 15.153 GC heap before
{Heap before GC invocations=17 (full 3):
 PSYoungGen      total 182784K, used 178135K [0x00000000e0000000, 0x00000000edf00000, 0x0000000100000000)
  eden space 165888K, 100% used [0x00000000e0000000,0x00000000ea200000,0x00000000ea200000)
  from space 16896K, 72% used [0x00000000ea200000,0x00000000eadf5ce0,0x00000000eb280000)
  to   space 17408K, 0% used [0x00000000ece00000,0x00000000ece00000,0x00000000edf00000)
 ParOldGen       total 136704K, used 34839K [0x00000000a0000000, 0x00000000a8580000, 0x00000000e0000000)
  object space 136704K, 25% used [0x00000000a0000000,0x00000000a2205ca0,0x00000000a8580000)
 Metaspace       used 66312K, capacity 69016K, committed 69248K, reserved 1110016K
  class space    used 9003K, capacity 9568K, committed 9600K, reserved 1048576K
Event: 15.188 GC heap after
Heap after GC invocations=17 (full 3):
 PSYoungGen      total 207872K, used 17381K [0x00000000e0000000, 0x00000000ee580000, 0x0000000100000000)
  eden space 190464K, 0% used [0x00000000e0000000,0x00000000e0000000,0x00000000eba00000)
  from space 17408K, 99% used [0x00000000ece00000,0x00000000edef9658,0x00000000edf00000)
  to   space 20480K, 0% used [0x00000000eba00000,0x00000000eba00000,0x00000000ece00000)
 ParOldGen       total 136704K, used 37590K [0x00000000a0000000, 0x00000000a8580000, 0x00000000e0000000)
  object space 136704K, 27% used [0x00000000a0000000,0x00000000a24b5b58,0x00000000a8580000)
 Metaspace       used 66312K, capacity 69016K, committed 69248K, reserved 1110016K
  class space    used 9003K, capacity 9568K, committed 9600K, reserved 1048576K
}
Event: 30.807 GC heap before
{Heap before GC invocations=18 (full 3):
 PSYoungGen      total 207872K, used 207845K [0x00000000e0000000, 0x00000000ee580000, 0x0000000100000000)
  eden space 190464K, 100% used [0x00000000e0000000,0x00000000eba00000,0x00000000eba00000)
  from space 17408K, 99% used [0x00000000ece00000,0x00000000edef9658,0x00000000edf00000)
  to   space 20480K, 0% used [0x00000000eba00000,0x00000000eba00000,0x00000000ece00000)
 ParOldGen       total 136704K, used 37590K [0x00000000a0000000, 0x00000000a8580000, 0x00000000e0000000)
  object space 136704K, 27% used [0x00000000a0000000,0x00000000a24b5b58,0x00000000a8580000)
 Metaspace       used 70390K, capacity 73280K, committed 73472K, reserved 1112064K
  class space    used 9322K, capacity 9932K, committed 9984K, reserved 1048576K
Event: 30.838 GC heap after
Heap after GC invocations=18 (full 3):
 PSYoungGen      total 210944K, used 20469K [0x00000000e0000000, 0x00000000f0780000, 0x0000000100000000)
  eden space 190464K, 0% used [0x00000000e0000000,0x00000000e0000000,0x00000000eba00000)
  from space 20480K, 99% used [0x00000000eba00000,0x00000000ecdfd638,0x00000000ece00000)
  to   space 26112K, 0% used [0x00000000eee00000,0x00000000eee00000,0x00000000f0780000)
 ParOldGen       total 136704K, used 45484K [0x00000000a0000000, 0x00000000a8580000, 0x00000000e0000000)
  object space 136704K, 33% used [0x00000000a0000000,0x00000000a2c6b208,0x00000000a8580000)
 Metaspace       used 70390K, capacity 73280K, committed 73472K, reserved 1112064K
  class space    used 9322K, capacity 9932K, committed 9984K, reserved 1048576K
}
Event: 33.397 GC heap before
{Heap before GC invocations=19 (full 3):
 PSYoungGen      total 210944K, used 210933K [0x00000000e0000000, 0x00000000f0780000, 0x0000000100000000)
  eden space 190464K, 100% used [0x00000000e0000000,0x00000000eba00000,0x00000000eba00000)
  from space 20480K, 99% used [0x00000000eba00000,0x00000000ecdfd638,0x00000000ece00000)
  to   space 26112K, 0% used [0x00000000eee00000,0x00000000eee00000,0x00000000f0780000)
 ParOldGen       total 136704K, used 45484K [0x00000000a0000000, 0x00000000a8580000, 0x00000000e0000000)
  object space 136704K, 33% used [0x00000000a0000000,0x00000000a2c6b208,0x00000000a8580000)
 Metaspace       used 76045K, capacity 78994K, committed 79232K, reserved 1118208K
  class space    used 10014K, capacity 10615K, committed 10624K, reserved 1048576K
Event: 33.447 GC heap after
Heap after GC invocations=19 (full 3):
 PSYoungGen      total 240640K, used 24475K [0x00000000e0000000, 0x00000000f1100000, 0x0000000100000000)
  eden space 214528K, 0% used [0x00000000e0000000,0x00000000e0000000,0x00000000ed180000)
  from space 26112K, 93% used [0x00000000eee00000,0x00000000f05e6db0,0x00000000f0780000)
  to   space 29184K, 0% used [0x00000000ed180000,0x00000000ed180000,0x00000000eee00000)
 ParOldGen       total 136704K, used 56826K [0x00000000a0000000, 0x00000000a8580000, 0x00000000e0000000)
  object space 136704K, 41% used [0x00000000a0000000,0x00000000a377e818,0x00000000a8580000)
 Metaspace       used 76045K, capacity 78994K, committed 79232K, reserved 1118208K
  class space    used 10014K, capacity 10615K, committed 10624K, reserved 1048576K
}
Event: 35.278 GC heap before
{Heap before GC invocations=20 (full 3):
 PSYoungGen      total 240640K, used 239003K [0x00000000e0000000, 0x00000000f1100000, 0x0000000100000000)
  eden space 214528K, 100% used [0x00000000e0000000,0x00000000ed180000,0x00000000ed180000)
  from space 26112K, 93% used [0x00000000eee00000,0x00000000f05e6db0,0x00000000f0780000)
  to   space 29184K, 0% used [0x00000000ed180000,0x00000000ed180000,0x00000000eee00000)
 ParOldGen       total 136704K, used 56826K [0x00000000a0000000, 0x00000000a8580000, 0x00000000e0000000)
  object space 136704K, 41% used [0x00000000a0000000,0x00000000a377e818,0x00000000a8580000)
 Metaspace       used 83474K, capacity 87328K, committed 87552K, reserved 1124352K
  class space    used 11227K, capacity 11952K, committed 12032K, reserved 1048576K
Event: 35.334 GC heap after
Heap after GC invocations=20 (full 3):
 PSYoungGen      total 243712K, used 29178K [0x00000000e0000000, 0x00000000f4d80000, 0x0000000100000000)
  eden space 214528K, 0% used [0x00000000e0000000,0x00000000e0000000,0x00000000ed180000)
  from space 29184K, 99% used [0x00000000ed180000,0x00000000eedfe8c8,0x00000000eee00000)
  to   space 49664K, 0% used [0x00000000f1d00000,0x00000000f1d00000,0x00000000f4d80000)
 ParOldGen       total 136704K, used 100785K [0x00000000a0000000, 0x00000000a8580000, 0x00000000e0000000)
  object space 136704K, 73% used [0x00000000a0000000,0x00000000a626c640,0x00000000a8580000)
 Metaspace       used 83474K, capacity 87328K, committed 87552K, reserved 1124352K
  class space    used 11227K, capacity 11952K, committed 12032K, reserved 1048576K
}

Deoptimization events (10 events):
Event: 36.172 Thread 0x000000001d92b000 Uncommon trap: reason=array_check action=maybe_recompile pc=0x0000000004f4b898 method=java.util.TimSort.binarySort([Ljava/lang/Object;IIILjava/util/Comparator;)V @ 183
Event: 36.246 Thread 0x000000001d92b000 Uncommon trap: reason=array_check action=maybe_recompile pc=0x0000000004fd68c8 method=java.util.TimSort.binarySort([Ljava/lang/Object;IIILjava/util/Comparator;)V @ 183
Event: 36.573 Thread 0x000000001d92b000 Uncommon trap: reason=unstable_if action=reinterpret pc=0x0000000005065f84 method=com.android.tools.r8.graph.DexCode.a(Lcom/android/tools/r8/dex/g;Lcom/android/tools/r8/graph/DexMethod;I)V @ 141
Event: 36.601 Thread 0x000000001d92b000 Uncommon trap: reason=unstable_if action=reinterpret pc=0x00000000041b5ef0 method=java.util.HashMap.putVal(ILjava/lang/Object;Ljava/lang/Object;ZZ)Ljava/lang/Object; @ 162
Event: 36.602 Thread 0x000000001d92b000 Uncommon trap: reason=unstable_if action=reinterpret pc=0x0000000003725d08 method=java.util.HashMap.getNode(ILjava/lang/Object;)Ljava/util/HashMap$Node; @ 84
Event: 36.602 Thread 0x000000001d92b000 Uncommon trap: reason=unstable_if action=reinterpret pc=0x00000000036f71d8 method=java.util.HashMap.getNode(ILjava/lang/Object;)Ljava/util/HashMap$Node; @ 84
Event: 36.604 Thread 0x000000001d92b000 Uncommon trap: reason=unstable_if action=reinterpret pc=0x00000000036e1f30 method=java.util.HashMap.getNode(ILjava/lang/Object;)Ljava/util/HashMap$Node; @ 84
Event: 36.604 Thread 0x000000001d92b000 Uncommon trap: reason=unstable_if action=reinterpret pc=0x00000000038aa348 method=java.util.HashMap.putVal(ILjava/lang/Object;Ljava/lang/Object;ZZ)Ljava/lang/Object; @ 109
Event: 36.627 Thread 0x000000001d92b000 Uncommon trap: reason=unstable_if action=reinterpret pc=0x0000000002ff93b4 method=java.util.HashMap.resize()[Ljava/util/HashMap$Node; @ 206
Event: 36.764 Thread 0x000000001d92b000 Uncommon trap: reason=unstable_if action=reinterpret pc=0x00000000050a3ecc method=com.android.tools.r8.dex.VirtualFile.a(I)Z @ 8

Classes redefined (0 events):
No events

Internal exceptions (10 events):
Event: 34.771 Thread 0x000000001d92b000 Exception <a 'sun/nio/fs/WindowsException'> (0x00000000e63a0540) thrown at [D:\src\AOSP-openjdk-cygwin\jdk8u\hotspot\src\share\vm\prims\jni.cpp, line 710]
Event: 35.019 Thread 0x000000001a027800 Exception <a 'sun/nio/fs/WindowsException'> (0x00000000e9daeaf8) thrown at [D:\src\AOSP-openjdk-cygwin\jdk8u\hotspot\src\share\vm\prims\jni.cpp, line 710]
Event: 35.163 Thread 0x000000001d926800 Implicit null exception at 0x00000000039a10af to 0x00000000039a11a1
Event: 35.163 Thread 0x000000001d929800 Implicit null exception at 0x00000000039a10af to 0x00000000039a11a1
Event: 35.163 Thread 0x000000001d92e000 Implicit null exception at 0x00000000039a10af to 0x00000000039a11a1
Event: 35.163 Thread 0x000000001d928800 Implicit null exception at 0x00000000039a10af to 0x00000000039a11a1
Event: 35.163 Thread 0x000000001d928000 Implicit null exception at 0x00000000039a10af to 0x00000000039a11a1
Event: 35.163 Thread 0x000000001d92d000 Implicit null exception at 0x00000000039a10af to 0x00000000039a11a1
Event: 35.163 Thread 0x000000001d92a000 Implicit null exception at 0x00000000039a10af to 0x00000000039a11a1
Event: 35.686 Thread 0x000000001d92a000 Exception <a 'sun/nio/fs/WindowsException'> (0x00000000e5cb21a8) thrown at [D:\src\AOSP-openjdk-cygwin\jdk8u\hotspot\src\share\vm\prims\jni.cpp, line 710]

Events (10 events):
Event: 36.604 Thread 0x000000001d92b000 DEOPT PACKING pc=0x00000000038aa348 sp=0x0000000028e1dcb0
Event: 36.604 Thread 0x000000001d92b000 DEOPT UNPACKING pc=0x0000000002d6557b sp=0x0000000028e1dbb8 mode 2
Event: 36.627 Thread 0x000000001d92b000 Uncommon trap: trap_request=0xffffff65 fr.pc=0x0000000002ff93b4
Event: 36.627 Thread 0x000000001d92b000 DEOPT PACKING pc=0x0000000002ff93b4 sp=0x0000000028e1dc50
Event: 36.628 Thread 0x000000001d92b000 DEOPT UNPACKING pc=0x0000000002d6557b sp=0x0000000028e1dbb8 mode 2
Event: 36.764 Thread 0x000000001d92b000 Uncommon trap: trap_request=0xffffff65 fr.pc=0x00000000050a3ecc
Event: 36.764 Thread 0x000000001d92b000 DEOPT PACKING pc=0x00000000050a3ecc sp=0x0000000028e1e050
Event: 36.764 Thread 0x000000001d92b000 DEOPT UNPACKING pc=0x0000000002d6557b sp=0x0000000028e1df30 mode 2
Event: 36.827 Thread 0x000000001d92b000 DEOPT PACKING pc=0x00000000050a1a8f sp=0x0000000028e1dd20
Event: 36.827 Thread 0x000000001d92b000 DEOPT UNPACKING pc=0x0000000002d675d0 sp=0x0000000028e1da10 mode 0


Dynamic libraries:
0x00007ff784910000 - 0x00007ff784941000 	C:\Program Files\Android\Android Studio\jre\bin\java.exe
0x00007ffd6fbc0000 - 0x00007ffd6fdb0000 	C:\WINDOWS\SYSTEM32\ntdll.dll
0x00007ffd6edf0000 - 0x00007ffd6eea2000 	C:\WINDOWS\System32\KERNEL32.DLL
0x00007ffd6d9c0000 - 0x00007ffd6dc63000 	C:\WINDOWS\System32\KERNELBASE.dll
0x00007ffd6e4c0000 - 0x00007ffd6e563000 	C:\WINDOWS\System32\ADVAPI32.dll
0x00007ffd6f5d0000 - 0x00007ffd6f66e000 	C:\WINDOWS\System32\msvcrt.dll
0x00007ffd6f340000 - 0x00007ffd6f3d7000 	C:\WINDOWS\System32\sechost.dll
0x00007ffd6ec60000 - 0x00007ffd6ed80000 	C:\WINDOWS\System32\RPCRT4.dll
0x00007ffd6f700000 - 0x00007ffd6f894000 	C:\WINDOWS\System32\USER32.dll
0x00007ffd6cda0000 - 0x00007ffd6cdc1000 	C:\WINDOWS\System32\win32u.dll
0x00007ffd6f6d0000 - 0x00007ffd6f6f6000 	C:\WINDOWS\System32\GDI32.dll
0x00007ffd6ceb0000 - 0x00007ffd6d044000 	C:\WINDOWS\System32\gdi32full.dll
0x00007ffd6d920000 - 0x00007ffd6d9be000 	C:\WINDOWS\System32\msvcp_win.dll
0x00007ffd6cb50000 - 0x00007ffd6cc4a000 	C:\WINDOWS\System32\ucrtbase.dll
0x00007ffd5b0e0000 - 0x00007ffd5b365000 	C:\WINDOWS\WinSxS\amd64_microsoft.windows.common-controls_6595b64144ccf1df_6.0.18362.592_none_e6c0b1911312be02\COMCTL32.dll
0x00007ffd6ef80000 - 0x00007ffd6f2b6000 	C:\WINDOWS\System32\combase.dll
0x00007ffd6d8a0000 - 0x00007ffd6d920000 	C:\WINDOWS\System32\bcryptPrimitives.dll
0x00007ffd6fb30000 - 0x00007ffd6fb5e000 	C:\WINDOWS\System32\IMM32.DLL
0x00000000770b0000 - 0x0000000077182000 	C:\Program Files\Android\Android Studio\jre\jre\bin\msvcr100.dll
0x0000000076550000 - 0x0000000076d96000 	C:\Program Files\Android\Android Studio\jre\jre\bin\server\jvm.dll
0x00007ffd6e240000 - 0x00007ffd6e248000 	C:\WINDOWS\System32\PSAPI.DLL
0x00007ffd67d40000 - 0x00007ffd67d64000 	C:\WINDOWS\SYSTEM32\WINMM.dll
0x00007ffd418d0000 - 0x00007ffd418d9000 	C:\WINDOWS\SYSTEM32\WSOCK32.dll
0x00007ffd65940000 - 0x00007ffd6594a000 	C:\WINDOWS\SYSTEM32\VERSION.dll
0x00007ffd6ed80000 - 0x00007ffd6edef000 	C:\WINDOWS\System32\WS2_32.dll
0x00007ffd67d10000 - 0x00007ffd67d3d000 	C:\WINDOWS\SYSTEM32\WINMMBASE.dll
0x00007ffd6d050000 - 0x00007ffd6d09a000 	C:\WINDOWS\System32\cfgmgr32.dll
0x00007ffd3fab0000 - 0x00007ffd3fabf000 	C:\Program Files\Android\Android Studio\jre\jre\bin\verify.dll
0x00007ffd35610000 - 0x00007ffd35639000 	C:\Program Files\Android\Android Studio\jre\jre\bin\java.dll
0x00007ffd31d10000 - 0x00007ffd31d26000 	C:\Program Files\Android\Android Studio\jre\jre\bin\zip.dll
0x00007ffd6e570000 - 0x00007ffd6ec55000 	C:\WINDOWS\System32\SHELL32.dll
0x00007ffd6f520000 - 0x00007ffd6f5c9000 	C:\WINDOWS\System32\shcore.dll
0x00007ffd6d100000 - 0x00007ffd6d87f000 	C:\WINDOWS\System32\windows.storage.dll
0x00007ffd6cac0000 - 0x00007ffd6cadf000 	C:\WINDOWS\System32\profapi.dll
0x00007ffd6cb00000 - 0x00007ffd6cb4a000 	C:\WINDOWS\System32\powrprof.dll
0x00007ffd6ca90000 - 0x00007ffd6caa0000 	C:\WINDOWS\System32\UMPDC.dll
0x00007ffd6fad0000 - 0x00007ffd6fb22000 	C:\WINDOWS\System32\shlwapi.dll
0x00007ffd6caa0000 - 0x00007ffd6cab1000 	C:\WINDOWS\System32\kernel.appcore.dll
0x00007ffd6d880000 - 0x00007ffd6d897000 	C:\WINDOWS\System32\cryptsp.dll
0x00007ffd24220000 - 0x00007ffd2423a000 	C:\Program Files\Android\Android Studio\jre\jre\bin\net.dll
0x00007ffd6c300000 - 0x00007ffd6c367000 	C:\WINDOWS\system32\mswsock.dll
0x00007ffd24200000 - 0x00007ffd24211000 	C:\Program Files\Android\Android Studio\jre\jre\bin\nio.dll
0x00007ffd66d50000 - 0x00007ffd66d76000 	C:\Users\hp\.gradle\native\29\windows-amd64\native-platform.dll
0x00007ffd3b120000 - 0x00007ffd3b12d000 	C:\Program Files\Android\Android Studio\jre\jre\bin\management.dll
0x00007ffd6be70000 - 0x00007ffd6bea3000 	C:\WINDOWS\system32\rsaenh.dll
0x00007ffd6ce80000 - 0x00007ffd6cea6000 	C:\WINDOWS\System32\bcrypt.dll
0x00007ffd6c9b0000 - 0x00007ffd6c9d5000 	C:\WINDOWS\SYSTEM32\USERENV.dll
0x00007ffd6c4d0000 - 0x00007ffd6c4dc000 	C:\WINDOWS\SYSTEM32\CRYPTBASE.dll
0x00007ffd6c010000 - 0x00007ffd6c04a000 	C:\WINDOWS\SYSTEM32\IPHLPAPI.DLL
0x00007ffd6e4b0000 - 0x00007ffd6e4b8000 	C:\WINDOWS\System32\NSI.dll
0x00007ffd65190000 - 0x00007ffd651a6000 	C:\WINDOWS\SYSTEM32\dhcpcsvc6.DLL
0x00007ffd651d0000 - 0x00007ffd651ec000 	C:\WINDOWS\SYSTEM32\dhcpcsvc.DLL
0x00007ffd6c050000 - 0x00007ffd6c11a000 	C:\WINDOWS\SYSTEM32\DNSAPI.dll

VM Arguments:
jvm_args: -Xmx1536m -Dfile.encoding=windows-1252 -Duser.country=IN -Duser.language=en -Duser.variant 
java_command: org.gradle.launcher.daemon.bootstrap.GradleDaemon 5.4.1
java_class_path (initial): C:\Users\hp\.gradle\wrapper\dists\gradle-5.4.1-all\3221gyojl5jsh0helicew7rwx\gradle-5.4.1\lib\gradle-launcher-5.4.1.jar
Launcher Type: SUN_STANDARD

Environment Variables:
PATH=C:\Program Files (x86)\Intel\Intel(R) Management Engine Components\iCLS\;C:\Program Files\Intel\Intel(R) Management Engine Components\iCLS\;C:\windows\system32;C:\windows;C:\windows\System32\Wbem;C:\windows\System32\WindowsPowerShell\v1.0\;C:\windows\System32\OpenSSH\;C:\Program Files (x86)\Intel\Intel(R) Management Engine Components\DAL;C:\Program Files\Intel\Intel(R) Management Engine Components\DAL;C:\Program Files (x86)\Intel\Intel(R) Management Engine Components\IPT;C:\Program Files\Intel\Intel(R) Management Engine Components\IPT;C:\Program Files (x86)\NVIDIA Corporation\PhysX\Common;C:\Program Files\Java\jdk-11.0.1\bin;C:\Program Files\Java\jre1.8.0_191\bin;C:\Program Files\NVIDIA Corporation\NVIDIA NvDLISR;C:\cygwin64\bin;C:\Program Files (x86)\Microsoft SQL Server\100\Tools\Binn\;C:\Program Files\Microsoft SQL Server\100\Tools\Binn\;C:\Program Files\Microsoft SQL Server\100\DTS\Binn\;C:\Program Files\PuTTY\;C:\Program Files\Git\cmd;C:\WINDOWS\system32;C:\WINDOWS;C:\WINDOWS\System32\Wbem;C:\WINDOWS\System32\WindowsPowerShell\v1.0\;C:\WINDOWS\System32\OpenSSH\;C:\Users\hp\AppData\Local\Programs\Python\Python37\Scripts\;C:\Users\hp\AppData\Local\Programs\Python\Python37\;C:\Users\hp\AppData\Local\Microsoft\WindowsApps;C:\Users\hp\AppData\Local\Programs\Microsoft VS Code\bin;C:\Users\hp\AppData\Local\atom\bin;C:\Users\hp\AppData\Local\Programs\MiKTeX 2.9\miktex\bin\x64\;%USERPROFILE%\AppData\Local\Microsoft\WindowsApps;
USERNAME=hp
OS=Windows_NT
PROCESSOR_IDENTIFIER=Intel64 Family 6 Model 158 Stepping 10, GenuineIntel



---------------  S Y S T E M  ---------------

OS: Windows 10.0 , 64 bit Build 18362 (10.0.18362.329)

CPU:total 8 (initial active 8) (4 cores per cpu, 2 threads per core) family 6 model 158 stepping 10, cmov, cx8, fxsr, mmx, sse, sse2, sse3, ssse3, sse4.1, sse4.2, popcnt, avx, avx2, aes, clmul, erms, 3dnowpref, lzcnt, ht, tsc, tscinvbit, bmi1, bmi2, adx

Memory: 4k page, physical 8192424k(1037256k free), swap 23660068k(5224k free)

vm_info: OpenJDK 64-Bit Server VM (25.202-b03) for windows-amd64 JRE (1.8.0_202-release-1483-b03), built by "builder" with MS VC++ 10.0 (VS2010)

time: Thu Jan 30 23:09:35 2020
timezone: India Standard Time
elapsed time: 36 seconds (0d 0h 0m 36s)

