#
# There is insufficient memory for the Java Runtime Environment to continue.
# Native memory allocation (malloc) failed to allocate 1130576 bytes for Chunk::new
# Possible reasons:
#   The system is out of physical RAM or swap space
#   The process is running with CompressedOops enabled, and the Java Heap may be blocking the growth of the native heap
# Possible solutions:
#   Reduce memory load on the system
#   Increase physical memory or swap space
#   Check if swap backing store is full
#   Decrease Java heap size (-Xmx/-Xms)
#   Decrease number of Java threads
#   Decrease Java thread stack sizes (-Xss)
#   Set larger code cache with -XX:ReservedCodeCacheSize=
#   JVM is running with Unscaled Compressed Oops mode in which the Java heap is
#     placed in the first 4GB address space. The Java Heap base address is the
#     maximum limit for the native heap growth. Please use -XX:HeapBaseMinAddress
#     to set the Java Heap base and to place the Java Heap above 4GB virtual address.
# This output file may be truncated or incomplete.
#
#  Out of Memory Error (allocation.cpp:389), pid=13400, tid=0x00000000000017fc
#
# JRE version: OpenJDK Runtime Environment (8.0_202-b03) (build 1.8.0_202-release-1483-b03)
# Java VM: OpenJDK 64-Bit Server VM (25.202-b03 mixed mode windows-amd64 compressed oops)
# Failed to write core dump. Minidumps are not enabled by default on client versions of Windows
#

---------------  T H R E A D  ---------------

Current thread (0x0000000018479800):  JavaThread "C2 CompilerThread0" daemon [_thread_in_native, id=6140, stack(0x0000000018d50000,0x0000000018e50000)]

Stack: [0x0000000018d50000,0x0000000018e50000]
[error occurred during error reporting (printing stack bounds), id 0xc0000005]

Native frames: (J=compiled Java code, j=interpreted, Vv=VM code, C=native code)


Current CompileTask:
C2: 177925 18772       4       org.objectweb.asm.ClassReader::readCode (3575 bytes)


---------------  P R O C E S S  ---------------

Java Threads: ( => current thread )
  0x000000001ea25000 JavaThread "Cache worker for Java compile cache (C:\Users\hp\AndroidStudioProjects\MyApplication\FirstTry\.gradle\5.4.1\javaCompile)" [_thread_blocked, id=15080, stack(0x00000000299d0000,0x0000000029ad0000)]
  0x000000001ea29000 JavaThread "Cache worker for Java compile cache (C:\Users\hp\.gradle\caches\5.4.1\javaCompile)" [_thread_blocked, id=14756, stack(0x00000000298d0000,0x00000000299d0000)]
  0x000000001ea2c000 JavaThread "stdout" [_thread_in_native, id=716, stack(0x0000000029660000,0x0000000029760000)]
  0x000000001ea27800 JavaThread "stderr" [_thread_in_native, id=4384, stack(0x0000000029560000,0x0000000029660000)]
  0x000000001ea2a800 JavaThread "stdout" [_thread_in_native, id=12356, stack(0x0000000029460000,0x0000000029560000)]
  0x000000001ea26800 JavaThread "stderr" [_thread_in_native, id=7712, stack(0x0000000029360000,0x0000000029460000)]
  0x000000001ea29800 JavaThread "stdout" [_thread_in_native, id=396, stack(0x0000000029260000,0x0000000029360000)]
  0x000000001d833000 JavaThread "stderr" [_thread_in_native, id=5840, stack(0x0000000028bb0000,0x0000000028cb0000)]
  0x000000001a6c9800 JavaThread "stdout" [_thread_in_native, id=17116, stack(0x0000000029160000,0x0000000029260000)]
  0x000000001a6c8000 JavaThread "stderr" [_thread_in_native, id=5728, stack(0x0000000029060000,0x0000000029160000)]
  0x000000001a6c7000 JavaThread "stdout" [_thread_in_native, id=2184, stack(0x0000000028f60000,0x0000000029060000)]
  0x000000001a6c6800 JavaThread "stderr" [_thread_in_native, id=11952, stack(0x0000000028e60000,0x0000000028f60000)]
  0x000000001f0d6800 JavaThread "stdout" [_thread_in_native, id=16584, stack(0x0000000028d60000,0x0000000028e60000)]
  0x000000001f0d8000 JavaThread "stderr" [_thread_in_native, id=6912, stack(0x0000000028610000,0x0000000028710000)]
  0x000000001f0d5800 JavaThread "stdout" [_thread_in_native, id=6600, stack(0x0000000028ab0000,0x0000000028bb0000)]
  0x000000001f0d8800 JavaThread "stderr" [_thread_in_native, id=13420, stack(0x00000000289b0000,0x0000000028ab0000)]
  0x000000001f0d7000 JavaThread "stdout" [_thread_in_native, id=1680, stack(0x00000000288b0000,0x00000000289b0000)]
  0x000000001f0d5000 JavaThread "stderr" [_thread_in_native, id=14996, stack(0x00000000287b0000,0x00000000288b0000)]
  0x000000001f0cc800 JavaThread "pool-4-thread-1" [_thread_blocked, id=13852, stack(0x00000000282a0000,0x00000000283a0000)]
  0x000000001f0d2800 JavaThread "MarlinRenderer Disposer" daemon [_thread_blocked, id=11908, stack(0x0000000028110000,0x0000000028210000)]
  0x000000001f0d2000 JavaThread "Java2D Disposer" daemon [_thread_blocked, id=12508, stack(0x0000000028010000,0x0000000028110000)]
  0x000000001f0d1000 JavaThread "WorkerExecutor Queue Thread 8" [_thread_blocked, id=2380, stack(0x0000000027f10000,0x0000000028010000)]
  0x000000001f0c9800 JavaThread "WorkerExecutor Queue Thread 7" [_thread_blocked, id=12320, stack(0x0000000027c10000,0x0000000027d10000)]
  0x000000001f0cf800 JavaThread "WorkerExecutor Queue Thread 6" [_thread_blocked, id=280, stack(0x0000000027910000,0x0000000027a10000)]
  0x000000001f0ce000 JavaThread "WorkerExecutor Queue Thread 5" [_thread_blocked, id=8584, stack(0x0000000027810000,0x0000000027910000)]
  0x000000001f0ca800 JavaThread "WorkerExecutor Queue Thread 4" [_thread_blocked, id=10272, stack(0x0000000027710000,0x0000000027810000)]
  0x000000001f0cc000 JavaThread "WorkerExecutor Queue Thread 3" [_thread_blocked, id=5000, stack(0x0000000027610000,0x0000000027710000)]
  0x000000001f0cf000 JavaThread "WorkerExecutor Queue Thread 2" [_thread_in_native, id=17112, stack(0x0000000027510000,0x0000000027610000)]
  0x000000001f0d0800 JavaThread "WorkerExecutor Queue" [_thread_blocked, id=14948, stack(0x0000000027410000,0x0000000027510000)]
  0x0000000019d4e800 JavaThread "Cache worker for execution history cache (C:\Users\hp\AndroidStudioProjects\MyApplication\FirstTry\.gradle\5.4.1\executionHistory)" [_thread_blocked, id=4496, stack(0x0000000027310000,0x0000000027410000)]
  0x0000000019d50000 JavaThread "Execution worker for ':' Thread 7" [_thread_in_Java, id=16352, stack(0x0000000027210000,0x0000000027310000)]
  0x0000000019d51800 JavaThread "Execution worker for ':' Thread 6" [_thread_blocked, id=1636, stack(0x0000000027110000,0x0000000027210000)]
  0x000000001d831000 JavaThread "Execution worker for ':' Thread 5" [_thread_in_Java, id=4704, stack(0x0000000026e10000,0x0000000026f10000)]
  0x000000001d834800 JavaThread "Execution worker for ':' Thread 4" [_thread_in_Java, id=17124, stack(0x0000000026d10000,0x0000000026e10000)]
  0x000000001d829800 JavaThread "Execution worker for ':' Thread 3" [_thread_in_Java, id=14912, stack(0x0000000026c10000,0x0000000026d10000)]
  0x000000001d830000 JavaThread "Execution worker for ':' Thread 2" [_thread_in_Java, id=2400, stack(0x0000000026b10000,0x0000000026c10000)]
  0x000000001d82e000 JavaThread "Execution worker for ':'" [_thread_in_Java, id=4320, stack(0x0000000026a10000,0x0000000026b10000)]
  0x000000001d82c800 JavaThread "Cache worker for file content cache (C:\Users\hp\AndroidStudioProjects\MyApplication\FirstTry\.gradle\5.4.1\fileContent)" [_thread_blocked, id=11052, stack(0x0000000026910000,0x0000000026a10000)]
  0x000000001d82e800 JavaThread "Cache worker for file content cache (C:\Users\hp\.gradle\caches\5.4.1\fileContent)" [_thread_blocked, id=2868, stack(0x0000000026810000,0x0000000026910000)]
  0x000000001d82d000 JavaThread "Cache worker for Build Output Cleanup Cache (C:\Users\hp\AndroidStudioProjects\MyApplication\FirstTry\.gradle\buildOutputCleanup)" [_thread_blocked, id=4244, stack(0x00000000262e0000,0x00000000263e0000)]
  0x000000001d828800 JavaThread "Build operations Thread 8" [_thread_blocked, id=6972, stack(0x0000000023710000,0x0000000023810000)]
  0x000000001d82a000 JavaThread "Build operations Thread 7" [_thread_blocked, id=16392, stack(0x0000000023010000,0x0000000023110000)]
  0x000000001d82f800 JavaThread "Build operations Thread 6" [_thread_blocked, id=7616, stack(0x0000000021d10000,0x0000000021e10000)]
  0x000000001a6c5000 JavaThread "Build operations Thread 5" [_thread_blocked, id=2812, stack(0x0000000021c10000,0x0000000021d10000)]
  0x000000001a6c3800 JavaThread "Build operations Thread 4" [_thread_blocked, id=11312, stack(0x0000000021b10000,0x0000000021c10000)]
  0x000000001a6c8800 JavaThread "Build operations Thread 3" [_thread_blocked, id=9688, stack(0x0000000021a10000,0x0000000021b10000)]
  0x000000001a6c5800 JavaThread "Build operations Thread 2" [_thread_blocked, id=12764, stack(0x0000000021910000,0x0000000021a10000)]
  0x000000001a6c4000 JavaThread "Build operations" [_thread_blocked, id=10772, stack(0x0000000021810000,0x0000000021910000)]
  0x000000001a6bb000 JavaThread "Cache worker for cache directory md-rule (C:\Users\hp\.gradle\caches\5.4.1\md-rule)" [_thread_blocked, id=13452, stack(0x0000000021710000,0x0000000021810000)]
  0x000000001a6bc800 JavaThread "Cache worker for cache directory md-supplier (C:\Users\hp\.gradle\caches\5.4.1\md-supplier)" [_thread_blocked, id=15980, stack(0x000000001fef0000,0x000000001fff0000)]
  0x000000001a6bc000 JavaThread "Cache worker for file hash cache (C:\Users\hp\AndroidStudioProjects\MyApplication\FirstTry\.gradle\5.4.1\fileHashes)" [_thread_blocked, id=14288, stack(0x000000001d370000,0x000000001d470000)]
  0x000000001a6c2800 JavaThread "Thread-41" [_thread_blocked, id=4444, stack(0x000000001baa0000,0x000000001bba0000)]
  0x000000001a6c2000 JavaThread "Stdin handler" [_thread_blocked, id=1384, stack(0x000000001b9a0000,0x000000001baa0000)]
  0x000000001a6ba800 JavaThread "Asynchronous log dispatcher for DefaultDaemonConnection: socket connection from /127.0.0.1:50864 to /127.0.0.1:50918" [_thread_blocked, id=6032, stack(0x000000001b8a0000,0x000000001b9a0000)]
  0x000000001a6c0800 JavaThread "Daemon worker Thread 2" [_thread_in_native, id=4588, stack(0x000000001b5a0000,0x000000001b6a0000)]
  0x000000001a6c1000 JavaThread "Cancel handler" [_thread_blocked, id=10128, stack(0x000000001b4a0000,0x000000001b5a0000)]
  0x000000001a6bd800 JavaThread "Handler for socket connection from /127.0.0.1:50864 to /127.0.0.1:50918" [_thread_in_native, id=13812, stack(0x0000000000c70000,0x0000000000d70000)]
  0x000000001a6bf800 JavaThread "Daemon Thread 2" [_thread_blocked, id=1724, stack(0x0000000000b70000,0x0000000000c70000)]
  0x000000001d832800 JavaThread "Memory manager" [_thread_blocked, id=2120, stack(0x0000000024550000,0x0000000024650000)]
  0x000000001d828000 JavaThread "Cache worker for execution history cache (C:\Users\hp\.gradle\caches\5.4.1\executionHistory)" [_thread_blocked, id=10432, stack(0x0000000021210000,0x0000000021310000)]
  0x0000000019d51000 JavaThread "Cache worker for journal cache (C:\Users\hp\.gradle\caches\journal-1)" [_thread_blocked, id=8752, stack(0x000000001c0a0000,0x000000001c1a0000)]
  0x0000000019d4e000 JavaThread "File lock request listener" [_thread_in_native, id=11512, stack(0x000000001bfa0000,0x000000001c0a0000)]
  0x0000000019d53000 JavaThread "Cache worker for file hash cache (C:\Users\hp\.gradle\caches\5.4.1\fileHashes)" [_thread_blocked, id=8500, stack(0x000000001bea0000,0x000000001bfa0000)]
  0x00000000185b2000 JavaThread "Daemon periodic checks" [_thread_blocked, id=12948, stack(0x000000001b3a0000,0x000000001b4a0000)]
  0x0000000019487000 JavaThread "Incoming local TCP Connector on port 50864" [_thread_in_native, id=8724, stack(0x000000001b160000,0x000000001b260000)]
  0x000000001a81d800 JavaThread "Daemon health stats" [_thread_blocked, id=2524, stack(0x000000001ab20000,0x000000001ac20000)]
  0x00000000184d9800 JavaThread "Service Thread" daemon [_thread_blocked, id=7772, stack(0x0000000019150000,0x0000000019250000)]
  0x000000001669e000 JavaThread "C1 CompilerThread3" daemon [_thread_in_native, id=11900, stack(0x0000000019050000,0x0000000019150000)]
  0x000000001669b000 JavaThread "C2 CompilerThread2" daemon [_thread_in_native, id=15516, stack(0x0000000018f50000,0x0000000019050000)]
  0x000000001847d800 JavaThread "C2 CompilerThread1" daemon [_thread_in_native, id=12748, stack(0x0000000018e50000,0x0000000018f50000)]
=>0x0000000018479800 JavaThread "C2 CompilerThread0" daemon [_thread_in_native, id=6140, stack(0x0000000018d50000,0x0000000018e50000)]
  0x0000000018478000 JavaThread "Attach Listener" daemon [_thread_blocked, id=7780, stack(0x0000000018c50000,0x0000000018d50000)]
  0x0000000018486800 JavaThread "Signal Dispatcher" daemon [_thread_blocked, id=12924, stack(0x0000000018b50000,0x0000000018c50000)]
  0x00000000028cc800 JavaThread "Finalizer" daemon [_thread_blocked, id=9684, stack(0x0000000018950000,0x0000000018a50000)]
  0x0000000018470800 JavaThread "Reference Handler" daemon [_thread_blocked, id=10224, stack(0x0000000018850000,0x0000000018950000)]
  0x000000000273e000 JavaThread "main" [_thread_blocked, id=8892, stack(0x00000000025d0000,0x00000000026d0000)]

Other Threads:
  0x0000000016688000 VMThread [stack: 0x0000000018350000,0x0000000018450000] [id=7208]
  0x0000000018515800 WatcherThread [stack: 0x0000000019250000,0x0000000019350000] [id=16700]

VM state:not at safepoint (normal execution)

VM Mutex/Monitor currently owned by a thread: None

heap address: 0x00000000a0000000, size: 1536 MB, Compressed Oops mode: 32-bit
Narrow klass base: 0x0000000000000000, Narrow klass shift: 3
Compressed class space size: 1073741824 Address: 0x0000000100000000

Heap:
 PSYoungGen      total 282624K, used 42949K [0x00000000e0000000, 0x00000000f5900000, 0x0000000100000000)
  eden space 239616K, 14% used [0x00000000e0000000,0x00000000e2181678,0x00000000eea00000)
  from space 43008K, 20% used [0x00000000f2f00000,0x00000000f3770040,0x00000000f5900000)
  to   space 40960K, 0% used [0x00000000eea00000,0x00000000eea00000,0x00000000f1200000)
 ParOldGen       total 220672K, used 87195K [0x00000000a0000000, 0x00000000ad780000, 0x00000000e0000000)
  object space 220672K, 39% used [0x00000000a0000000,0x00000000a5526f98,0x00000000ad780000)
 Metaspace       used 94777K, capacity 98516K, committed 99328K, reserved 1136640K
  class space    used 12113K, capacity 12830K, committed 13056K, reserved 1048576K

Card table byte_map: [0x0000000011c90000,0x0000000011fa0000] byte_map_base: 0x0000000011790000

Marking Bits: (ParMarkBitMap*) 0x0000000076db9f30
 Begin Bits: [0x00000000129a0000, 0x00000000141a0000)
 End Bits:   [0x00000000141a0000, 0x00000000159a0000)

Polling page: 0x0000000000df0000

CodeCache: size=245760Kb used=52476Kb max_used=52476Kb free=193283Kb
 bounds [0x00000000028d0000, 0x0000000005c60000, 0x00000000118d0000]
 total_blobs=15970 nmethods=14978 adapters=904
 compilation: enabled

Compilation events (10 events):
Event: 177.890 Thread 0x000000001669e000 nmethod 18898 0x000000000373f0d0 code [0x000000000373f240, 0x000000000373f408]
Event: 177.890 Thread 0x000000001669e000 18954       2       com.android.tools.r8.code.Instruction::a (31 bytes)
Event: 177.890 Thread 0x000000001669e000 nmethod 18954 0x000000000373ecd0 code [0x000000000373ee40, 0x000000000373f018]
Event: 177.890 Thread 0x000000001669e000 18812       2       com.android.tools.r8.ir.regalloc.LinearScanRegisterAllocator$$Lambda$670/789599988::compare (12 bytes)
Event: 177.890 Thread 0x000000001669e000 nmethod 18812 0x000000000373e810 code [0x000000000373e980, 0x000000000373eb70]
Event: 177.890 Thread 0x000000001669e000 18970 %     3       com.android.tools.r8.ir.conversion.N::b @ 161 (4236 bytes)
Event: 177.919 Thread 0x000000001669e000 nmethod 18970% 0x0000000005c38fd0 code [0x0000000005c3ad40, 0x0000000005c4c298]
Event: 177.919 Thread 0x000000001669e000 18986       2       com.android.tools.r8.ir.analysis.g.e::b (521 bytes)
Event: 177.923 Thread 0x000000001669e000 nmethod 18986 0x0000000003aad110 code [0x0000000003aad5e0, 0x0000000003aaeae8]
Event: 177.923 Thread 0x000000001669e000 18985 %     3       com.android.tools.r8.ir.regalloc.LinearScanRegisterAllocator::allocateRegisters @ 598 (1295 bytes)

GC Heap History (10 events):
Event: 170.198 GC heap before
{Heap before GC invocations=24 (full 3):
 PSYoungGen      total 248320K, used 248289K [0x00000000e0000000, 0x00000000f2e80000, 0x0000000100000000)
  eden space 217600K, 100% used [0x00000000e0000000,0x00000000ed480000,0x00000000ed480000)
  from space 30720K, 99% used [0x00000000efc00000,0x00000000f19f85d0,0x00000000f1a00000)
  to   space 40448K, 0% used [0x00000000ed480000,0x00000000ed480000,0x00000000efc00000)
 ParOldGen       total 120832K, used 71065K [0x00000000a0000000, 0x00000000a7600000, 0x00000000e0000000)
  object space 120832K, 58% used [0x00000000a0000000,0x00000000a4566690,0x00000000a7600000)
 Metaspace       used 80089K, capacity 83408K, committed 83712K, reserved 1122304K
  class space    used 10293K, capacity 10942K, committed 11008K, reserved 1048576K
Event: 170.246 GC heap after
Heap after GC invocations=24 (full 3):
 PSYoungGen      total 258048K, used 4231K [0x00000000e0000000, 0x00000000f3900000, 0x0000000100000000)
  eden space 217600K, 0% used [0x00000000e0000000,0x00000000e0000000,0x00000000ed480000)
  from space 40448K, 10% used [0x00000000ed480000,0x00000000ed8a1ee8,0x00000000efc00000)
  to   space 39936K, 0% used [0x00000000f1200000,0x00000000f1200000,0x00000000f3900000)
 ParOldGen       total 120832K, used 97815K [0x00000000a0000000, 0x00000000a7600000, 0x00000000e0000000)
  object space 120832K, 80% used [0x00000000a0000000,0x00000000a5f85f00,0x00000000a7600000)
 Metaspace       used 80089K, capacity 83408K, committed 83712K, reserved 1122304K
  class space    used 10293K, capacity 10942K, committed 11008K, reserved 1048576K
}
Event: 173.039 GC heap before
{Heap before GC invocations=25 (full 3):
 PSYoungGen      total 258048K, used 221831K [0x00000000e0000000, 0x00000000f3900000, 0x0000000100000000)
  eden space 217600K, 100% used [0x00000000e0000000,0x00000000ed480000,0x00000000ed480000)
  from space 40448K, 10% used [0x00000000ed480000,0x00000000ed8a1ee8,0x00000000efc00000)
  to   space 39936K, 0% used [0x00000000f1200000,0x00000000f1200000,0x00000000f3900000)
 ParOldGen       total 120832K, used 97815K [0x00000000a0000000, 0x00000000a7600000, 0x00000000e0000000)
  object space 120832K, 80% used [0x00000000a0000000,0x00000000a5f85f00,0x00000000a7600000)
 Metaspace       used 84764K, capacity 88118K, committed 88448K, reserved 1126400K
  class space    used 10867K, capacity 11551K, committed 11648K, reserved 1048576K
Event: 173.089 GC heap after
Heap after GC invocations=25 (full 3):
 PSYoungGen      total 279552K, used 24794K [0x00000000e0000000, 0x00000000f3e80000, 0x0000000100000000)
  eden space 239616K, 0% used [0x00000000e0000000,0x00000000e0000000,0x00000000eea00000)
  from space 39936K, 62% used [0x00000000f1200000,0x00000000f2a36a70,0x00000000f3900000)
  to   space 40960K, 0% used [0x00000000eea00000,0x00000000eea00000,0x00000000f1200000)
 ParOldGen       total 120832K, used 97823K [0x00000000a0000000, 0x00000000a7600000, 0x00000000e0000000)
  object space 120832K, 80% used [0x00000000a0000000,0x00000000a5f87f00,0x00000000a7600000)
 Metaspace       used 84764K, capacity 88118K, committed 88448K, reserved 1126400K
  class space    used 10867K, capacity 11551K, committed 11648K, reserved 1048576K
}
Event: 176.779 GC heap before
{Heap before GC invocations=26 (full 3):
 PSYoungGen      total 279552K, used 241976K [0x00000000e0000000, 0x00000000f3e80000, 0x0000000100000000)
  eden space 239616K, 90% used [0x00000000e0000000,0x00000000ed417808,0x00000000eea00000)
  from space 39936K, 62% used [0x00000000f1200000,0x00000000f2a36a70,0x00000000f3900000)
  to   space 40960K, 0% used [0x00000000eea00000,0x00000000eea00000,0x00000000f1200000)
 ParOldGen       total 120832K, used 97823K [0x00000000a0000000, 0x00000000a7600000, 0x00000000e0000000)
  object space 120832K, 80% used [0x00000000a0000000,0x00000000a5f87f00,0x00000000a7600000)
 Metaspace       used 94195K, capacity 98320K, committed 98496K, reserved 1134592K
  class space    used 12148K, capacity 12942K, committed 13056K, reserved 1048576K
Event: 176.813 GC heap after
Heap after GC invocations=26 (full 3):
 PSYoungGen      total 280576K, used 28024K [0x00000000e0000000, 0x00000000f5900000, 0x0000000100000000)
  eden space 239616K, 0% used [0x00000000e0000000,0x00000000e0000000,0x00000000eea00000)
  from space 40960K, 68% used [0x00000000eea00000,0x00000000f055e2f0,0x00000000f1200000)
  to   space 43008K, 0% used [0x00000000f2f00000,0x00000000f2f00000,0x00000000f5900000)
 ParOldGen       total 120832K, used 97839K [0x00000000a0000000, 0x00000000a7600000, 0x00000000e0000000)
  object space 120832K, 80% used [0x00000000a0000000,0x00000000a5f8bf00,0x00000000a7600000)
 Metaspace       used 94195K, capacity 98320K, committed 98496K, reserved 1134592K
  class space    used 12148K, capacity 12942K, committed 13056K, reserved 1048576K
}
Event: 176.813 GC heap before
{Heap before GC invocations=27 (full 4):
 PSYoungGen      total 280576K, used 28024K [0x00000000e0000000, 0x00000000f5900000, 0x0000000100000000)
  eden space 239616K, 0% used [0x00000000e0000000,0x00000000e0000000,0x00000000eea00000)
  from space 40960K, 68% used [0x00000000eea00000,0x00000000f055e2f0,0x00000000f1200000)
  to   space 43008K, 0% used [0x00000000f2f00000,0x00000000f2f00000,0x00000000f5900000)
 ParOldGen       total 120832K, used 97839K [0x00000000a0000000, 0x00000000a7600000, 0x00000000e0000000)
  object space 120832K, 80% used [0x00000000a0000000,0x00000000a5f8bf00,0x00000000a7600000)
 Metaspace       used 94195K, capacity 98320K, committed 98496K, reserved 1134592K
  class space    used 12148K, capacity 12942K, committed 13056K, reserved 1048576K
Event: 177.030 GC heap after
Heap after GC invocations=27 (full 4):
 PSYoungGen      total 280576K, used 0K [0x00000000e0000000, 0x00000000f5900000, 0x0000000100000000)
  eden space 239616K, 0% used [0x00000000e0000000,0x00000000e0000000,0x00000000eea00000)
  from space 40960K, 0% used [0x00000000eea00000,0x00000000eea00000,0x00000000f1200000)
  to   space 43008K, 0% used [0x00000000f2f00000,0x00000000f2f00000,0x00000000f5900000)
 ParOldGen       total 220672K, used 87171K [0x00000000a0000000, 0x00000000ad780000, 0x00000000e0000000)
  object space 220672K, 39% used [0x00000000a0000000,0x00000000a5520f78,0x00000000ad780000)
 Metaspace       used 93798K, capacity 97264K, committed 98496K, reserved 1134592K
  class space    used 12015K, capacity 12708K, committed 13056K, reserved 1048576K
}
Event: 177.836 GC heap before
{Heap before GC invocations=28 (full 4):
 PSYoungGen      total 280576K, used 239616K [0x00000000e0000000, 0x00000000f5900000, 0x0000000100000000)
  eden space 239616K, 100% used [0x00000000e0000000,0x00000000eea00000,0x00000000eea00000)
  from space 40960K, 0% used [0x00000000eea00000,0x00000000eea00000,0x00000000f1200000)
  to   space 43008K, 0% used [0x00000000f2f00000,0x00000000f2f00000,0x00000000f5900000)
 ParOldGen       total 220672K, used 87187K [0x00000000a0000000, 0x00000000ad780000, 0x00000000e0000000)
  object space 220672K, 39% used [0x00000000a0000000,0x00000000a5524f98,0x00000000ad780000)
 Metaspace       used 94767K, capacity 98506K, committed 99328K, reserved 1136640K
  class space    used 12112K, capacity 12829K, committed 13056K, reserved 1048576K
Event: 177.852 GC heap after
Heap after GC invocations=28 (full 4):
 PSYoungGen      total 282624K, used 8640K [0x00000000e0000000, 0x00000000f5900000, 0x0000000100000000)
  eden space 239616K, 0% used [0x00000000e0000000,0x00000000e0000000,0x00000000eea00000)
  from space 43008K, 20% used [0x00000000f2f00000,0x00000000f3770040,0x00000000f5900000)
  to   space 40960K, 0% used [0x00000000eea00000,0x00000000eea00000,0x00000000f1200000)
 ParOldGen       total 220672K, used 87195K [0x00000000a0000000, 0x00000000ad780000, 0x00000000e0000000)
  object space 220672K, 39% used [0x00000000a0000000,0x00000000a5526f98,0x00000000ad780000)
 Metaspace       used 94767K, capacity 98506K, committed 99328K, reserved 1136640K
  class space    used 12112K, capacity 12829K, committed 13056K, reserved 1048576K
}

Deoptimization events (10 events):
Event: 177.727 Thread 0x000000001a6c0800 Uncommon trap: reason=null_check action=make_not_entrant pc=0x00000000054a333c method=org.objectweb.asm.commons.MethodRemapper.remapEntries(I[Ljava/lang/Object;)[Ljava/lang/Object; @ 14
Event: 177.810 Thread 0x000000001d830000 Uncommon trap: reason=unstable_if action=reinterpret pc=0x00000000057627b8 method=com.android.tools.r8.ir.conversion.N.getCanonicalDebugPositionAtOffset(I)Lcom/android/tools/r8/ir/code/Position; @ 51
Event: 177.811 Thread 0x000000001d830000 Uncommon trap: reason=unstable_if action=reinterpret pc=0x000000000533edcc method=com.android.tools.r8.ir.conversion.N.getCanonicalDebugPositionAtOffset(I)Lcom/android/tools/r8/ir/code/Position; @ 51
Event: 177.814 Thread 0x000000001d830000 Uncommon trap: reason=unstable_if action=reinterpret pc=0x0000000005474560 method=com.android.tools.r8.ir.regalloc.LiveIntervals.getSplitCovering(I)Lcom/android/tools/r8/ir/regalloc/LiveIntervals; @ 48
Event: 177.816 Thread 0x000000001a6c0800 Uncommon trap: reason=unstable_if action=reinterpret pc=0x000000000400c490 method=java.util.regex.Pattern$BitClass.add(II)Ljava/util/regex/Pattern$BitClass; @ 28
Event: 177.817 Thread 0x000000001a6c0800 Uncommon trap: reason=class_check action=maybe_recompile pc=0x00000000041d9e98 method=java.util.regex.Pattern$SliceI.match(Ljava/util/regex/Matcher;ILjava/lang/CharSequence;)Z @ 92
Event: 177.817 Thread 0x000000001a6c0800 Uncommon trap: reason=class_check action=maybe_recompile pc=0x00000000041d9e98 method=java.util.regex.Pattern$SliceI.match(Ljava/util/regex/Matcher;ILjava/lang/CharSequence;)Z @ 92
Event: 177.893 Thread 0x000000001d829800 Uncommon trap: reason=class_check action=maybe_recompile pc=0x00000000059f257c method=com.android.tools.r8.ir.analysis.g.e.b(Lcom/android/tools/r8/ir/code/Instruction;)V @ 139
Event: 177.897 Thread 0x000000001d831000 Uncommon trap: reason=class_check action=maybe_recompile pc=0x0000000005bdaeec method=com.android.tools.r8.ir.conversion.N.a(Lcom/android/tools/r8/t/a/a/G/a;Lcom/android/tools/r8/ir/conversion/IRBuilder;)V @ 743
Event: 177.898 Thread 0x000000001d829800 Uncommon trap: reason=class_check action=maybe_recompile pc=0x00000000059f257c method=com.android.tools.r8.ir.analysis.g.e.b(Lcom/android/tools/r8/ir/code/Instruction;)V @ 139

Classes redefined (0 events):
No events

Internal exceptions (10 events):
Event: 177.523 Thread 0x0000000019d50000 Exception <a 'sun/nio/fs/WindowsException'> (0x00000000e6898878) thrown at [D:\src\AOSP-openjdk-cygwin\jdk8u\hotspot\src\share\vm\prims\jni.cpp, line 710]
Event: 177.624 Thread 0x000000001d829800 Exception <a 'sun/nio/fs/WindowsException'> (0x00000000e86612e0) thrown at [D:\src\AOSP-openjdk-cygwin\jdk8u\hotspot\src\share\vm\prims\jni.cpp, line 710]
Event: 177.727 Thread 0x000000001a6c0800 Implicit null exception at 0x00000000054a29ba to 0x00000000054a331d
Event: 177.808 Thread 0x000000001d830000 Exception <a 'sun/nio/fs/WindowsException'> (0x00000000eafc16b0) thrown at [D:\src\AOSP-openjdk-cygwin\jdk8u\hotspot\src\share\vm\prims\jni.cpp, line 710]
Event: 177.814 Thread 0x000000001d829800 Exception <a 'sun/nio/fs/WindowsException'> (0x00000000ee1024c8) thrown at [D:\src\AOSP-openjdk-cygwin\jdk8u\hotspot\src\share\vm\prims\jni.cpp, line 710]
Event: 177.818 Thread 0x000000001a6c0800 Exception <a 'sun/nio/fs/WindowsException'> (0x00000000ee17b178) thrown at [D:\src\AOSP-openjdk-cygwin\jdk8u\hotspot\src\share\vm\prims\jni.cpp, line 710]
Event: 177.818 Thread 0x000000001a6c0800 Exception <a 'sun/nio/fs/WindowsException'> (0x00000000ee17c230) thrown at [D:\src\AOSP-openjdk-cygwin\jdk8u\hotspot\src\share\vm\prims\jni.cpp, line 710]
Event: 177.819 Thread 0x000000001a6c0800 Exception <a 'sun/nio/fs/WindowsException'> (0x00000000ee17e7b0) thrown at [D:\src\AOSP-openjdk-cygwin\jdk8u\hotspot\src\share\vm\prims\jni.cpp, line 710]
Event: 177.820 Thread 0x000000001a6c0800 Exception <a 'sun/nio/fs/WindowsException'> (0x00000000ee2ef268) thrown at [D:\src\AOSP-openjdk-cygwin\jdk8u\hotspot\src\share\vm\prims\jni.cpp, line 710]
Event: 177.831 Thread 0x000000001d830000 Exception <a 'sun/nio/fs/WindowsException'> (0x00000000ee55ffe0) thrown at [D:\src\AOSP-openjdk-cygwin\jdk8u\hotspot\src\share\vm\prims\jni.cpp, line 710]

Events (10 events):
Event: 177.893 Thread 0x000000001d829800 DEOPT PACKING pc=0x00000000059f257c sp=0x0000000026d0b4a0
Event: 177.893 Thread 0x000000001d829800 DEOPT UNPACKING pc=0x000000000291557b sp=0x0000000026d0b488 mode 2
Event: 177.897 Thread 0x000000001d831000 Uncommon trap: trap_request=0xffffffde fr.pc=0x0000000005bdaeec
Event: 177.897 Thread 0x000000001d831000 DEOPT PACKING pc=0x0000000005bdaeec sp=0x0000000026f0b100
Event: 177.897 Thread 0x000000001d831000 DEOPT UNPACKING pc=0x000000000291557b sp=0x0000000026f0b100 mode 2
Event: 177.898 Thread 0x000000001d829800 Uncommon trap: trap_request=0xffffffde fr.pc=0x00000000059f257c
Event: 177.898 Thread 0x000000001d829800 DEOPT PACKING pc=0x00000000059f257c sp=0x0000000026d0b4a0
Event: 177.898 Thread 0x000000001d829800 DEOPT UNPACKING pc=0x000000000291557b sp=0x0000000026d0b488 mode 2
Event: 177.902 Thread 0x000000001d82e000 DEOPT PACKING pc=0x00000000038c230f sp=0x0000000026b0b8d0
Event: 177.902 Thread 0x000000001d82e000 DEOPT UNPACKING pc=0x00000000029175d0 sp=0x0000000026b0b810 mode 0


Dynamic libraries:
0x00007ff784910000 - 0x00007ff784941000 	C:\Program Files\Android\Android Studio\jre\bin\java.exe
0x00007ffd6fbc0000 - 0x00007ffd6fdb0000 	C:\WINDOWS\SYSTEM32\ntdll.dll
0x00007ffd6edf0000 - 0x00007ffd6eea2000 	C:\WINDOWS\System32\KERNEL32.DLL
0x00007ffd6d9c0000 - 0x00007ffd6dc63000 	C:\WINDOWS\System32\KERNELBASE.dll
0x00007ffd6e4c0000 - 0x00007ffd6e563000 	C:\WINDOWS\System32\ADVAPI32.dll
0x00007ffd6f5d0000 - 0x00007ffd6f66e000 	C:\WINDOWS\System32\msvcrt.dll
0x00007ffd6f340000 - 0x00007ffd6f3d7000 	C:\WINDOWS\System32\sechost.dll
0x00007ffd6ec60000 - 0x00007ffd6ed80000 	C:\WINDOWS\System32\RPCRT4.dll
0x00007ffd6f700000 - 0x00007ffd6f894000 	C:\WINDOWS\System32\USER32.dll
0x00007ffd6cda0000 - 0x00007ffd6cdc1000 	C:\WINDOWS\System32\win32u.dll
0x00007ffd6f6d0000 - 0x00007ffd6f6f6000 	C:\WINDOWS\System32\GDI32.dll
0x00007ffd6ceb0000 - 0x00007ffd6d044000 	C:\WINDOWS\System32\gdi32full.dll
0x00007ffd6d920000 - 0x00007ffd6d9be000 	C:\WINDOWS\System32\msvcp_win.dll
0x00007ffd6cb50000 - 0x00007ffd6cc4a000 	C:\WINDOWS\System32\ucrtbase.dll
0x00007ffd5b0e0000 - 0x00007ffd5b365000 	C:\WINDOWS\WinSxS\amd64_microsoft.windows.common-controls_6595b64144ccf1df_6.0.18362.592_none_e6c0b1911312be02\COMCTL32.dll
0x00007ffd6ef80000 - 0x00007ffd6f2b6000 	C:\WINDOWS\System32\combase.dll
0x00007ffd6d8a0000 - 0x00007ffd6d920000 	C:\WINDOWS\System32\bcryptPrimitives.dll
0x00007ffd6fb30000 - 0x00007ffd6fb5e000 	C:\WINDOWS\System32\IMM32.DLL
0x00000000770b0000 - 0x0000000077182000 	C:\Program Files\Android\Android Studio\jre\jre\bin\msvcr100.dll
0x00000000765f0000 - 0x0000000076e36000 	C:\Program Files\Android\Android Studio\jre\jre\bin\server\jvm.dll
0x00007ffd6e240000 - 0x00007ffd6e248000 	C:\WINDOWS\System32\PSAPI.DLL
0x00007ffd65940000 - 0x00007ffd6594a000 	C:\WINDOWS\SYSTEM32\VERSION.dll
0x00007ffd418d0000 - 0x00007ffd418d9000 	C:\WINDOWS\SYSTEM32\WSOCK32.dll
0x00007ffd67d40000 - 0x00007ffd67d64000 	C:\WINDOWS\SYSTEM32\WINMM.dll
0x00007ffd6ed80000 - 0x00007ffd6edef000 	C:\WINDOWS\System32\WS2_32.dll
0x00007ffd67d10000 - 0x00007ffd67d3d000 	C:\WINDOWS\SYSTEM32\WINMMBASE.dll
0x00007ffd6d050000 - 0x00007ffd6d09a000 	C:\WINDOWS\System32\cfgmgr32.dll
0x00007ffd6a1a0000 - 0x00007ffd6a1af000 	C:\Program Files\Android\Android Studio\jre\jre\bin\verify.dll
0x00007ffd69990000 - 0x00007ffd699b9000 	C:\Program Files\Android\Android Studio\jre\jre\bin\java.dll
0x00007ffd68620000 - 0x00007ffd68636000 	C:\Program Files\Android\Android Studio\jre\jre\bin\zip.dll
0x00007ffd6e570000 - 0x00007ffd6ec55000 	C:\WINDOWS\System32\SHELL32.dll
0x00007ffd6f520000 - 0x00007ffd6f5c9000 	C:\WINDOWS\System32\shcore.dll
0x00007ffd6d100000 - 0x00007ffd6d87f000 	C:\WINDOWS\System32\windows.storage.dll
0x00007ffd6cac0000 - 0x00007ffd6cadf000 	C:\WINDOWS\System32\profapi.dll
0x00007ffd6cb00000 - 0x00007ffd6cb4a000 	C:\WINDOWS\System32\powrprof.dll
0x00007ffd6ca90000 - 0x00007ffd6caa0000 	C:\WINDOWS\System32\UMPDC.dll
0x00007ffd6fad0000 - 0x00007ffd6fb22000 	C:\WINDOWS\System32\shlwapi.dll
0x00007ffd6caa0000 - 0x00007ffd6cab1000 	C:\WINDOWS\System32\kernel.appcore.dll
0x00007ffd6d880000 - 0x00007ffd6d897000 	C:\WINDOWS\System32\cryptsp.dll
0x00007ffd67f60000 - 0x00007ffd67f7a000 	C:\Program Files\Android\Android Studio\jre\jre\bin\net.dll
0x00007ffd6c300000 - 0x00007ffd6c367000 	C:\WINDOWS\system32\mswsock.dll
0x00007ffd66d60000 - 0x00007ffd66d71000 	C:\Program Files\Android\Android Studio\jre\jre\bin\nio.dll
0x00007ffd563d0000 - 0x00007ffd563f6000 	C:\Users\hp\.gradle\native\29\windows-amd64\native-platform.dll
0x00007ffd67f50000 - 0x00007ffd67f5d000 	C:\Program Files\Android\Android Studio\jre\jre\bin\management.dll
0x00007ffd6be70000 - 0x00007ffd6bea3000 	C:\WINDOWS\system32\rsaenh.dll
0x00007ffd6ce80000 - 0x00007ffd6cea6000 	C:\WINDOWS\System32\bcrypt.dll
0x00007ffd6c9b0000 - 0x00007ffd6c9d5000 	C:\WINDOWS\SYSTEM32\USERENV.dll
0x00007ffd6c4d0000 - 0x00007ffd6c4dc000 	C:\WINDOWS\SYSTEM32\CRYPTBASE.dll
0x00007ffd6c010000 - 0x00007ffd6c04a000 	C:\WINDOWS\SYSTEM32\IPHLPAPI.DLL
0x00007ffd6e4b0000 - 0x00007ffd6e4b8000 	C:\WINDOWS\System32\NSI.dll
0x00007ffd65190000 - 0x00007ffd651a6000 	C:\WINDOWS\SYSTEM32\dhcpcsvc6.DLL
0x00007ffd651d0000 - 0x00007ffd651ec000 	C:\WINDOWS\SYSTEM32\dhcpcsvc.DLL
0x00007ffd6c050000 - 0x00007ffd6c11a000 	C:\WINDOWS\SYSTEM32\DNSAPI.dll
0x00007ffd5d1f0000 - 0x00007ffd5d214000 	C:\Program Files\Android\Android Studio\jre\jre\bin\sunec.dll
0x00007ffd5cad0000 - 0x00007ffd5cada000 	C:\Windows\System32\rasadhlp.dll
0x00007ffd641f0000 - 0x00007ffd64267000 	C:\WINDOWS\System32\fwpuclnt.dll
0x00007ffd65920000 - 0x00007ffd6592b000 	C:\Program Files\Android\Android Studio\jre\jre\bin\sunmscapi.dll
0x00007ffd6cc50000 - 0x00007ffd6cd99000 	C:\WINDOWS\System32\CRYPT32.dll
0x00007ffd6cae0000 - 0x00007ffd6caf2000 	C:\WINDOWS\System32\MSASN1.dll
0x00007ffd49cc0000 - 0x00007ffd49e5c000 	C:\Program Files\Android\Android Studio\jre\jre\bin\awt.dll
0x00007ffd6e250000 - 0x00007ffd6e314000 	C:\WINDOWS\System32\OLEAUT32.dll
0x00007ffd6aea0000 - 0x00007ffd6aecd000 	C:\WINDOWS\SYSTEM32\dwmapi.dll
0x00007ffd68c70000 - 0x00007ffd69230000 	C:\WINDOWS\SYSTEM32\d2d1.dll
0x00007ffd6a5c0000 - 0x00007ffd6a64f000 	C:\WINDOWS\SYSTEM32\apphelp.dll
0x00007ffd6a410000 - 0x00007ffd6a4a9000 	C:\WINDOWS\system32\uxtheme.dll

VM Arguments:
jvm_args: -Xmx1536m -Dfile.encoding=windows-1252 -Duser.country=IN -Duser.language=en -Duser.variant 
java_command: org.gradle.launcher.daemon.bootstrap.GradleDaemon 5.4.1
java_class_path (initial): C:\Users\hp\.gradle\wrapper\dists\gradle-5.4.1-all\3221gyojl5jsh0helicew7rwx\gradle-5.4.1\lib\gradle-launcher-5.4.1.jar
Launcher Type: SUN_STANDARD

Environment Variables:
PATH=C:\Program Files (x86)\Intel\Intel(R) Management Engine Components\iCLS\;C:\Program Files\Intel\Intel(R) Management Engine Components\iCLS\;C:\windows\system32;C:\windows;C:\windows\System32\Wbem;C:\windows\System32\WindowsPowerShell\v1.0\;C:\windows\System32\OpenSSH\;C:\Program Files (x86)\Intel\Intel(R) Management Engine Components\DAL;C:\Program Files\Intel\Intel(R) Management Engine Components\DAL;C:\Program Files (x86)\Intel\Intel(R) Management Engine Components\IPT;C:\Program Files\Intel\Intel(R) Management Engine Components\IPT;C:\Program Files (x86)\NVIDIA Corporation\PhysX\Common;C:\Program Files\Java\jdk-11.0.1\bin;C:\Program Files\Java\jre1.8.0_191\bin;C:\Program Files\NVIDIA Corporation\NVIDIA NvDLISR;C:\cygwin64\bin;C:\Program Files (x86)\Microsoft SQL Server\100\Tools\Binn\;C:\Program Files\Microsoft SQL Server\100\Tools\Binn\;C:\Program Files\Microsoft SQL Server\100\DTS\Binn\;C:\Program Files\PuTTY\;C:\Program Files\Git\cmd;C:\WINDOWS\system32;C:\WINDOWS;C:\WINDOWS\System32\Wbem;C:\WINDOWS\System32\WindowsPowerShell\v1.0\;C:\WINDOWS\System32\OpenSSH\;C:\Users\hp\AppData\Local\Programs\Python\Python37\Scripts\;C:\Users\hp\AppData\Local\Programs\Python\Python37\;C:\Users\hp\AppData\Local\Microsoft\WindowsApps;C:\Users\hp\AppData\Local\Programs\Microsoft VS Code\bin;C:\Users\hp\AppData\Local\atom\bin;C:\Users\hp\AppData\Local\Programs\MiKTeX 2.9\miktex\bin\x64\;%USERPROFILE%\AppData\Local\Microsoft\WindowsApps;
USERNAME=hp
OS=Windows_NT
PROCESSOR_IDENTIFIER=Intel64 Family 6 Model 158 Stepping 10, GenuineIntel



---------------  S Y S T E M  ---------------

OS: Windows 10.0 , 64 bit Build 18362 (10.0.18362.329)

CPU:total 8 (initial active 8) (4 cores per cpu, 2 threads per core) family 6 model 158 stepping 10, cmov, cx8, fxsr, mmx, sse, sse2, sse3, ssse3, sse4.1, sse4.2, popcnt, avx, avx2, aes, clmul, erms, 3dnowpref, lzcnt, ht, tsc, tscinvbit, bmi1, bmi2, adx

Memory: 4k page, physical 8192424k(776844k free), swap 23660068k(5536k free)

vm_info: OpenJDK 64-Bit Server VM (25.202-b03) for windows-amd64 JRE (1.8.0_202-release-1483-b03), built by "builder" with MS VC++ 10.0 (VS2010)

time: Thu Jan 30 23:16:57 2020
timezone: India Standard Time
elapsed time: 177 seconds (0d 0h 2m 57s)

