#
# There is insufficient memory for the Java Runtime Environment to continue.
# Native memory allocation (malloc) failed to allocate 1003296 bytes for Chunk::new
# Possible reasons:
#   The system is out of physical RAM or swap space
#   The process is running with CompressedOops enabled, and the Java Heap may be blocking the growth of the native heap
# Possible solutions:
#   Reduce memory load on the system
#   Increase physical memory or swap space
#   Check if swap backing store is full
#   Decrease Java heap size (-Xmx/-Xms)
#   Decrease number of Java threads
#   Decrease Java thread stack sizes (-Xss)
#   Set larger code cache with -XX:ReservedCodeCacheSize=
#   JVM is running with Unscaled Compressed Oops mode in which the Java heap is
#     placed in the first 4GB address space. The Java Heap base address is the
#     maximum limit for the native heap growth. Please use -XX:HeapBaseMinAddress
#     to set the Java Heap base and to place the Java Heap above 4GB virtual address.
# This output file may be truncated or incomplete.
#
#  Out of Memory Error (allocation.cpp:389), pid=9480, tid=0x0000000000003080
#
# JRE version: OpenJDK Runtime Environment (8.0_202-b03) (build 1.8.0_202-release-1483-b03)
# Java VM: OpenJDK 64-Bit Server VM (25.202-b03 mixed mode windows-amd64 compressed oops)
# Failed to write core dump. Minidumps are not enabled by default on client versions of Windows
#

---------------  T H R E A D  ---------------

Current thread (0x0000000018a6f800):  JavaThread "C2 CompilerThread2" daemon [_thread_in_native, id=12416, stack(0x0000000019540000,0x0000000019640000)]

Stack: [0x0000000019540000,0x0000000019640000]
[error occurred during error reporting (printing stack bounds), id 0xc0000005]

Native frames: (J=compiled Java code, j=interpreted, Vv=VM code, C=native code)


Current CompileTask:
C2:3403562 19362       4       com.android.tools.r8.ir.conversion.IRBuilder::a (184 bytes)


---------------  P R O C E S S  ---------------

Java Threads: ( => current thread )
  0x000000002278b000 JavaThread "WorkerExecutor Queue Thread 7" [_thread_blocked, id=16840, stack(0x000000002a260000,0x000000002a360000)]
  0x000000001e125800 JavaThread "ForkJoinPool.commonPool-worker-0" daemon [_thread_blocked, id=6928, stack(0x000000002a970000,0x000000002aa70000)]
  0x0000000019d84000 JavaThread "ForkJoinPool.commonPool-worker-7" daemon [_thread_blocked, id=11032, stack(0x000000002a870000,0x000000002a970000)]
  0x0000000019d81800 JavaThread "ForkJoinPool.commonPool-worker-6" daemon [_thread_blocked, id=9272, stack(0x000000002a770000,0x000000002a870000)]
  0x000000001ef6d000 JavaThread "ForkJoinPool.commonPool-worker-5" daemon [_thread_blocked, id=2784, stack(0x000000002a670000,0x000000002a770000)]
  0x000000001ef65800 JavaThread "ForkJoinPool.commonPool-worker-4" daemon [_thread_blocked, id=11560, stack(0x000000002a570000,0x000000002a670000)]
  0x000000001ef6b800 JavaThread "ForkJoinPool.commonPool-worker-3" daemon [_thread_blocked, id=13216, stack(0x000000002a470000,0x000000002a570000)]
  0x000000001ef6a800 JavaThread "ForkJoinPool.commonPool-worker-2" daemon [_thread_blocked, id=3084, stack(0x000000002a370000,0x000000002a470000)]
  0x000000001ef67000 JavaThread "WorkerExecutor Queue Thread 6" [_thread_blocked, id=7028, stack(0x0000000029d60000,0x0000000029e60000)]
  0x000000001ef64800 JavaThread "WorkerExecutor Queue Thread 5" [_thread_blocked, id=13024, stack(0x0000000029c60000,0x0000000029d60000)]
  0x000000001ef6a000 JavaThread "WorkerExecutor Queue Thread 4" [_thread_blocked, id=1008, stack(0x0000000029b60000,0x0000000029c60000)]
  0x0000000019e5e000 JavaThread "WorkerExecutor Queue Thread 3" [_thread_blocked, id=16692, stack(0x0000000029460000,0x0000000029560000)]
  0x0000000019e62800 JavaThread "WorkerExecutor Queue Thread 2" [_thread_in_native, id=14176, stack(0x0000000028c60000,0x0000000028d60000)]
  0x0000000019e63000 JavaThread "WorkerExecutor Queue" [_thread_in_native, id=10304, stack(0x0000000028960000,0x0000000028a60000)]
  0x0000000019e5f800 JavaThread "Cache worker for Java compile cache (C:\Users\hp\AndroidStudioProjects\MyApplication\FirstTry\.gradle\5.4.1\javaCompile)" [_thread_blocked, id=12472, stack(0x0000000028860000,0x0000000028960000)]
  0x0000000019e5d000 JavaThread "Cache worker for execution history cache (C:\Users\hp\AndroidStudioProjects\MyApplication\FirstTry\.gradle\5.4.1\executionHistory)" [_thread_blocked, id=13564, stack(0x0000000028d80000,0x0000000028e80000)]
  0x0000000019e55800 JavaThread "Execution worker for ':' Thread 7" [_thread_blocked, id=16064, stack(0x0000000028760000,0x0000000028860000)]
  0x0000000019e56800 JavaThread "Execution worker for ':' Thread 6" [_thread_blocked, id=9316, stack(0x0000000028660000,0x0000000028760000)]
  0x0000000019e5c800 JavaThread "Execution worker for ':' Thread 5" [_thread_blocked, id=15620, stack(0x0000000028560000,0x0000000028660000)]
  0x0000000019e55000 JavaThread "Execution worker for ':' Thread 4" [_thread_blocked, id=12320, stack(0x0000000028460000,0x0000000028560000)]
  0x0000000019e57000 JavaThread "Execution worker for ':' Thread 3" [_thread_blocked, id=4952, stack(0x0000000028360000,0x0000000028460000)]
  0x0000000019e5b800 JavaThread "Execution worker for ':' Thread 2" [_thread_blocked, id=8252, stack(0x0000000028260000,0x0000000028360000)]
  0x0000000019e54000 JavaThread "Execution worker for ':'" [_thread_blocked, id=4172, stack(0x0000000024f70000,0x0000000025070000)]
  0x0000000019e58000 JavaThread "Cache worker for file content cache (C:\Users\hp\AndroidStudioProjects\MyApplication\FirstTry\.gradle\5.4.1\fileContent)" [_thread_blocked, id=17116, stack(0x0000000024c50000,0x0000000024d50000)]
  0x0000000019e5a000 JavaThread "Cache worker for Build Output Cleanup Cache (C:\Users\hp\AndroidStudioProjects\MyApplication\FirstTry\.gradle\buildOutputCleanup)" [_thread_blocked, id=8528, stack(0x0000000023d30000,0x0000000023e30000)]
  0x0000000019e59800 JavaThread "Build operations Thread 8" [_thread_blocked, id=5936, stack(0x0000000023630000,0x0000000023730000)]
  0x000000001e131800 JavaThread "Build operations Thread 7" [_thread_blocked, id=5732, stack(0x0000000023530000,0x0000000023630000)]
  0x000000001e130000 JavaThread "Build operations Thread 6" [_thread_blocked, id=16216, stack(0x0000000023430000,0x0000000023530000)]
  0x000000001e12f000 JavaThread "Build operations Thread 5" [_thread_blocked, id=2384, stack(0x0000000023330000,0x0000000023430000)]
  0x000000001e12d800 JavaThread "Build operations Thread 4" [_thread_blocked, id=3408, stack(0x0000000023230000,0x0000000023330000)]
  0x000000001e130800 JavaThread "Build operations Thread 3" [_thread_blocked, id=9776, stack(0x0000000021f00000,0x0000000022000000)]
  0x000000001e126000 JavaThread "Build operations Thread 2" [_thread_blocked, id=3144, stack(0x0000000021c00000,0x0000000021d00000)]
  0x000000001e12d000 JavaThread "Build operations" [_thread_blocked, id=14504, stack(0x00000000203a0000,0x00000000204a0000)]
  0x000000001e12c000 JavaThread "Cache worker for cache directory md-rule (C:\Users\hp\.gradle\caches\5.4.1\md-rule)" [_thread_blocked, id=9912, stack(0x000000001fe00000,0x000000001ff00000)]
  0x000000001e124800 JavaThread "Cache worker for cache directory md-supplier (C:\Users\hp\.gradle\caches\5.4.1\md-supplier)" [_thread_blocked, id=12532, stack(0x000000001fd00000,0x000000001fe00000)]
  0x000000001e12b800 JavaThread "Cache worker for file hash cache (C:\Users\hp\AndroidStudioProjects\MyApplication\FirstTry\.gradle\5.4.1\fileHashes)" [_thread_blocked, id=15796, stack(0x000000001c390000,0x000000001c490000)]
  0x000000001e124000 JavaThread "Thread-124" [_thread_blocked, id=716, stack(0x000000001bf90000,0x000000001c090000)]
  0x000000001e12a000 JavaThread "Stdin handler" [_thread_blocked, id=6480, stack(0x000000001be90000,0x000000001bf90000)]
  0x000000001e129000 JavaThread "Asynchronous log dispatcher for DefaultDaemonConnection: socket connection from /127.0.0.1:49849 to /127.0.0.1:50634" [_thread_blocked, id=12000, stack(0x000000001bb90000,0x000000001bc90000)]
  0x000000001e127800 JavaThread "Cancel handler" [_thread_blocked, id=256, stack(0x0000000001280000,0x0000000001380000)]
  0x000000001e127000 JavaThread "Handler for socket connection from /127.0.0.1:49849 to /127.0.0.1:50634" [_thread_in_native, id=16592, stack(0x0000000001180000,0x0000000001280000)]
  0x000000001e128800 JavaThread "Cache worker for Java compile cache (C:\Users\hp\.gradle\caches\5.4.1\javaCompile)" [_thread_blocked, id=148, stack(0x0000000029360000,0x0000000029460000)]
  0x0000000019e5e800 JavaThread "Cache worker for file content cache (C:\Users\hp\.gradle\caches\5.4.1\fileContent)" [_thread_blocked, id=3560, stack(0x0000000024b50000,0x0000000024c50000)]
  0x000000001ef69000 JavaThread "Daemon worker Thread 4" [_thread_in_Java, id=6184, stack(0x000000001ba90000,0x000000001bb90000)]
  0x000000001ef68800 JavaThread "Daemon Thread 4" [_thread_blocked, id=5352, stack(0x0000000001080000,0x0000000001180000)]
  0x000000001ef6d800 JavaThread "Memory manager" [_thread_blocked, id=16348, stack(0x0000000024030000,0x0000000024130000)]
  0x000000001ef66000 JavaThread "Cache worker for execution history cache (C:\Users\hp\.gradle\caches\5.4.1\executionHistory)" [_thread_blocked, id=15672, stack(0x0000000021900000,0x0000000021a00000)]
  0x0000000019d7d800 JavaThread "Cache worker for journal cache (C:\Users\hp\.gradle\caches\journal-1)" [_thread_blocked, id=6764, stack(0x000000001d660000,0x000000001d760000)]
  0x0000000019d83000 JavaThread "File lock request listener" [_thread_in_native, id=7268, stack(0x000000001d560000,0x000000001d660000)]
  0x0000000019d80800 JavaThread "Cache worker for file hash cache (C:\Users\hp\.gradle\caches\5.4.1\fileHashes)" [_thread_blocked, id=9828, stack(0x000000001d460000,0x000000001d560000)]
  0x00000000199ed000 JavaThread "Daemon periodic checks" [_thread_blocked, id=6676, stack(0x000000001b990000,0x000000001ba90000)]
  0x0000000018d8c800 JavaThread "Incoming local TCP Connector on port 49849" [_thread_in_native, id=15168, stack(0x000000001b750000,0x000000001b850000)]
  0x000000001a9e5800 JavaThread "Daemon health stats" [_thread_blocked, id=12480, stack(0x000000001b110000,0x000000001b210000)]
  0x0000000018af9000 JavaThread "Service Thread" daemon [_thread_blocked, id=12616, stack(0x0000000019740000,0x0000000019840000)]
  0x0000000018a7d000 JavaThread "C1 CompilerThread3" daemon [_thread_blocked, id=12620, stack(0x0000000019640000,0x0000000019740000)]
=>0x0000000018a6f800 JavaThread "C2 CompilerThread2" daemon [_thread_in_native, id=12416, stack(0x0000000019540000,0x0000000019640000)]
  0x0000000018a69800 JavaThread "C2 CompilerThread1" daemon [_thread_in_native, id=12436, stack(0x0000000019440000,0x0000000019540000)]
  0x0000000018a66000 JavaThread "C2 CompilerThread0" daemon [_thread_in_native, id=12352, stack(0x0000000019340000,0x0000000019440000)]
  0x0000000018a75800 JavaThread "Attach Listener" daemon [_thread_blocked, id=12424, stack(0x0000000019240000,0x0000000019340000)]
  0x0000000018a74800 JavaThread "Signal Dispatcher" daemon [_thread_blocked, id=12592, stack(0x0000000019140000,0x0000000019240000)]
  0x0000000018a60800 JavaThread "Finalizer" daemon [_thread_blocked, id=12588, stack(0x0000000018f40000,0x0000000019040000)]
  0x0000000016c4c000 JavaThread "Reference Handler" daemon [_thread_blocked, id=12576, stack(0x0000000018e40000,0x0000000018f40000)]
  0x0000000002d8e000 JavaThread "main" [_thread_blocked, id=12368, stack(0x0000000002be0000,0x0000000002ce0000)]

Other Threads:
  0x0000000016c48000 VMThread [stack: 0x0000000018940000,0x0000000018a40000] [id=12572]
  0x0000000018af9800 WatcherThread [stack: 0x0000000019840000,0x0000000019940000] [id=12584]

VM state:not at safepoint (normal execution)

VM Mutex/Monitor currently owned by a thread: None

heap address: 0x00000000a0000000, size: 1536 MB, Compressed Oops mode: 32-bit
Narrow klass base: 0x0000000000000000, Narrow klass shift: 3
Compressed class space size: 1073741824 Address: 0x0000000100000000

Heap:
 PSYoungGen      total 260096K, used 57068K [0x00000000e0000000, 0x00000000f3700000, 0x0000000100000000)
  eden space 209920K, 13% used [0x00000000e0000000,0x00000000e1b50e10,0x00000000ecd00000)
  from space 50176K, 57% used [0x00000000efe00000,0x00000000f1a6a408,0x00000000f2f00000)
  to   space 50176K, 0% used [0x00000000ecd00000,0x00000000ecd00000,0x00000000efe00000)
 ParOldGen       total 123904K, used 71087K [0x00000000a0000000, 0x00000000a7900000, 0x00000000e0000000)
  object space 123904K, 57% used [0x00000000a0000000,0x00000000a456bd70,0x00000000a7900000)
 Metaspace       used 97384K, capacity 101462K, committed 101848K, reserved 1138688K
  class space    used 12361K, capacity 13191K, committed 13312K, reserved 1048576K

Card table byte_map: [0x0000000012250000,0x0000000012560000] byte_map_base: 0x0000000011d50000

Marking Bits: (ParMarkBitMap*) 0x0000000076d19f30
 Begin Bits: [0x0000000012f60000, 0x0000000014760000)
 End Bits:   [0x0000000014760000, 0x0000000015f60000)

Polling page: 0x0000000001420000

CodeCache: size=245760Kb used=58948Kb max_used=58958Kb free=186811Kb
 bounds [0x0000000002e90000, 0x0000000006870000, 0x0000000011e90000]
 total_blobs=17749 nmethods=16842 adapters=819
 compilation: enabled

Compilation events (10 events):
Event: 3403.547 Thread 0x0000000018a7d000 nmethod 20556 0x000000000685ff50 code [0x0000000006860180, 0x0000000006860758]
Event: 3403.547 Thread 0x0000000018a66000 20354       4       sun.nio.fs.WindowsPath::getFileName (87 bytes)
Event: 3403.547 Thread 0x0000000018a7d000 20558       2       com.android.tools.r8.ir.analysis.type.Nullability::a (29 bytes)
Event: 3403.548 Thread 0x0000000018a7d000 nmethod 20558 0x000000000685fb90 code [0x000000000685fd00, 0x000000000685feb0]
Event: 3403.548 Thread 0x0000000018a7d000 20559       2       com.android.tools.r8.ir.optimize.CodeRewriter::c (210 bytes)
Event: 3403.551 Thread 0x0000000018a7d000 nmethod 20559 0x0000000006862990 code [0x0000000006862ca0, 0x0000000006863a78]
Event: 3403.551 Thread 0x0000000018a7d000 20560       2       com.android.tools.r8.n.a.a.a.g.B0::d (191 bytes)
Event: 3403.552 Thread 0x0000000018a7d000 nmethod 20560 0x000000000685ec90 code [0x000000000685ee80, 0x000000000685f568]
Event: 3403.552 Thread 0x0000000018a7d000 20557       2       com.android.tools.r8.ir.analysis.type.ClassTypeLatticeElement::a (217 bytes)
Event: 3403.554 Thread 0x0000000018a7d000 nmethod 20557 0x000000000685e290 code [0x000000000685e4a0, 0x000000000685e938]

GC Heap History (10 events):
Event: 3400.054 GC heap before
{Heap before GC invocations=24 (full 3):
 PSYoungGen      total 215040K, used 215012K [0x00000000e0000000, 0x00000000f1300000, 0x0000000100000000)
  eden space 182272K, 100% used [0x00000000e0000000,0x00000000eb200000,0x00000000eb200000)
  from space 32768K, 99% used [0x00000000eed00000,0x00000000f0cf9280,0x00000000f0d00000)
  to   space 49664K, 0% used [0x00000000eb200000,0x00000000eb200000,0x00000000ee280000)
 ParOldGen       total 123904K, used 92677K [0x00000000a0000000, 0x00000000a7900000, 0x00000000e0000000)
  object space 123904K, 74% used [0x00000000a0000000,0x00000000a5a817d0,0x00000000a7900000)
 Metaspace       used 89177K, capacity 93094K, committed 93272K, reserved 1130496K
  class space    used 11304K, capacity 12120K, committed 12160K, reserved 1048576K
Event: 3400.098 GC heap after
Heap after GC invocations=24 (full 3):
 PSYoungGen      total 207872K, used 31278K [0x00000000e0000000, 0x00000000f1000000, 0x0000000100000000)
  eden space 176128K, 0% used [0x00000000e0000000,0x00000000e0000000,0x00000000eac00000)
  from space 31744K, 98% used [0x00000000eb200000,0x00000000ed08bbe0,0x00000000ed100000)
  to   space 51200K, 0% used [0x00000000ede00000,0x00000000ede00000,0x00000000f1000000)
 ParOldGen       total 123904K, used 109316K [0x00000000a0000000, 0x00000000a7900000, 0x00000000e0000000)
  object space 123904K, 88% used [0x00000000a0000000,0x00000000a6ac11c0,0x00000000a7900000)
 Metaspace       used 89177K, capacity 93094K, committed 93272K, reserved 1130496K
  class space    used 11304K, capacity 12120K, committed 12160K, reserved 1048576K
}
Event: 3400.098 GC heap before
{Heap before GC invocations=25 (full 4):
 PSYoungGen      total 207872K, used 31278K [0x00000000e0000000, 0x00000000f1000000, 0x0000000100000000)
  eden space 176128K, 0% used [0x00000000e0000000,0x00000000e0000000,0x00000000eac00000)
  from space 31744K, 98% used [0x00000000eb200000,0x00000000ed08bbe0,0x00000000ed100000)
  to   space 51200K, 0% used [0x00000000ede00000,0x00000000ede00000,0x00000000f1000000)
 ParOldGen       total 123904K, used 109316K [0x00000000a0000000, 0x00000000a7900000, 0x00000000e0000000)
  object space 123904K, 88% used [0x00000000a0000000,0x00000000a6ac11c0,0x00000000a7900000)
 Metaspace       used 89177K, capacity 93094K, committed 93272K, reserved 1130496K
  class space    used 11304K, capacity 12120K, committed 12160K, reserved 1048576K
Event: 3400.472 GC heap after
Heap after GC invocations=25 (full 4):
 PSYoungGen      total 207872K, used 0K [0x00000000e0000000, 0x00000000f1000000, 0x0000000100000000)
  eden space 176128K, 0% used [0x00000000e0000000,0x00000000e0000000,0x00000000eac00000)
  from space 31744K, 0% used [0x00000000eb200000,0x00000000eb200000,0x00000000ed100000)
  to   space 51200K, 0% used [0x00000000ede00000,0x00000000ede00000,0x00000000f1000000)
 ParOldGen       total 123904K, used 71071K [0x00000000a0000000, 0x00000000a7900000, 0x00000000e0000000)
  object space 123904K, 57% used [0x00000000a0000000,0x00000000a4567d70,0x00000000a7900000)
 Metaspace       used 88527K, capacity 91558K, committed 93272K, reserved 1130496K
  class space    used 11142K, capacity 11827K, committed 12160K, reserved 1048576K
}
Event: 3401.634 GC heap before
{Heap before GC invocations=26 (full 4):
 PSYoungGen      total 207872K, used 176128K [0x00000000e0000000, 0x00000000f1000000, 0x0000000100000000)
  eden space 176128K, 100% used [0x00000000e0000000,0x00000000eac00000,0x00000000eac00000)
  from space 31744K, 0% used [0x00000000eb200000,0x00000000eb200000,0x00000000ed100000)
  to   space 51200K, 0% used [0x00000000ede00000,0x00000000ede00000,0x00000000f1000000)
 ParOldGen       total 123904K, used 71071K [0x00000000a0000000, 0x00000000a7900000, 0x00000000e0000000)
  object space 123904K, 57% used [0x00000000a0000000,0x00000000a4567d70,0x00000000a7900000)
 Metaspace       used 95279K, capacity 99026K, committed 99416K, reserved 1136640K
  class space    used 12177K, capacity 12955K, committed 13184K, reserved 1048576K
Event: 3401.654 GC heap after
Heap after GC invocations=26 (full 4):
 PSYoungGen      total 229376K, used 15859K [0x00000000e0000000, 0x00000000f2780000, 0x0000000100000000)
  eden space 178176K, 0% used [0x00000000e0000000,0x00000000e0000000,0x00000000eae00000)
  from space 51200K, 30% used [0x00000000ede00000,0x00000000eed7cd18,0x00000000f1000000)
  to   space 49152K, 0% used [0x00000000eae00000,0x00000000eae00000,0x00000000ede00000)
 ParOldGen       total 123904K, used 71079K [0x00000000a0000000, 0x00000000a7900000, 0x00000000e0000000)
  object space 123904K, 57% used [0x00000000a0000000,0x00000000a4569d70,0x00000000a7900000)
 Metaspace       used 95279K, capacity 99026K, committed 99416K, reserved 1136640K
  class space    used 12177K, capacity 12955K, committed 13184K, reserved 1048576K
}
Event: 3402.708 GC heap before
{Heap before GC invocations=27 (full 4):
 PSYoungGen      total 229376K, used 194035K [0x00000000e0000000, 0x00000000f2780000, 0x0000000100000000)
  eden space 178176K, 100% used [0x00000000e0000000,0x00000000eae00000,0x00000000eae00000)
  from space 51200K, 30% used [0x00000000ede00000,0x00000000eed7cd18,0x00000000f1000000)
  to   space 49152K, 0% used [0x00000000eae00000,0x00000000eae00000,0x00000000ede00000)
 ParOldGen       total 123904K, used 71079K [0x00000000a0000000, 0x00000000a7900000, 0x00000000e0000000)
  object space 123904K, 57% used [0x00000000a0000000,0x00000000a4569d70,0x00000000a7900000)
 Metaspace       used 96501K, capacity 100368K, committed 100824K, reserved 1136640K
  class space    used 12273K, capacity 13072K, committed 13312K, reserved 1048576K
Event: 3402.728 GC heap after
Heap after GC invocations=27 (full 4):
 PSYoungGen      total 227328K, used 30471K [0x00000000e0000000, 0x00000000f2f00000, 0x0000000100000000)
  eden space 178176K, 0% used [0x00000000e0000000,0x00000000e0000000,0x00000000eae00000)
  from space 49152K, 61% used [0x00000000eae00000,0x00000000ecbc1c98,0x00000000ede00000)
  to   space 50176K, 0% used [0x00000000efe00000,0x00000000efe00000,0x00000000f2f00000)
 ParOldGen       total 123904K, used 71087K [0x00000000a0000000, 0x00000000a7900000, 0x00000000e0000000)
  object space 123904K, 57% used [0x00000000a0000000,0x00000000a456bd70,0x00000000a7900000)
 Metaspace       used 96501K, capacity 100368K, committed 100824K, reserved 1136640K
  class space    used 12273K, capacity 13072K, committed 13312K, reserved 1048576K
}
Event: 3403.374 GC heap before
{Heap before GC invocations=28 (full 4):
 PSYoungGen      total 227328K, used 208647K [0x00000000e0000000, 0x00000000f2f00000, 0x0000000100000000)
  eden space 178176K, 100% used [0x00000000e0000000,0x00000000eae00000,0x00000000eae00000)
  from space 49152K, 61% used [0x00000000eae00000,0x00000000ecbc1c98,0x00000000ede00000)
  to   space 50176K, 0% used [0x00000000efe00000,0x00000000efe00000,0x00000000f2f00000)
 ParOldGen       total 123904K, used 71087K [0x00000000a0000000, 0x00000000a7900000, 0x00000000e0000000)
  object space 123904K, 57% used [0x00000000a0000000,0x00000000a456bd70,0x00000000a7900000)
 Metaspace       used 97259K, capacity 101320K, committed 101592K, reserved 1138688K
  class space    used 12359K, capacity 13188K, committed 13312K, reserved 1048576K
Event: 3403.404 GC heap after
Heap after GC invocations=28 (full 4):
 PSYoungGen      total 260096K, used 29097K [0x00000000e0000000, 0x00000000f3700000, 0x0000000100000000)
  eden space 209920K, 0% used [0x00000000e0000000,0x00000000e0000000,0x00000000ecd00000)
  from space 50176K, 57% used [0x00000000efe00000,0x00000000f1a6a408,0x00000000f2f00000)
  to   space 50176K, 0% used [0x00000000ecd00000,0x00000000ecd00000,0x00000000efe00000)
 ParOldGen       total 123904K, used 71087K [0x00000000a0000000, 0x00000000a7900000, 0x00000000e0000000)
  object space 123904K, 57% used [0x00000000a0000000,0x00000000a456bd70,0x00000000a7900000)
 Metaspace       used 97259K, capacity 101320K, committed 101592K, reserved 1138688K
  class space    used 12359K, capacity 13188K, committed 13312K, reserved 1048576K
}

Deoptimization events (10 events):
Event: 3403.151 Thread 0x0000000019e63000 Uncommon trap: reason=class_check action=maybe_recompile pc=0x0000000004208868 method=java.lang.StringCoding.decode(Ljava/nio/charset/Charset;[BII)[C @ 1
Event: 3403.154 Thread 0x0000000019e63000 Uncommon trap: reason=bimorphic action=maybe_recompile pc=0x00000000030fb454 method=java.security.MessageDigest$Delegate.clone()Ljava/lang/Object; @ 14
Event: 3403.154 Thread 0x0000000019e63000 Uncommon trap: reason=class_check action=maybe_recompile pc=0x0000000004208868 method=java.lang.StringCoding.decode(Ljava/nio/charset/Charset;[BII)[C @ 1
Event: 3403.156 Thread 0x0000000019e63000 Uncommon trap: reason=class_check action=maybe_recompile pc=0x0000000004208868 method=java.lang.StringCoding.decode(Ljava/nio/charset/Charset;[BII)[C @ 1
Event: 3403.157 Thread 0x0000000019e63000 Uncommon trap: reason=class_check action=maybe_recompile pc=0x0000000004208868 method=java.lang.StringCoding.decode(Ljava/nio/charset/Charset;[BII)[C @ 1
Event: 3403.273 Thread 0x0000000019e63000 Uncommon trap: reason=class_check action=maybe_recompile pc=0x0000000006146c50 method=com.android.tools.build.apkzlib.zip.CentralDirectoryHeader.getCompressionInfoWithWait()Lcom/android/tools/build/apkzlib/zip/CentralDirectoryHeaderCompressInfo; @ 4
Event: 3403.273 Thread 0x0000000019e63000 Uncommon trap: reason=unstable_if action=reinterpret pc=0x000000000632e0d4 method=com.android.tools.build.apkzlib.zip.ExtraField.size()I @ 4
Event: 3403.273 Thread 0x0000000019e63000 Uncommon trap: reason=class_check action=maybe_recompile pc=0x0000000006146c50 method=com.android.tools.build.apkzlib.zip.CentralDirectoryHeader.getCompressionInfoWithWait()Lcom/android/tools/build/apkzlib/zip/CentralDirectoryHeaderCompressInfo; @ 4
Event: 3403.281 Thread 0x0000000019e63000 Uncommon trap: reason=class_check action=maybe_recompile pc=0x0000000006146c50 method=com.android.tools.build.apkzlib.zip.CentralDirectoryHeader.getCompressionInfoWithWait()Lcom/android/tools/build/apkzlib/zip/CentralDirectoryHeaderCompressInfo; @ 4
Event: 3403.408 Thread 0x0000000019e63000 Uncommon trap: reason=class_check action=maybe_recompile pc=0x0000000006146c50 method=com.android.tools.build.apkzlib.zip.CentralDirectoryHeader.getCompressionInfoWithWait()Lcom/android/tools/build/apkzlib/zip/CentralDirectoryHeaderCompressInfo; @ 4

Classes redefined (0 events):
No events

Internal exceptions (10 events):
Event: 3401.348 Thread 0x000000001ef64800 Exception <a 'sun/nio/fs/WindowsException'> (0x00000000e87e0b78) thrown at [D:\src\AOSP-openjdk-cygwin\jdk8u\hotspot\src\share\vm\prims\jni.cpp, line 710]
Event: 3401.351 Thread 0x000000001ef64800 Exception <a 'sun/nio/fs/WindowsException'> (0x00000000e87e8aa8) thrown at [D:\src\AOSP-openjdk-cygwin\jdk8u\hotspot\src\share\vm\prims\jni.cpp, line 710]
Event: 3401.679 Thread 0x000000001ef69000 Exception <a 'sun/nio/fs/WindowsException'> (0x00000000e0880b68) thrown at [D:\src\AOSP-openjdk-cygwin\jdk8u\hotspot\src\share\vm\prims\jni.cpp, line 710]
Event: 3401.918 Thread 0x0000000019e54000 Exception <a 'java/lang/NoSuchMethodError': <clinit>> (0x00000000e308c708) thrown at [D:\src\AOSP-openjdk-cygwin\jdk8u\hotspot\src\share\vm\prims\jni.cpp, line 1614]
Event: 3402.086 Thread 0x0000000019e55800 Exception <a 'sun/nio/fs/WindowsException'> (0x00000000e4754d18) thrown at [D:\src\AOSP-openjdk-cygwin\jdk8u\hotspot\src\share\vm\prims\jni.cpp, line 710]
Event: 3402.555 Thread 0x000000001ef67000 Exception <a 'sun/nio/fs/WindowsException'> (0x00000000e8635198) thrown at [D:\src\AOSP-openjdk-cygwin\jdk8u\hotspot\src\share\vm\prims\jni.cpp, line 710]
Event: 3402.739 Thread 0x000000002278d000 Implicit null exception at 0x0000000004518c2f to 0x0000000004518d21
Event: 3402.739 Thread 0x0000000022789800 Implicit null exception at 0x0000000004518c2f to 0x0000000004518d21
Event: 3403.078 Thread 0x0000000022789800 Exception <a 'sun/nio/fs/WindowsException'> (0x00000000e4471368) thrown at [D:\src\AOSP-openjdk-cygwin\jdk8u\hotspot\src\share\vm\prims\jni.cpp, line 710]
Event: 3403.273 Thread 0x0000000019e63000 Implicit null exception at 0x000000000632e0b0 to 0x000000000632e0c0

Events (10 events):
Event: 3403.408 Thread 0x0000000019e63000 DEOPT PACKING pc=0x0000000006146c50 sp=0x0000000028a5dd90
Event: 3403.408 Thread 0x0000000019e63000 DEOPT UNPACKING pc=0x0000000002ed557b sp=0x0000000028a5dd18 mode 2
Event: 3403.412 loading class com/android/tools/build/apkzlib/zip/ZFile
Event: 3403.412 loading class com/android/tools/build/apkzlib/zip/ZFile done
Event: 3403.414 loading class com/android/tools/build/apkzlib/utils/CachedFileContents
Event: 3403.414 loading class com/android/tools/build/apkzlib/utils/CachedFileContents done
Event: 3403.416 loading class com/android/tools/build/apkzlib/zip/ZFileExtension
Event: 3403.416 loading class com/android/tools/build/apkzlib/zip/ZFileExtension done
Event: 3403.416 loading class com/android/tools/build/apkzlib/utils/IOExceptionFunction
Event: 3403.416 loading class com/android/tools/build/apkzlib/utils/IOExceptionFunction done


Dynamic libraries:
0x00007ff784910000 - 0x00007ff784941000 	C:\Program Files\Android\Android Studio\jre\bin\java.exe
0x00007ffd6fbc0000 - 0x00007ffd6fdb0000 	C:\WINDOWS\SYSTEM32\ntdll.dll
0x00007ffd6edf0000 - 0x00007ffd6eea2000 	C:\WINDOWS\System32\KERNEL32.DLL
0x00007ffd6d9c0000 - 0x00007ffd6dc63000 	C:\WINDOWS\System32\KERNELBASE.dll
0x00007ffd6e4c0000 - 0x00007ffd6e563000 	C:\WINDOWS\System32\ADVAPI32.dll
0x00007ffd6f5d0000 - 0x00007ffd6f66e000 	C:\WINDOWS\System32\msvcrt.dll
0x00007ffd6f340000 - 0x00007ffd6f3d7000 	C:\WINDOWS\System32\sechost.dll
0x00007ffd6ec60000 - 0x00007ffd6ed80000 	C:\WINDOWS\System32\RPCRT4.dll
0x00007ffd6f700000 - 0x00007ffd6f894000 	C:\WINDOWS\System32\USER32.dll
0x00007ffd6cda0000 - 0x00007ffd6cdc1000 	C:\WINDOWS\System32\win32u.dll
0x00007ffd6f6d0000 - 0x00007ffd6f6f6000 	C:\WINDOWS\System32\GDI32.dll
0x00007ffd6ceb0000 - 0x00007ffd6d044000 	C:\WINDOWS\System32\gdi32full.dll
0x00007ffd6d920000 - 0x00007ffd6d9be000 	C:\WINDOWS\System32\msvcp_win.dll
0x00007ffd6cb50000 - 0x00007ffd6cc4a000 	C:\WINDOWS\System32\ucrtbase.dll
0x00007ffd5b0e0000 - 0x00007ffd5b365000 	C:\WINDOWS\WinSxS\amd64_microsoft.windows.common-controls_6595b64144ccf1df_6.0.18362.592_none_e6c0b1911312be02\COMCTL32.dll
0x00007ffd6ef80000 - 0x00007ffd6f2b6000 	C:\WINDOWS\System32\combase.dll
0x00007ffd6d8a0000 - 0x00007ffd6d920000 	C:\WINDOWS\System32\bcryptPrimitives.dll
0x00007ffd6fb30000 - 0x00007ffd6fb5e000 	C:\WINDOWS\System32\IMM32.DLL
0x00000000761d0000 - 0x00000000762a2000 	C:\Program Files\Android\Android Studio\jre\jre\bin\msvcr100.dll
0x0000000076550000 - 0x0000000076d96000 	C:\Program Files\Android\Android Studio\jre\jre\bin\server\jvm.dll
0x00007ffd6e240000 - 0x00007ffd6e248000 	C:\WINDOWS\System32\PSAPI.DLL
0x00007ffd418d0000 - 0x00007ffd418d9000 	C:\WINDOWS\SYSTEM32\WSOCK32.dll
0x00007ffd6ed80000 - 0x00007ffd6edef000 	C:\WINDOWS\System32\WS2_32.dll
0x00007ffd65940000 - 0x00007ffd6594a000 	C:\WINDOWS\SYSTEM32\VERSION.dll
0x00007ffd67d40000 - 0x00007ffd67d64000 	C:\WINDOWS\SYSTEM32\WINMM.dll
0x00007ffd67d10000 - 0x00007ffd67d3d000 	C:\WINDOWS\SYSTEM32\WINMMBASE.dll
0x00007ffd6d050000 - 0x00007ffd6d09a000 	C:\WINDOWS\System32\cfgmgr32.dll
0x00007ffd3fab0000 - 0x00007ffd3fabf000 	C:\Program Files\Android\Android Studio\jre\jre\bin\verify.dll
0x00007ffd35610000 - 0x00007ffd35639000 	C:\Program Files\Android\Android Studio\jre\jre\bin\java.dll
0x00007ffd31d10000 - 0x00007ffd31d26000 	C:\Program Files\Android\Android Studio\jre\jre\bin\zip.dll
0x00007ffd6e570000 - 0x00007ffd6ec55000 	C:\WINDOWS\System32\SHELL32.dll
0x00007ffd6f520000 - 0x00007ffd6f5c9000 	C:\WINDOWS\System32\shcore.dll
0x00007ffd6d100000 - 0x00007ffd6d87f000 	C:\WINDOWS\System32\windows.storage.dll
0x00007ffd6cac0000 - 0x00007ffd6cadf000 	C:\WINDOWS\System32\profapi.dll
0x00007ffd6cb00000 - 0x00007ffd6cb4a000 	C:\WINDOWS\System32\powrprof.dll
0x00007ffd6ca90000 - 0x00007ffd6caa0000 	C:\WINDOWS\System32\UMPDC.dll
0x00007ffd6fad0000 - 0x00007ffd6fb22000 	C:\WINDOWS\System32\shlwapi.dll
0x00007ffd6caa0000 - 0x00007ffd6cab1000 	C:\WINDOWS\System32\kernel.appcore.dll
0x00007ffd6d880000 - 0x00007ffd6d897000 	C:\WINDOWS\System32\cryptsp.dll
0x00007ffd24220000 - 0x00007ffd2423a000 	C:\Program Files\Android\Android Studio\jre\jre\bin\net.dll
0x00007ffd6c300000 - 0x00007ffd6c367000 	C:\WINDOWS\system32\mswsock.dll
0x00007ffd24200000 - 0x00007ffd24211000 	C:\Program Files\Android\Android Studio\jre\jre\bin\nio.dll
0x00007ffd66d50000 - 0x00007ffd66d76000 	C:\Users\hp\.gradle\native\29\windows-amd64\native-platform.dll
0x00007ffd3b120000 - 0x00007ffd3b12d000 	C:\Program Files\Android\Android Studio\jre\jre\bin\management.dll
0x00007ffd6be70000 - 0x00007ffd6bea3000 	C:\WINDOWS\system32\rsaenh.dll
0x00007ffd6ce80000 - 0x00007ffd6cea6000 	C:\WINDOWS\System32\bcrypt.dll
0x00007ffd6c9b0000 - 0x00007ffd6c9d5000 	C:\WINDOWS\SYSTEM32\USERENV.dll
0x00007ffd6c4d0000 - 0x00007ffd6c4dc000 	C:\WINDOWS\SYSTEM32\CRYPTBASE.dll
0x00007ffd6c010000 - 0x00007ffd6c04a000 	C:\WINDOWS\SYSTEM32\IPHLPAPI.DLL
0x00007ffd6e4b0000 - 0x00007ffd6e4b8000 	C:\WINDOWS\System32\NSI.dll
0x00007ffd65190000 - 0x00007ffd651a6000 	C:\WINDOWS\SYSTEM32\dhcpcsvc6.DLL
0x00007ffd651d0000 - 0x00007ffd651ec000 	C:\WINDOWS\SYSTEM32\dhcpcsvc.DLL
0x00007ffd6c050000 - 0x00007ffd6c11a000 	C:\WINDOWS\SYSTEM32\DNSAPI.dll
0x00007ffd20980000 - 0x00007ffd209a4000 	C:\Program Files\Android\Android Studio\jre\jre\bin\sunec.dll
0x00007ffd5cad0000 - 0x00007ffd5cada000 	C:\Windows\System32\rasadhlp.dll
0x00007ffd641f0000 - 0x00007ffd64267000 	C:\WINDOWS\System32\fwpuclnt.dll
0x00007ffd1fd30000 - 0x00007ffd1fd3b000 	C:\Program Files\Android\Android Studio\jre\jre\bin\sunmscapi.dll
0x00007ffd6cc50000 - 0x00007ffd6cd99000 	C:\WINDOWS\System32\CRYPT32.dll
0x00007ffd6cae0000 - 0x00007ffd6caf2000 	C:\WINDOWS\System32\MSASN1.dll

VM Arguments:
jvm_args: -Xmx1536m -Dfile.encoding=windows-1252 -Duser.country=IN -Duser.language=en -Duser.variant 
java_command: org.gradle.launcher.daemon.bootstrap.GradleDaemon 5.4.1
java_class_path (initial): C:\Users\hp\.gradle\wrapper\dists\gradle-5.4.1-all\3221gyojl5jsh0helicew7rwx\gradle-5.4.1\lib\gradle-launcher-5.4.1.jar
Launcher Type: SUN_STANDARD

Environment Variables:
PATH=C:\Program Files (x86)\Intel\Intel(R) Management Engine Components\iCLS\;C:\Program Files\Intel\Intel(R) Management Engine Components\iCLS\;C:\windows\system32;C:\windows;C:\windows\System32\Wbem;C:\windows\System32\WindowsPowerShell\v1.0\;C:\windows\System32\OpenSSH\;C:\Program Files (x86)\Intel\Intel(R) Management Engine Components\DAL;C:\Program Files\Intel\Intel(R) Management Engine Components\DAL;C:\Program Files (x86)\Intel\Intel(R) Management Engine Components\IPT;C:\Program Files\Intel\Intel(R) Management Engine Components\IPT;C:\Program Files (x86)\NVIDIA Corporation\PhysX\Common;C:\Program Files\Java\jdk-11.0.1\bin;C:\Program Files\Java\jre1.8.0_191\bin;C:\Program Files\NVIDIA Corporation\NVIDIA NvDLISR;C:\cygwin64\bin;C:\Program Files (x86)\Microsoft SQL Server\100\Tools\Binn\;C:\Program Files\Microsoft SQL Server\100\Tools\Binn\;C:\Program Files\Microsoft SQL Server\100\DTS\Binn\;C:\Program Files\PuTTY\;C:\Program Files\Git\cmd;C:\WINDOWS\system32;C:\WINDOWS;C:\WINDOWS\System32\Wbem;C:\WINDOWS\System32\WindowsPowerShell\v1.0\;C:\WINDOWS\System32\OpenSSH\;C:\Users\hp\AppData\Local\Programs\Python\Python37\Scripts\;C:\Users\hp\AppData\Local\Programs\Python\Python37\;C:\Users\hp\AppData\Local\Microsoft\WindowsApps;C:\Users\hp\AppData\Local\Programs\Microsoft VS Code\bin;C:\Users\hp\AppData\Local\atom\bin;C:\Users\hp\AppData\Local\Programs\MiKTeX 2.9\miktex\bin\x64\;%USERPROFILE%\AppData\Local\Microsoft\WindowsApps;
USERNAME=hp
OS=Windows_NT
PROCESSOR_IDENTIFIER=Intel64 Family 6 Model 158 Stepping 10, GenuineIntel



---------------  S Y S T E M  ---------------

OS: Windows 10.0 , 64 bit Build 18362 (10.0.18362.329)

CPU:total 8 (initial active 8) (4 cores per cpu, 2 threads per core) family 6 model 158 stepping 10, cmov, cx8, fxsr, mmx, sse, sse2, sse3, ssse3, sse4.1, sse4.2, popcnt, avx, avx2, aes, clmul, erms, 3dnowpref, lzcnt, ht, tsc, tscinvbit, bmi1, bmi2, adx

Memory: 4k page, physical 8192424k(647932k free), swap 23660068k(5716k free)

vm_info: OpenJDK 64-Bit Server VM (25.202-b03) for windows-amd64 JRE (1.8.0_202-release-1483-b03), built by "builder" with MS VC++ 10.0 (VS2010)

time: Thu Jan 30 23:06:19 2020
timezone: India Standard Time
elapsed time: 3403 seconds (0d 0h 56m 43s)

