#
# There is insufficient memory for the Java Runtime Environment to continue.
# Native memory allocation (malloc) failed to allocate 407536 bytes for Chunk::new
# Possible reasons:
#   The system is out of physical RAM or swap space
#   The process is running with CompressedOops enabled, and the Java Heap may be blocking the growth of the native heap
# Possible solutions:
#   Reduce memory load on the system
#   Increase physical memory or swap space
#   Check if swap backing store is full
#   Decrease Java heap size (-Xmx/-Xms)
#   Decrease number of Java threads
#   Decrease Java thread stack sizes (-Xss)
#   Set larger code cache with -XX:ReservedCodeCacheSize=
#   JVM is running with Unscaled Compressed Oops mode in which the Java heap is
#     placed in the first 4GB address space. The Java Heap base address is the
#     maximum limit for the native heap growth. Please use -XX:HeapBaseMinAddress
#     to set the Java Heap base and to place the Java Heap above 4GB virtual address.
# This output file may be truncated or incomplete.
#
#  Out of Memory Error (allocation.cpp:389), pid=15384, tid=0x000000000000449c
#
# JRE version: OpenJDK Runtime Environment (8.0_202-b03) (build 1.8.0_202-release-1483-b03)
# Java VM: OpenJDK 64-Bit Server VM (25.202-b03 mixed mode windows-amd64 compressed oops)
# Failed to write core dump. Minidumps are not enabled by default on client versions of Windows
#

---------------  T H R E A D  ---------------

Current thread (0x0000000016f4d800):  JavaThread "C2 CompilerThread2" daemon [_thread_in_native, id=17564, stack(0x0000000019810000,0x0000000019910000)]

Stack: [0x0000000019810000,0x0000000019910000]
[error occurred during error reporting (printing stack bounds), id 0xc0000005]

Native frames: (J=compiled Java code, j=interpreted, Vv=VM code, C=native code)


Current CompileTask:
C2:10189315 28288       4       com.android.tools.r8.ir.regalloc.LinearScanRegisterAllocator::a (3743 bytes)


---------------  P R O C E S S  ---------------

Java Threads: ( => current thread )
  0x000000001cf1b800 JavaThread "Cache worker for Java compile cache (C:\Users\hp\AndroidStudioProjects\MyApplication\FirstTry\.gradle\5.4.1\javaCompile)" [_thread_blocked, id=7916, stack(0x000000002c100000,0x000000002c200000)]
  0x000000002107f000 JavaThread "WorkerExecutor Queue Thread 2" [_thread_blocked, id=21528, stack(0x000000002bdf0000,0x000000002bef0000)]
  0x000000002107e000 JavaThread "stdout" [_thread_in_native, id=13872, stack(0x000000002ba00000,0x000000002bb00000)]
  0x000000002107d800 JavaThread "stderr" [_thread_in_native, id=15588, stack(0x000000002b900000,0x000000002ba00000)]
  0x000000002107b000 JavaThread "pool-23-thread-1" [_thread_blocked, id=14704, stack(0x000000002bcf0000,0x000000002bdf0000)]
  0x0000000021079000 JavaThread "WorkerExecutor Queue" [_thread_blocked, id=7340, stack(0x000000002bbf0000,0x000000002bcf0000)]
  0x0000000021073800 JavaThread "Cache worker for execution history cache (C:\Users\hp\AndroidStudioProjects\MyApplication\FirstTry\.gradle\5.4.1\executionHistory)" [_thread_blocked, id=20496, stack(0x000000002b800000,0x000000002b900000)]
  0x0000000021070800 JavaThread "Execution worker for ':' Thread 7" [_thread_in_Java, id=13968, stack(0x000000002b500000,0x000000002b600000)]
  0x0000000021075000 JavaThread "Execution worker for ':' Thread 6" [_thread_in_Java, id=19948, stack(0x000000002b400000,0x000000002b500000)]
  0x0000000021076800 JavaThread "Execution worker for ':' Thread 5" [_thread_in_Java, id=12708, stack(0x000000002b100000,0x000000002b200000)]
  0x0000000021074800 JavaThread "Execution worker for ':' Thread 4" [_thread_in_native, id=14544, stack(0x000000002aa00000,0x000000002ab00000)]
  0x0000000021073000 JavaThread "Execution worker for ':' Thread 3" [_thread_in_Java, id=23240, stack(0x000000002a900000,0x000000002aa00000)]
  0x0000000021070000 JavaThread "Execution worker for ':' Thread 2" [_thread_in_Java, id=18192, stack(0x000000002a200000,0x000000002a300000)]
  0x0000000021ba8000 JavaThread "Execution worker for ':'" [_thread_in_Java, id=6884, stack(0x000000002a100000,0x000000002a200000)]
  0x0000000021ba7800 JavaThread "Cache worker for file content cache (C:\Users\hp\AndroidStudioProjects\MyApplication\FirstTry\.gradle\5.4.1\fileContent)" [_thread_blocked, id=2240, stack(0x00000000288a0000,0x00000000289a0000)]
  0x0000000021ba6000 JavaThread "Cache worker for Build Output Cleanup Cache (C:\Users\hp\AndroidStudioProjects\MyApplication\FirstTry\.gradle\buildOutputCleanup)" [_thread_blocked, id=1012, stack(0x0000000028560000,0x0000000028660000)]
  0x0000000021ba4800 JavaThread "Build operations Thread 8" [_thread_blocked, id=16368, stack(0x00000000263a0000,0x00000000264a0000)]
  0x0000000021ba5000 JavaThread "Build operations Thread 7" [_thread_blocked, id=22636, stack(0x00000000250a0000,0x00000000251a0000)]
  0x0000000021b9d000 JavaThread "Build operations Thread 6" [_thread_blocked, id=19312, stack(0x0000000024fa0000,0x00000000250a0000)]
  0x0000000021ba3800 JavaThread "Build operations Thread 5" [_thread_blocked, id=23080, stack(0x00000000248a0000,0x00000000249a0000)]
  0x0000000021ba3000 JavaThread "Build operations Thread 4" [_thread_blocked, id=7220, stack(0x0000000023fa0000,0x00000000240a0000)]
  0x0000000021ba2000 JavaThread "Build operations Thread 3" [_thread_blocked, id=18096, stack(0x00000000238a0000,0x00000000239a0000)]
  0x0000000021ba1800 JavaThread "Build operations Thread 2" [_thread_blocked, id=10036, stack(0x00000000237a0000,0x00000000238a0000)]
  0x0000000021b9b800 JavaThread "Build operations" [_thread_blocked, id=18456, stack(0x00000000236a0000,0x00000000237a0000)]
  0x0000000021b9a000 JavaThread "Cache worker for cache directory md-rule (C:\Users\hp\.gradle\caches\5.4.1\md-rule)" [_thread_blocked, id=9340, stack(0x00000000235a0000,0x00000000236a0000)]
  0x0000000021ba0000 JavaThread "Cache worker for cache directory md-supplier (C:\Users\hp\.gradle\caches\5.4.1\md-supplier)" [_thread_blocked, id=10356, stack(0x00000000234a0000,0x00000000235a0000)]
  0x0000000021b9a800 JavaThread "Cache worker for file hash cache (C:\Users\hp\AndroidStudioProjects\MyApplication\FirstTry\.gradle\5.4.1\fileHashes)" [_thread_blocked, id=17956, stack(0x00000000233a0000,0x00000000234a0000)]
  0x0000000021b9c000 JavaThread "Thread-332" [_thread_blocked, id=17536, stack(0x00000000232a0000,0x00000000233a0000)]
  0x0000000021b9d800 JavaThread "Stdin handler" [_thread_blocked, id=12332, stack(0x0000000022ee0000,0x0000000022fe0000)]
  0x000000001e9e8800 JavaThread "Asynchronous log dispatcher for DefaultDaemonConnection: socket connection from /127.0.0.1:63235 to /127.0.0.1:64434" [_thread_blocked, id=6856, stack(0x0000000021630000,0x0000000021730000)]
  0x000000001e9e8000 JavaThread "Daemon worker Thread 8" [_thread_in_Java, id=13596, stack(0x00000000204d0000,0x00000000205d0000)]
  0x000000001e9ea000 JavaThread "Cancel handler" [_thread_blocked, id=21920, stack(0x000000001ee00000,0x000000001ef00000)]
  0x000000001e9e7000 JavaThread "Handler for socket connection from /127.0.0.1:63235 to /127.0.0.1:64434" [_thread_in_native, id=17144, stack(0x000000001c360000,0x000000001c460000)]
  0x000000001e9dc000 JavaThread "Daemon Thread 8" [_thread_blocked, id=2076, stack(0x00000000014c0000,0x00000000015c0000)]
  0x0000000021ba0800 JavaThread "MarlinRenderer Disposer" daemon [_thread_blocked, id=6876, stack(0x000000002c800000,0x000000002c900000)]
  0x0000000021b9f000 JavaThread "Java2D Disposer" daemon [_thread_blocked, id=13980, stack(0x000000002c400000,0x000000002c500000)]
  0x000000001e9df000 JavaThread "Cache worker for Java compile cache (C:\Users\hp\.gradle\caches\5.4.1\javaCompile)" [_thread_blocked, id=16412, stack(0x00000000289a0000,0x0000000028aa0000)]
  0x000000001e9e2800 JavaThread "Cache worker for file content cache (C:\Users\hp\.gradle\caches\5.4.1\fileContent)" [_thread_blocked, id=5284, stack(0x00000000257a0000,0x00000000258a0000)]
  0x000000001e9e5000 JavaThread "Memory manager" [_thread_blocked, id=22056, stack(0x0000000024ea0000,0x0000000024fa0000)]
  0x000000001e9e0800 JavaThread "Cache worker for execution history cache (C:\Users\hp\.gradle\caches\5.4.1\executionHistory)" [_thread_blocked, id=11864, stack(0x00000000229e0000,0x0000000022ae0000)]
  0x0000000018d51800 JavaThread "Cache worker for journal cache (C:\Users\hp\.gradle\caches\journal-1)" [_thread_blocked, id=6472, stack(0x000000001c960000,0x000000001ca60000)]
  0x0000000018d4f000 JavaThread "File lock request listener" [_thread_in_native, id=7472, stack(0x000000001c860000,0x000000001c960000)]
  0x0000000018d53800 JavaThread "Cache worker for file hash cache (C:\Users\hp\.gradle\caches\5.4.1\fileHashes)" [_thread_blocked, id=21184, stack(0x000000001c760000,0x000000001c860000)]
  0x00000000190f7000 JavaThread "Daemon periodic checks" [_thread_blocked, id=15808, stack(0x000000001bc60000,0x000000001bd60000)]
  0x00000000190f6800 JavaThread "Incoming local TCP Connector on port 63235" [_thread_in_native, id=13784, stack(0x000000001ba20000,0x000000001bb20000)]
  0x000000001ab78000 JavaThread "Daemon health stats" [_thread_blocked, id=8932, stack(0x000000001b3e0000,0x000000001b4e0000)]
  0x0000000018de0800 JavaThread "Service Thread" daemon [_thread_blocked, id=21740, stack(0x0000000019a10000,0x0000000019b10000)]
  0x0000000018d55000 JavaThread "C1 CompilerThread3" daemon [_thread_blocked, id=17328, stack(0x0000000019910000,0x0000000019a10000)]
=>0x0000000016f4d800 JavaThread "C2 CompilerThread2" daemon [_thread_in_native, id=17564, stack(0x0000000019810000,0x0000000019910000)]
  0x0000000018d3d800 JavaThread "C2 CompilerThread1" daemon [_thread_in_native, id=7156, stack(0x0000000019710000,0x0000000019810000)]
  0x0000000018d39800 JavaThread "C2 CompilerThread0" daemon [_thread_in_native, id=5596, stack(0x0000000019610000,0x0000000019710000)]
  0x0000000018d38000 JavaThread "Attach Listener" daemon [_thread_blocked, id=17364, stack(0x0000000019510000,0x0000000019610000)]
  0x0000000018d46800 JavaThread "Signal Dispatcher" daemon [_thread_blocked, id=19776, stack(0x0000000019410000,0x0000000019510000)]
  0x0000000002fec800 JavaThread "Finalizer" daemon [_thread_blocked, id=11740, stack(0x0000000019210000,0x0000000019310000)]
  0x0000000018d30800 JavaThread "Reference Handler" daemon [_thread_blocked, id=19644, stack(0x0000000019110000,0x0000000019210000)]
  0x000000000327e000 JavaThread "main" [_thread_blocked, id=5876, stack(0x0000000001600000,0x0000000001700000)]

Other Threads:
  0x0000000016f38000 VMThread [stack: 0x0000000018c10000,0x0000000018d10000] [id=21204]
  0x0000000018de1800 WatcherThread [stack: 0x0000000019b10000,0x0000000019c10000] [id=9660]

VM state:not at safepoint (normal execution)

VM Mutex/Monitor currently owned by a thread: None

OutOfMemory and StackOverflow Exception counts:
OutOfMemoryError java_heap_errors=1

heap address: 0x00000000a0000000, size: 1536 MB, Compressed Oops mode: 32-bit
Narrow klass base: 0x0000000000000000, Narrow klass shift: 3
Compressed class space size: 1073741824 Address: 0x0000000100000000

Heap:
 PSYoungGen      total 484864K, used 381592K [0x00000000e0000000, 0x0000000100000000, 0x0000000100000000)
  eden space 450560K, 84% used [0x00000000e0000000,0x00000000f72d2328,0x00000000fb800000)
  from space 34304K, 5% used [0x00000000fb800000,0x00000000fb9d4060,0x00000000fd980000)
  to   space 34816K, 0% used [0x00000000fde00000,0x00000000fde00000,0x0000000100000000)
 ParOldGen       total 335360K, used 296755K [0x00000000a0000000, 0x00000000b4780000, 0x00000000e0000000)
  object space 335360K, 88% used [0x00000000a0000000,0x00000000b21ccef0,0x00000000b4780000)
 Metaspace       used 132156K, capacity 138832K, committed 139212K, reserved 1171456K
  class space    used 16541K, capacity 17750K, committed 17920K, reserved 1048576K

Card table byte_map: [0x0000000012640000,0x0000000012950000] byte_map_base: 0x0000000012140000

Marking Bits: (ParMarkBitMap*) 0x00000000575c9f30
 Begin Bits: [0x0000000013250000, 0x0000000014a50000)
 End Bits:   [0x0000000014a50000, 0x0000000016250000)

Polling page: 0x0000000001190000

CodeCache: size=245760Kb used=81772Kb max_used=82727Kb free=163987Kb
 bounds [0x0000000003280000, 0x0000000008410000, 0x0000000012280000]
 total_blobs=22620 nmethods=21625 adapters=906
 compilation: enabled

Compilation events (10 events):
Event: 10189.262 Thread 0x0000000018d55000 28417   !   2       sun.reflect.GeneratedConstructorAccessor134::newInstance (53 bytes)
Event: 10189.273 Thread 0x0000000018d55000 nmethod 28417 0x00000000054d7850 code [0x00000000054d7a20, 0x00000000054d7f88]
Event: 10189.282 Thread 0x0000000018d55000 28418 %     3       com.android.tools.r8.dex.ApplicationReader$a::a @ 46 (157 bytes)
Event: 10189.285 Thread 0x0000000018d55000 nmethod 28418% 0x0000000005579e10 code [0x000000000557a080, 0x000000000557acf8]
Event: 10189.299 Thread 0x0000000018d55000 28419       1       com.android.tools.r8.n.a.a.a.g.Q::size (5 bytes)
Event: 10189.300 Thread 0x0000000018d55000 nmethod 28419 0x0000000006766650 code [0x00000000067667a0, 0x00000000067668b0]
Event: 10189.300 Thread 0x0000000018d55000 28421       2       com.android.tools.r8.n.a.a.a.g.Q::e (44 bytes)
Event: 10189.301 Thread 0x0000000018d55000 nmethod 28421 0x0000000004e4ea50 code [0x0000000004e4ebc0, 0x0000000004e4ee50]
Event: 10189.301 Thread 0x0000000018d55000 28420       2       com.android.tools.r8.n.a.a.a.g.Q$e::a (46 bytes)
Event: 10189.301 Thread 0x0000000018d55000 nmethod 28420 0x0000000003d75550 code [0x0000000003d756c0, 0x0000000003d75978]

GC Heap History (10 events):
Event: 10187.889 GC heap before
{Heap before GC invocations=59 (full 6):
 PSYoungGen      total 477696K, used 450528K [0x00000000e0000000, 0x00000000ffc00000, 0x0000000100000000)
  eden space 439296K, 100% used [0x00000000e0000000,0x00000000fad00000,0x00000000fad00000)
  from space 38400K, 29% used [0x00000000fd680000,0x00000000fe178000,0x00000000ffc00000)
  to   space 40448K, 0% used [0x00000000fad00000,0x00000000fad00000,0x00000000fd480000)
 ParOldGen       total 335360K, used 249691K [0x00000000a0000000, 0x00000000b4780000, 0x00000000e0000000)
  object space 335360K, 74% used [0x00000000a0000000,0x00000000af3d6eb8,0x00000000b4780000)
 Metaspace       used 132130K, capacity 138768K, committed 138956K, reserved 1171456K
  class space    used 16540K, capacity 17750K, committed 17920K, reserved 1048576K
Event: 10187.946 GC heap after
Heap after GC invocations=59 (full 6):
 PSYoungGen      total 479744K, used 15774K [0x00000000e0000000, 0x00000000ffe00000, 0x0000000100000000)
  eden space 439296K, 0% used [0x00000000e0000000,0x00000000e0000000,0x00000000fad00000)
  from space 40448K, 39% used [0x00000000fad00000,0x00000000fbc67b10,0x00000000fd480000)
  to   space 38400K, 0% used [0x00000000fd880000,0x00000000fd880000,0x00000000ffe00000)
 ParOldGen       total 335360K, used 257303K [0x00000000a0000000, 0x00000000b4780000, 0x00000000e0000000)
  object space 335360K, 76% used [0x00000000a0000000,0x00000000afb45f18,0x00000000b4780000)
 Metaspace       used 132130K, capacity 138768K, committed 138956K, reserved 1171456K
  class space    used 16540K, capacity 17750K, committed 17920K, reserved 1048576K
}
Event: 10188.216 GC heap before
{Heap before GC invocations=60 (full 6):
 PSYoungGen      total 479744K, used 455070K [0x00000000e0000000, 0x00000000ffe00000, 0x0000000100000000)
  eden space 439296K, 100% used [0x00000000e0000000,0x00000000fad00000,0x00000000fad00000)
  from space 40448K, 39% used [0x00000000fad00000,0x00000000fbc67b10,0x00000000fd480000)
  to   space 38400K, 0% used [0x00000000fd880000,0x00000000fd880000,0x00000000ffe00000)
 ParOldGen       total 335360K, used 257303K [0x00000000a0000000, 0x00000000b4780000, 0x00000000e0000000)
  object space 335360K, 76% used [0x00000000a0000000,0x00000000afb45f18,0x00000000b4780000)
 Metaspace       used 132135K, capacity 138768K, committed 138956K, reserved 1171456K
  class space    used 16540K, capacity 17750K, committed 17920K, reserved 1048576K
Event: 10188.262 GC heap after
Heap after GC invocations=60 (full 6):
 PSYoungGen      total 481792K, used 9584K [0x00000000e0000000, 0x00000000ffc00000, 0x0000000100000000)
  eden space 445440K, 0% used [0x00000000e0000000,0x00000000e0000000,0x00000000fb300000)
  from space 36352K, 26% used [0x00000000fd880000,0x00000000fe1dc1b0,0x00000000ffc00000)
  to   space 37376K, 0% used [0x00000000fb300000,0x00000000fb300000,0x00000000fd780000)
 ParOldGen       total 335360K, used 267808K [0x00000000a0000000, 0x00000000b4780000, 0x00000000e0000000)
  object space 335360K, 79% used [0x00000000a0000000,0x00000000b0588318,0x00000000b4780000)
 Metaspace       used 132135K, capacity 138768K, committed 138956K, reserved 1171456K
  class space    used 16540K, capacity 17750K, committed 17920K, reserved 1048576K
}
Event: 10188.552 GC heap before
{Heap before GC invocations=61 (full 6):
 PSYoungGen      total 481792K, used 455024K [0x00000000e0000000, 0x00000000ffc00000, 0x0000000100000000)
  eden space 445440K, 100% used [0x00000000e0000000,0x00000000fb300000,0x00000000fb300000)
  from space 36352K, 26% used [0x00000000fd880000,0x00000000fe1dc1b0,0x00000000ffc00000)
  to   space 37376K, 0% used [0x00000000fb300000,0x00000000fb300000,0x00000000fd780000)
 ParOldGen       total 335360K, used 267808K [0x00000000a0000000, 0x00000000b4780000, 0x00000000e0000000)
  object space 335360K, 79% used [0x00000000a0000000,0x00000000b0588318,0x00000000b4780000)
 Metaspace       used 132148K, capacity 138832K, committed 139212K, reserved 1171456K
  class space    used 16540K, capacity 17750K, committed 17920K, reserved 1048576K
Event: 10188.576 GC heap after
Heap after GC invocations=61 (full 6):
 PSYoungGen      total 482816K, used 11489K [0x00000000e0000000, 0x00000000fff00000, 0x0000000100000000)
  eden space 445440K, 0% used [0x00000000e0000000,0x00000000e0000000,0x00000000fb300000)
  from space 37376K, 30% used [0x00000000fb300000,0x00000000fbe38480,0x00000000fd780000)
  to   space 36352K, 0% used [0x00000000fdb80000,0x00000000fdb80000,0x00000000fff00000)
 ParOldGen       total 335360K, used 274898K [0x00000000a0000000, 0x00000000b4780000, 0x00000000e0000000)
  object space 335360K, 81% used [0x00000000a0000000,0x00000000b0c74980,0x00000000b4780000)
 Metaspace       used 132148K, capacity 138832K, committed 139212K, reserved 1171456K
  class space    used 16540K, capacity 17750K, committed 17920K, reserved 1048576K
}
Event: 10188.879 GC heap before
{Heap before GC invocations=62 (full 6):
 PSYoungGen      total 482816K, used 456929K [0x00000000e0000000, 0x00000000fff00000, 0x0000000100000000)
  eden space 445440K, 100% used [0x00000000e0000000,0x00000000fb300000,0x00000000fb300000)
  from space 37376K, 30% used [0x00000000fb300000,0x00000000fbe38480,0x00000000fd780000)
  to   space 36352K, 0% used [0x00000000fdb80000,0x00000000fdb80000,0x00000000fff00000)
 ParOldGen       total 335360K, used 274900K [0x00000000a0000000, 0x00000000b4780000, 0x00000000e0000000)
  object space 335360K, 81% used [0x00000000a0000000,0x00000000b0c75230,0x00000000b4780000)
 Metaspace       used 132150K, capacity 138832K, committed 139212K, reserved 1171456K
  class space    used 16540K, capacity 17750K, committed 17920K, reserved 1048576K
Event: 10188.927 GC heap after
Heap after GC invocations=62 (full 6):
 PSYoungGen      total 482816K, used 16218K [0x00000000e0000000, 0x00000000ffb00000, 0x0000000100000000)
  eden space 450560K, 0% used [0x00000000e0000000,0x00000000e0000000,0x00000000fb800000)
  from space 32256K, 50% used [0x00000000fdb80000,0x00000000feb56ba8,0x00000000ffb00000)
  to   space 34304K, 0% used [0x00000000fb800000,0x00000000fb800000,0x00000000fd980000)
 ParOldGen       total 335360K, used 283294K [0x00000000a0000000, 0x00000000b4780000, 0x00000000e0000000)
  object space 335360K, 84% used [0x00000000a0000000,0x00000000b14a7988,0x00000000b4780000)
 Metaspace       used 132150K, capacity 138832K, committed 139212K, reserved 1171456K
  class space    used 16540K, capacity 17750K, committed 17920K, reserved 1048576K
}
Event: 10188.968 GC heap before
{Heap before GC invocations=63 (full 6):
 PSYoungGen      total 482816K, used 80532K [0x00000000e0000000, 0x00000000ffb00000, 0x0000000100000000)
  eden space 450560K, 14% used [0x00000000e0000000,0x00000000e3ece690,0x00000000fb800000)
  from space 32256K, 50% used [0x00000000fdb80000,0x00000000feb56ba8,0x00000000ffb00000)
  to   space 34304K, 0% used [0x00000000fb800000,0x00000000fb800000,0x00000000fd980000)
 ParOldGen       total 335360K, used 283294K [0x00000000a0000000, 0x00000000b4780000, 0x00000000e0000000)
  object space 335360K, 84% used [0x00000000a0000000,0x00000000b14a7988,0x00000000b4780000)
 Metaspace       used 132151K, capacity 138832K, committed 139212K, reserved 1171456K
  class space    used 16540K, capacity 17750K, committed 17920K, reserved 1048576K
Event: 10188.979 GC heap after
Heap after GC invocations=63 (full 6):
 PSYoungGen      total 484864K, used 1872K [0x00000000e0000000, 0x0000000100000000, 0x0000000100000000)
  eden space 450560K, 0% used [0x00000000e0000000,0x00000000e0000000,0x00000000fb800000)
  from space 34304K, 5% used [0x00000000fb800000,0x00000000fb9d4060,0x00000000fd980000)
  to   space 34816K, 0% used [0x00000000fde00000,0x00000000fde00000,0x0000000100000000)
 ParOldGen       total 335360K, used 296755K [0x00000000a0000000, 0x00000000b4780000, 0x00000000e0000000)
  object space 335360K, 88% used [0x00000000a0000000,0x00000000b21ccef0,0x00000000b4780000)
 Metaspace       used 132151K, capacity 138832K, committed 139212K, reserved 1171456K
  class space    used 16540K, capacity 17750K, committed 17920K, reserved 1048576K
}

Deoptimization events (10 events):
Event: 10188.026 Thread 0x0000000021ba8000 Uncommon trap: reason=unstable_if action=reinterpret pc=0x0000000007804fa0 method=com.android.tools.r8.ir.regalloc.LinearScanRegisterAllocator.a(Lcom/android/tools/r8/m/a/a/b/d0;Ljava/util/List;Lcom/android/tools/r8/ir/regalloc/RegisterAllocator;Ljava/uti
Event: 10189.226 Thread 0x0000000021074800 Uncommon trap: reason=speculate_class_check action=maybe_recompile pc=0x00000000078a28c8 method=org.gradle.internal.Try.map(Ljava/util/function/Function;)Lorg/gradle/internal/Try; @ 10
Event: 10189.226 Thread 0x0000000021074800 Uncommon trap: reason=class_check action=maybe_recompile pc=0x00000000046a6a3c method=org.gradle.api.internal.artifacts.transform.ImmutableTransformationWorkspaceProvider.withWorkspace(Lorg/gradle/api/internal/artifacts/transform/TransformationWorkspaceId
Event: 10189.227 Thread 0x0000000021074800 Uncommon trap: reason=class_check action=maybe_recompile pc=0x00000000048da82c method=org.gradle.api.internal.artifacts.transform.AbstractCachingTransformationWorkspaceProvider.withWorkspace(Lorg/gradle/api/internal/artifacts/transform/TransformationWorks
Event: 10189.227 Thread 0x0000000021074800 Uncommon trap: reason=class_check action=maybe_recompile pc=0x0000000004aea9b0 method=org.gradle.api.internal.artifacts.transform.TransformationNode$ArtifactTransformationStepBuildOperation.call(Lorg/gradle/internal/operations/BuildOperationContext;)Lorg/
Event: 10189.228 Thread 0x0000000021074800 Uncommon trap: reason=unstable_if action=reinterpret pc=0x0000000005ac1038 method=org.gradle.internal.operations.DefaultBuildOperationExecutor$3.stop()V @ 61
Event: 10189.228 Thread 0x0000000021074800 Uncommon trap: reason=class_check action=maybe_recompile pc=0x0000000004dc3f58 method=org.gradle.api.internal.artifacts.transform.TransformationNode$ChainedTransformationNode.execute(Lorg/gradle/internal/operations/BuildOperationExecutor;Lorg/gradle/api/i
Event: 10189.295 Thread 0x0000000021076800 Uncommon trap: reason=array_check action=maybe_recompile pc=0x0000000006a122f8 method=java.util.TimSort.mergeHi(IIII)V @ 657
Event: 10189.296 Thread 0x0000000021076800 Uncommon trap: reason=array_check action=maybe_recompile pc=0x0000000006a1252c method=java.util.TimSort.mergeHi(IIII)V @ 524
Event: 10189.296 Thread 0x0000000021076800 Uncommon trap: reason=array_check action=maybe_recompile pc=0x0000000006a1252c method=java.util.TimSort.mergeHi(IIII)V @ 524

Classes redefined (0 events):
No events

Internal exceptions (10 events):
Event: 10188.990 Thread 0x0000000021070000 Exception <a 'sun/nio/fs/WindowsException'> (0x00000000e0896460) thrown at [D:\src\AOSP-openjdk-cygwin\jdk8u\hotspot\src\share\vm\prims\jni.cpp, line 710]
Event: 10189.019 Thread 0x0000000021ba8000 Exception <a 'sun/nio/fs/WindowsException'> (0x00000000e0393550) thrown at [D:\src\AOSP-openjdk-cygwin\jdk8u\hotspot\src\share\vm\prims\jni.cpp, line 710]
Event: 10189.029 Thread 0x0000000021074800 Exception <a 'sun/nio/fs/WindowsException'> (0x00000000e108d4c8) thrown at [D:\src\AOSP-openjdk-cygwin\jdk8u\hotspot\src\share\vm\prims\jni.cpp, line 710]
Event: 10189.033 Thread 0x0000000021074800 Exception <a 'sun/nio/fs/WindowsException'> (0x00000000e1173578) thrown at [D:\src\AOSP-openjdk-cygwin\jdk8u\hotspot\src\share\vm\prims\jni.cpp, line 710]
Event: 10189.052 Thread 0x0000000021ba8000 Exception <a 'sun/nio/fs/WindowsException'> (0x00000000e5a702f8) thrown at [D:\src\AOSP-openjdk-cygwin\jdk8u\hotspot\src\share\vm\prims\jni.cpp, line 710]
Event: 10189.058 Thread 0x0000000021070800 Exception <a 'sun/nio/fs/WindowsException'> (0x00000000e6da8f78) thrown at [D:\src\AOSP-openjdk-cygwin\jdk8u\hotspot\src\share\vm\prims\jni.cpp, line 710]
Event: 10189.094 Thread 0x0000000021070800 Exception <a 'sun/nio/fs/WindowsException'> (0x00000000e9260708) thrown at [D:\src\AOSP-openjdk-cygwin\jdk8u\hotspot\src\share\vm\prims\jni.cpp, line 710]
Event: 10189.166 Thread 0x0000000021075000 Exception <a 'sun/nio/fs/WindowsException'> (0x00000000ea65e068) thrown at [D:\src\AOSP-openjdk-cygwin\jdk8u\hotspot\src\share\vm\prims\jni.cpp, line 710]
Event: 10189.214 Thread 0x0000000021074800 Exception <a 'java/lang/OutOfMemoryError'> (0x00000000f129f208) thrown at [D:\src\AOSP-openjdk-cygwin\jdk8u\hotspot\src\share\vm\prims\jni.cpp, line 736]
Event: 10189.280 Thread 0x0000000021ba8000 Exception <a 'sun/nio/fs/WindowsException'> (0x00000000f4564aa8) thrown at [D:\src\AOSP-openjdk-cygwin\jdk8u\hotspot\src\share\vm\prims\jni.cpp, line 710]

Events (10 events):
Event: 10189.296 Thread 0x0000000021076800 Uncommon trap: trap_request=0xffffffd6 fr.pc=0x0000000006a1252c
Event: 10189.296 Thread 0x0000000021076800 DEOPT PACKING pc=0x0000000006a1252c sp=0x000000002b1fd3c0
Event: 10189.296 Thread 0x0000000021076800 DEOPT UNPACKING pc=0x00000000032c557b sp=0x000000002b1fd3b0 mode 2
Event: 10189.296 Thread 0x0000000021076800 Uncommon trap: trap_request=0xffffffd6 fr.pc=0x0000000006a1252c
Event: 10189.296 Thread 0x0000000021076800 DEOPT PACKING pc=0x0000000006a1252c sp=0x000000002b1fd3c0
Event: 10189.296 Thread 0x0000000021076800 DEOPT UNPACKING pc=0x00000000032c557b sp=0x000000002b1fd3b0 mode 2
Event: 10189.296 Thread 0x0000000021070800 DEOPT PACKING pc=0x0000000006fa7ad5 sp=0x000000002b5fc4d0
Event: 10189.296 Thread 0x0000000021070800 DEOPT UNPACKING pc=0x00000000032c75d0 sp=0x000000002b5fc3e8 mode 0
Event: 10189.300 Thread 0x000000001e9e8000 DEOPT PACKING pc=0x000000000828fa3b sp=0x00000000205c98c0
Event: 10189.300 Thread 0x000000001e9e8000 DEOPT UNPACKING pc=0x00000000032c75d0 sp=0x00000000205c9930 mode 0


Dynamic libraries:
0x00007ff74bca0000 - 0x00007ff74bcd1000 	C:\Program Files\Android\Android Studio\jre\bin\java.exe
0x00007ffcb7740000 - 0x00007ffcb7930000 	C:\WINDOWS\SYSTEM32\ntdll.dll
0x00007ffcb57f0000 - 0x00007ffcb58a2000 	C:\WINDOWS\System32\KERNEL32.DLL
0x00007ffcb54a0000 - 0x00007ffcb5743000 	C:\WINDOWS\System32\KERNELBASE.dll
0x00007ffcb6ba0000 - 0x00007ffcb6c43000 	C:\WINDOWS\System32\ADVAPI32.dll
0x00007ffcb6250000 - 0x00007ffcb62ee000 	C:\WINDOWS\System32\msvcrt.dll
0x00007ffcb58b0000 - 0x00007ffcb5947000 	C:\WINDOWS\System32\sechost.dll
0x00007ffcb5e70000 - 0x00007ffcb5f90000 	C:\WINDOWS\System32\RPCRT4.dll
0x00007ffcb68c0000 - 0x00007ffcb6a54000 	C:\WINDOWS\System32\USER32.dll
0x00007ffcb4720000 - 0x00007ffcb4741000 	C:\WINDOWS\System32\win32u.dll
0x00007ffcb5a20000 - 0x00007ffcb5a46000 	C:\WINDOWS\System32\GDI32.dll
0x00007ffcb4f00000 - 0x00007ffcb5094000 	C:\WINDOWS\System32\gdi32full.dll
0x00007ffcb5750000 - 0x00007ffcb57ee000 	C:\WINDOWS\System32\msvcp_win.dll
0x00007ffcb52a0000 - 0x00007ffcb539a000 	C:\WINDOWS\System32\ucrtbase.dll
0x00007ffca2ed0000 - 0x00007ffca3155000 	C:\WINDOWS\WinSxS\amd64_microsoft.windows.common-controls_6595b64144ccf1df_6.0.18362.592_none_e6c0b1911312be02\COMCTL32.dll
0x00007ffcb6c50000 - 0x00007ffcb6f86000 	C:\WINDOWS\System32\combase.dll
0x00007ffcb53a0000 - 0x00007ffcb5420000 	C:\WINDOWS\System32\bcryptPrimitives.dll
0x00007ffcb6b70000 - 0x00007ffcb6b9e000 	C:\WINDOWS\System32\IMM32.DLL
0x0000000056d20000 - 0x0000000056df2000 	C:\Program Files\Android\Android Studio\jre\jre\bin\msvcr100.dll
0x0000000056e00000 - 0x0000000057646000 	C:\Program Files\Android\Android Studio\jre\jre\bin\server\jvm.dll
0x00007ffcb6b40000 - 0x00007ffcb6b48000 	C:\WINDOWS\System32\PSAPI.DLL
0x00007ffcb2160000 - 0x00007ffcb2184000 	C:\WINDOWS\SYSTEM32\WINMM.dll
0x00007ffcac330000 - 0x00007ffcac33a000 	C:\WINDOWS\SYSTEM32\VERSION.dll
0x00007ffcaf290000 - 0x00007ffcaf299000 	C:\WINDOWS\SYSTEM32\WSOCK32.dll
0x00007ffcb6a60000 - 0x00007ffcb6acf000 	C:\WINDOWS\System32\WS2_32.dll
0x00007ffcb1fb0000 - 0x00007ffcb1fdd000 	C:\WINDOWS\SYSTEM32\WINMMBASE.dll
0x00007ffcb46d0000 - 0x00007ffcb471a000 	C:\WINDOWS\System32\cfgmgr32.dll
0x00007ffcada40000 - 0x00007ffcada4f000 	C:\Program Files\Android\Android Studio\jre\jre\bin\verify.dll
0x00007ffcad9d0000 - 0x00007ffcad9f9000 	C:\Program Files\Android\Android Studio\jre\jre\bin\java.dll
0x00007ffca6f30000 - 0x00007ffca6f46000 	C:\Program Files\Android\Android Studio\jre\jre\bin\zip.dll
0x00007ffcb7010000 - 0x00007ffcb76f5000 	C:\WINDOWS\System32\SHELL32.dll
0x00007ffcb60d0000 - 0x00007ffcb6179000 	C:\WINDOWS\System32\shcore.dll
0x00007ffcb4780000 - 0x00007ffcb4eff000 	C:\WINDOWS\System32\windows.storage.dll
0x00007ffcb46b0000 - 0x00007ffcb46cf000 	C:\WINDOWS\System32\profapi.dll
0x00007ffcb4640000 - 0x00007ffcb468a000 	C:\WINDOWS\System32\powrprof.dll
0x00007ffcb4610000 - 0x00007ffcb4620000 	C:\WINDOWS\System32\UMPDC.dll
0x00007ffcb6190000 - 0x00007ffcb61e2000 	C:\WINDOWS\System32\shlwapi.dll
0x00007ffcb4690000 - 0x00007ffcb46a1000 	C:\WINDOWS\System32\kernel.appcore.dll
0x00007ffcb5480000 - 0x00007ffcb5497000 	C:\WINDOWS\System32\cryptsp.dll
0x00007ffca6f10000 - 0x00007ffca6f2a000 	C:\Program Files\Android\Android Studio\jre\jre\bin\net.dll
0x00007ffcb3e80000 - 0x00007ffcb3ee7000 	C:\WINDOWS\system32\mswsock.dll
0x00007ffca66f0000 - 0x00007ffca6701000 	C:\Program Files\Android\Android Studio\jre\jre\bin\nio.dll
0x00007ffc83d20000 - 0x00007ffc83d46000 	C:\Users\hp\.gradle\native\29\windows-amd64\native-platform.dll
0x00007ffcad0b0000 - 0x00007ffcad0bd000 	C:\Program Files\Android\Android Studio\jre\jre\bin\management.dll
0x00007ffcb39f0000 - 0x00007ffcb3a23000 	C:\WINDOWS\system32\rsaenh.dll
0x00007ffcb4750000 - 0x00007ffcb4776000 	C:\WINDOWS\System32\bcrypt.dll
0x00007ffcb4530000 - 0x00007ffcb4555000 	C:\WINDOWS\SYSTEM32\USERENV.dll
0x00007ffcb4050000 - 0x00007ffcb405c000 	C:\WINDOWS\SYSTEM32\CRYPTBASE.dll
0x00007ffcb3b90000 - 0x00007ffcb3bca000 	C:\WINDOWS\SYSTEM32\IPHLPAPI.DLL
0x00007ffcb6ad0000 - 0x00007ffcb6ad8000 	C:\WINDOWS\System32\NSI.dll
0x00007ffcaaad0000 - 0x00007ffcaaae6000 	C:\WINDOWS\SYSTEM32\dhcpcsvc6.DLL
0x00007ffcac1d0000 - 0x00007ffcac1ec000 	C:\WINDOWS\SYSTEM32\dhcpcsvc.DLL
0x00007ffcb3bd0000 - 0x00007ffcb3c9a000 	C:\WINDOWS\SYSTEM32\DNSAPI.dll
0x00007ffc6be40000 - 0x00007ffc6bfdc000 	C:\Program Files\Android\Android Studio\jre\jre\bin\awt.dll
0x00007ffcb5950000 - 0x00007ffcb5a14000 	C:\WINDOWS\System32\OLEAUT32.dll
0x00007ffcb2a20000 - 0x00007ffcb2a4d000 	C:\WINDOWS\SYSTEM32\dwmapi.dll
0x00007ffcb0cd0000 - 0x00007ffcb1290000 	C:\WINDOWS\SYSTEM32\d2d1.dll
0x00007ffcb2360000 - 0x00007ffcb23ef000 	C:\WINDOWS\SYSTEM32\apphelp.dll
0x00007ffcb2600000 - 0x00007ffcb2699000 	C:\WINDOWS\system32\uxtheme.dll

VM Arguments:
jvm_args: -Xmx1536m -Dfile.encoding=windows-1252 -Duser.country=IN -Duser.language=en -Duser.variant 
java_command: org.gradle.launcher.daemon.bootstrap.GradleDaemon 5.4.1
java_class_path (initial): C:\Users\hp\.gradle\wrapper\dists\gradle-5.4.1-all\3221gyojl5jsh0helicew7rwx\gradle-5.4.1\lib\gradle-launcher-5.4.1.jar
Launcher Type: SUN_STANDARD

Environment Variables:
PATH=C:\Program Files (x86)\Intel\Intel(R) Management Engine Components\iCLS\;C:\Program Files\Intel\Intel(R) Management Engine Components\iCLS\;C:\windows\system32;C:\windows;C:\windows\System32\Wbem;C:\windows\System32\WindowsPowerShell\v1.0\;C:\windows\System32\OpenSSH\;C:\Program Files (x86)\Intel\Intel(R) Management Engine Components\DAL;C:\Program Files\Intel\Intel(R) Management Engine Components\DAL;C:\Program Files (x86)\Intel\Intel(R) Management Engine Components\IPT;C:\Program Files\Intel\Intel(R) Management Engine Components\IPT;C:\Program Files (x86)\NVIDIA Corporation\PhysX\Common;C:\Program Files\Java\jdk-11.0.1\bin;C:\Program Files\Java\jre1.8.0_191\bin;C:\Program Files\NVIDIA Corporation\NVIDIA NvDLISR;C:\cygwin64\bin;C:\Program Files (x86)\Microsoft SQL Server\100\Tools\Binn\;C:\Program Files\Microsoft SQL Server\100\Tools\Binn\;C:\Program Files\Microsoft SQL Server\100\DTS\Binn\;C:\Program Files\PuTTY\;C:\Program Files\Git\cmd;C:\WINDOWS\system32;C:\WINDOWS;C:\WINDOWS\System32\Wbem;C:\WINDOWS\System32\WindowsPowerShell\v1.0\;C:\WINDOWS\System32\OpenSSH\;C:\Users\hp\AppData\Local\Programs\Python\Python37\Scripts\;C:\Users\hp\AppData\Local\Programs\Python\Python37\;C:\Users\hp\AppData\Local\Microsoft\WindowsApps;C:\Users\hp\AppData\Local\Programs\Microsoft VS Code\bin;C:\Users\hp\AppData\Local\atom\bin;C:\Users\hp\AppData\Local\Programs\MiKTeX 2.9\miktex\bin\x64\;%USERPROFILE%\AppData\Local\Microsoft\WindowsApps;
USERNAME=hp
OS=Windows_NT
PROCESSOR_IDENTIFIER=Intel64 Family 6 Model 158 Stepping 10, GenuineIntel



---------------  S Y S T E M  ---------------

OS: Windows 10.0 , 64 bit Build 18362 (10.0.18362.329)

CPU:total 8 (initial active 8) (4 cores per cpu, 2 threads per core) family 6 model 158 stepping 10, cmov, cx8, fxsr, mmx, sse, sse2, sse3, ssse3, sse4.1, sse4.2, popcnt, avx, avx2, aes, clmul, erms, 3dnowpref, lzcnt, ht, tsc, tscinvbit, bmi1, bmi2, adx

Memory: 4k page, physical 8192424k(484264k free), swap 23660068k(1536k free)

vm_info: OpenJDK 64-Bit Server VM (25.202-b03) for windows-amd64 JRE (1.8.0_202-release-1483-b03), built by "builder" with MS VC++ 10.0 (VS2010)

time: Tue Feb 11 13:18:46 2020
timezone: India Standard Time
elapsed time: 10189 seconds (0d 2h 49m 49s)

