#
# There is insufficient memory for the Java Runtime Environment to continue.
# Native memory allocation (malloc) failed to allocate 1112176 bytes for Chunk::new
# Possible reasons:
#   The system is out of physical RAM or swap space
#   The process is running with CompressedOops enabled, and the Java Heap may be blocking the growth of the native heap
# Possible solutions:
#   Reduce memory load on the system
#   Increase physical memory or swap space
#   Check if swap backing store is full
#   Decrease Java heap size (-Xmx/-Xms)
#   Decrease number of Java threads
#   Decrease Java thread stack sizes (-Xss)
#   Set larger code cache with -XX:ReservedCodeCacheSize=
#   JVM is running with Unscaled Compressed Oops mode in which the Java heap is
#     placed in the first 4GB address space. The Java Heap base address is the
#     maximum limit for the native heap growth. Please use -XX:HeapBaseMinAddress
#     to set the Java Heap base and to place the Java Heap above 4GB virtual address.
# This output file may be truncated or incomplete.
#
#  Out of Memory Error (allocation.cpp:389), pid=17004, tid=0x0000000000001628
#
# JRE version: OpenJDK Runtime Environment (8.0_202-b03) (build 1.8.0_202-release-1483-b03)
# Java VM: OpenJDK 64-Bit Server VM (25.202-b03 mixed mode windows-amd64 compressed oops)
# Failed to write core dump. Minidumps are not enabled by default on client versions of Windows
#

---------------  T H R E A D  ---------------

Current thread (0x00000000181e3000):  JavaThread "C2 CompilerThread1" daemon [_thread_in_native, id=5672, stack(0x0000000018bb0000,0x0000000018cb0000)]

Stack: [0x0000000018bb0000,0x0000000018cb0000]
[error occurred during error reporting (printing stack bounds), id 0xc0000005]

Native frames: (J=compiled Java code, j=interpreted, Vv=VM code, C=native code)


Current CompileTask:
C2:  19831 8016   !   4       java.io.ObjectOutputStream::writeOrdinaryObject (175 bytes)


---------------  P R O C E S S  ---------------

Java Threads: ( => current thread )
  0x0000000021fee000 JavaThread "Memory manager" [_thread_blocked, id=5724, stack(0x0000000024f60000,0x0000000025060000)]
  0x000000001d083000 JavaThread "Cache worker for Build Output Cleanup Cache (C:\Users\hp\AndroidStudioProjects\MyApplication\FirebaseApp\.gradle\buildOutputCleanup)" [_thread_blocked, id=5972, stack(0x0000000021470000,0x0000000021570000)]
  0x000000001d07f800 JavaThread "Build operations Thread 8" [_thread_blocked, id=6136, stack(0x0000000023e60000,0x0000000023f60000)]
  0x000000001d078000 JavaThread "Build operations Thread 7" [_thread_blocked, id=16568, stack(0x0000000023d60000,0x0000000023e60000)]
  0x000000001d07e800 JavaThread "Build operations Thread 6" [_thread_blocked, id=7152, stack(0x0000000023c60000,0x0000000023d60000)]
  0x000000001d07e000 JavaThread "Build operations Thread 5" [_thread_blocked, id=13364, stack(0x0000000023b60000,0x0000000023c60000)]
  0x000000001d076800 JavaThread "Build operations Thread 4" [_thread_blocked, id=15820, stack(0x0000000021890000,0x0000000021990000)]
  0x000000001d078800 JavaThread "Build operations Thread 3" [_thread_blocked, id=5416, stack(0x0000000021790000,0x0000000021890000)]
  0x000000001d07d000 JavaThread "Build operations Thread 2" [_thread_blocked, id=7448, stack(0x0000000021690000,0x0000000021790000)]
  0x000000001d075800 JavaThread "Build operations" [_thread_blocked, id=3572, stack(0x0000000021590000,0x0000000021690000)]
  0x000000001d075000 JavaThread "Cache worker for execution history cache (C:\Users\hp\.gradle\caches\5.4.1\executionHistory)" [_thread_blocked, id=1492, stack(0x0000000020f70000,0x0000000021070000)]
  0x000000001d07b800 JavaThread "Cache worker for cache directory md-rule (C:\Users\hp\.gradle\caches\5.4.1\md-rule)" [_thread_blocked, id=3956, stack(0x000000001fc30000,0x000000001fd30000)]
  0x000000001d074000 JavaThread "Cache worker for cache directory md-supplier (C:\Users\hp\.gradle\caches\5.4.1\md-supplier)" [_thread_blocked, id=7812, stack(0x000000001f370000,0x000000001f470000)]
  0x00000000181e5800 JavaThread "Cache worker for file hash cache (C:\Users\hp\AndroidStudioProjects\MyApplication\FirebaseApp\.gradle\5.4.1\fileHashes)" [_thread_blocked, id=1416, stack(0x000000001f730000,0x000000001f830000)]
  0x00000000181ea000 JavaThread "File lock release action executor" [_thread_blocked, id=14552, stack(0x000000001c100000,0x000000001c200000)]
  0x00000000181e4800 JavaThread "Cache worker for journal cache (C:\Users\hp\.gradle\caches\journal-1)" [_thread_blocked, id=16564, stack(0x000000001be00000,0x000000001bf00000)]
  0x00000000181e4000 JavaThread "File lock request listener" [_thread_in_native, id=11904, stack(0x000000001bd00000,0x000000001be00000)]
  0x00000000181e8800 JavaThread "Cache worker for file hash cache (C:\Users\hp\.gradle\caches\5.4.1\fileHashes)" [_thread_blocked, id=8648, stack(0x000000001bc00000,0x000000001bd00000)]
  0x000000001a49c000 JavaThread "Thread-9" [_thread_in_native, id=11028, stack(0x000000001bb00000,0x000000001bc00000)]
  0x000000001a4af800 JavaThread "Stdin handler" [_thread_blocked, id=10444, stack(0x000000001ba00000,0x000000001bb00000)]
  0x00000000184e7000 JavaThread "Asynchronous log dispatcher for DefaultDaemonConnection: socket connection from /127.0.0.1:50858 to /127.0.0.1:50859" [_thread_blocked, id=15796, stack(0x000000001b800000,0x000000001b900000)]
  0x00000000184e4800 JavaThread "Daemon worker" [_thread_in_vm, id=8460, stack(0x000000001b700000,0x000000001b800000)]
  0x00000000184df800 JavaThread "Cancel handler" [_thread_blocked, id=4612, stack(0x000000001b600000,0x000000001b700000)]
  0x0000000018500800 JavaThread "Handler for socket connection from /127.0.0.1:50858 to /127.0.0.1:50859" [_thread_in_native, id=10476, stack(0x000000001b300000,0x000000001b400000)]
  0x00000000184fa800 JavaThread "Daemon" [_thread_blocked, id=3136, stack(0x000000001b200000,0x000000001b300000)]
  0x0000000019323000 JavaThread "Daemon periodic checks" [_thread_blocked, id=5956, stack(0x000000001b100000,0x000000001b200000)]
  0x000000001915a800 JavaThread "Incoming local TCP Connector on port 50858" [_thread_in_native, id=12756, stack(0x000000001aec0000,0x000000001afc0000)]
  0x000000001a09c000 JavaThread "Daemon health stats" [_thread_blocked, id=2916, stack(0x000000001a880000,0x000000001a980000)]
  0x0000000018270800 JavaThread "Service Thread" daemon [_thread_blocked, id=16516, stack(0x0000000018eb0000,0x0000000018fb0000)]
  0x00000000181ea800 JavaThread "C1 CompilerThread3" daemon [_thread_blocked, id=948, stack(0x0000000018db0000,0x0000000018eb0000)]
  0x00000000181e7000 JavaThread "C2 CompilerThread2" daemon [_thread_in_native, id=13208, stack(0x0000000018cb0000,0x0000000018db0000)]
=>0x00000000181e3000 JavaThread "C2 CompilerThread1" daemon [_thread_in_native, id=5672, stack(0x0000000018bb0000,0x0000000018cb0000)]
  0x00000000181dc000 JavaThread "C2 CompilerThread0" daemon [_thread_blocked, id=5608, stack(0x0000000018ab0000,0x0000000018bb0000)]
  0x00000000181d7000 JavaThread "Attach Listener" daemon [_thread_blocked, id=4616, stack(0x00000000189b0000,0x0000000018ab0000)]
  0x00000000181d6000 JavaThread "Signal Dispatcher" daemon [_thread_blocked, id=15276, stack(0x00000000188b0000,0x00000000189b0000)]
  0x00000000181d1000 JavaThread "Finalizer" daemon [_thread_blocked, id=14340, stack(0x00000000186b0000,0x00000000187b0000)]
  0x00000000181d0800 JavaThread "Reference Handler" daemon [_thread_blocked, id=8432, stack(0x00000000185b0000,0x00000000186b0000)]
  0x00000000023ae000 JavaThread "main" [_thread_blocked, id=14676, stack(0x0000000002410000,0x0000000002510000)]

Other Threads:
  0x00000000163c8000 VMThread [stack: 0x00000000180b0000,0x00000000181b0000] [id=16028]
  0x0000000018271000 WatcherThread [stack: 0x0000000018fb0000,0x00000000190b0000] [id=15244]

VM state:not at safepoint (normal execution)

VM Mutex/Monitor currently owned by a thread: None

heap address: 0x00000000a0000000, size: 1536 MB, Compressed Oops mode: 32-bit
Narrow klass base: 0x0000000000000000, Narrow klass shift: 3
Compressed class space size: 1073741824 Address: 0x0000000100000000

Heap:
 PSYoungGen      total 233984K, used 171155K [0x00000000e0000000, 0x00000000f1d00000, 0x0000000100000000)
  eden space 212992K, 80% used [0x00000000e0000000,0x00000000ea724d68,0x00000000ed000000)
  from space 20992K, 0% used [0x00000000ee480000,0x00000000ee480000,0x00000000ef900000)
  to   space 20992K, 0% used [0x00000000ed000000,0x00000000ed000000,0x00000000ee480000)
 ParOldGen       total 135168K, used 33509K [0x00000000a0000000, 0x00000000a8400000, 0x00000000e0000000)
  object space 135168K, 24% used [0x00000000a0000000,0x00000000a20b95c8,0x00000000a8400000)
 Metaspace       used 63990K, capacity 66674K, committed 66968K, reserved 1107968K
  class space    used 8739K, capacity 9279K, committed 9384K, reserved 1048576K

Card table byte_map: [0x00000000119d0000,0x0000000011ce0000] byte_map_base: 0x00000000114d0000

Marking Bits: (ParMarkBitMap*) 0x0000000076db9f30
 Begin Bits: [0x00000000126e0000, 0x0000000013ee0000)
 End Bits:   [0x0000000013ee0000, 0x00000000156e0000)

Polling page: 0x00000000022b0000

CodeCache: size=245760Kb used=22735Kb max_used=23024Kb free=223024Kb
 bounds [0x0000000002610000, 0x0000000003cc0000, 0x0000000011610000]
 total_blobs=7899 nmethods=7109 adapters=703
 compilation: enabled

Compilation events (10 events):
Event: 19.803 Thread 0x00000000181ea800 8086       3       java.util.ArrayList::remove (77 bytes)
Event: 19.803 Thread 0x00000000181ea800 nmethod 8086 0x0000000002a0f310 code [0x0000000002a0f4c0, 0x0000000002a0fa08]
Event: 19.824 Thread 0x00000000181ea800 8087       1       org.gradle.api.internal.AbstractTask::getProject (5 bytes)
Event: 19.824 Thread 0x00000000181ea800 nmethod 8087 0x00000000027f2550 code [0x00000000027f26a0, 0x00000000027f27b0]
Event: 19.825 Thread 0x00000000181ea800 8088       1       org.gradle.internal.service.scopes.ProjectScopeServices::access$000 (5 bytes)
Event: 19.825 Thread 0x00000000181ea800 nmethod 8088 0x000000000285bed0 code [0x000000000285c020, 0x000000000285c110]
Event: 19.829 Thread 0x00000000181ea800 8089       1       org.gradle.internal.graph.CachingDirectedGraphWalker$NodeDetails::access$300 (5 bytes)
Event: 19.829 Thread 0x00000000181ea800 nmethod 8089 0x0000000002910fd0 code [0x0000000002911120, 0x0000000002911210]
Event: 19.829 Thread 0x00000000181dc000 8090       4       com.google.common.collect.Iterators$9::next (25 bytes)
Event: 19.829 Thread 0x00000000181ea800 8091       3       org.gradle.api.internal.artifacts.transform.ConsumerProvidedVariantFinder::matchAttributes (68 bytes)

GC Heap History (10 events):
Event: 10.530 GC heap before
{Heap before GC invocations=9 (full 2):
 PSYoungGen      total 124416K, used 10245K [0x00000000e0000000, 0x00000000ed900000, 0x0000000100000000)
  eden space 111616K, 0% used [0x00000000e0000000,0x00000000e0000000,0x00000000e6d00000)
  from space 12800K, 80% used [0x00000000e6d00000,0x00000000e7701688,0x00000000e7980000)
  to   space 13312K, 0% used [0x00000000ecc00000,0x00000000ecc00000,0x00000000ed900000)
 ParOldGen       total 63488K, used 13607K [0x00000000a0000000, 0x00000000a3e00000, 0x00000000e0000000)
  object space 63488K, 21% used [0x00000000a0000000,0x00000000a0d49f08,0x00000000a3e00000)
 Metaspace       used 34504K, capacity 35454K, committed 35496K, reserved 1079296K
  class space    used 4763K, capacity 4993K, committed 5032K, reserved 1048576K
Event: 10.607 GC heap after
Heap after GC invocations=9 (full 2):
 PSYoungGen      total 124416K, used 0K [0x00000000e0000000, 0x00000000ed900000, 0x0000000100000000)
  eden space 111616K, 0% used [0x00000000e0000000,0x00000000e0000000,0x00000000e6d00000)
  from space 12800K, 0% used [0x00000000e6d00000,0x00000000e6d00000,0x00000000e7980000)
  to   space 13312K, 0% used [0x00000000ecc00000,0x00000000ecc00000,0x00000000ed900000)
 ParOldGen       total 91136K, used 16836K [0x00000000a0000000, 0x00000000a5900000, 0x00000000e0000000)
  object space 91136K, 18% used [0x00000000a0000000,0x00000000a1071388,0x00000000a5900000)
 Metaspace       used 34504K, capacity 35454K, committed 35496K, reserved 1079296K
  class space    used 4763K, capacity 4993K, committed 5032K, reserved 1048576K
}
Event: 12.272 GC heap before
{Heap before GC invocations=10 (full 2):
 PSYoungGen      total 124416K, used 111616K [0x00000000e0000000, 0x00000000ed900000, 0x0000000100000000)
  eden space 111616K, 100% used [0x00000000e0000000,0x00000000e6d00000,0x00000000e6d00000)
  from space 12800K, 0% used [0x00000000e6d00000,0x00000000e6d00000,0x00000000e7980000)
  to   space 13312K, 0% used [0x00000000ecc00000,0x00000000ecc00000,0x00000000ed900000)
 ParOldGen       total 91136K, used 16836K [0x00000000a0000000, 0x00000000a5900000, 0x00000000e0000000)
  object space 91136K, 18% used [0x00000000a0000000,0x00000000a1071388,0x00000000a5900000)
 Metaspace       used 45081K, capacity 46350K, committed 46632K, reserved 1089536K
  class space    used 6078K, capacity 6354K, committed 6440K, reserved 1048576K
Event: 12.289 GC heap after
Heap after GC invocations=10 (full 2):
 PSYoungGen      total 178176K, used 13293K [0x00000000e0000000, 0x00000000ed900000, 0x0000000100000000)
  eden space 164864K, 0% used [0x00000000e0000000,0x00000000e0000000,0x00000000ea100000)
  from space 13312K, 99% used [0x00000000ecc00000,0x00000000ed8fb748,0x00000000ed900000)
  to   space 15872K, 0% used [0x00000000eba00000,0x00000000eba00000,0x00000000ec980000)
 ParOldGen       total 91136K, used 19265K [0x00000000a0000000, 0x00000000a5900000, 0x00000000e0000000)
  object space 91136K, 21% used [0x00000000a0000000,0x00000000a12d05f8,0x00000000a5900000)
 Metaspace       used 45081K, capacity 46350K, committed 46632K, reserved 1089536K
  class space    used 6078K, capacity 6354K, committed 6440K, reserved 1048576K
}
Event: 15.147 GC heap before
{Heap before GC invocations=11 (full 2):
 PSYoungGen      total 178176K, used 178157K [0x00000000e0000000, 0x00000000ed900000, 0x0000000100000000)
  eden space 164864K, 100% used [0x00000000e0000000,0x00000000ea100000,0x00000000ea100000)
  from space 13312K, 99% used [0x00000000ecc00000,0x00000000ed8fb748,0x00000000ed900000)
  to   space 15872K, 0% used [0x00000000eba00000,0x00000000eba00000,0x00000000ec980000)
 ParOldGen       total 91136K, used 19265K [0x00000000a0000000, 0x00000000a5900000, 0x00000000e0000000)
  object space 91136K, 21% used [0x00000000a0000000,0x00000000a12d05f8,0x00000000a5900000)
 Metaspace       used 55432K, capacity 57332K, committed 57640K, reserved 1099776K
  class space    used 7548K, capacity 7966K, committed 7976K, reserved 1048576K
Event: 15.195 GC heap after
Heap after GC invocations=11 (full 2):
 PSYoungGen      total 206336K, used 15860K [0x00000000e0000000, 0x00000000ef900000, 0x0000000100000000)
  eden space 190464K, 0% used [0x00000000e0000000,0x00000000e0000000,0x00000000eba00000)
  from space 15872K, 99% used [0x00000000eba00000,0x00000000ec97d320,0x00000000ec980000)
  to   space 20992K, 0% used [0x00000000ee480000,0x00000000ee480000,0x00000000ef900000)
 ParOldGen       total 91136K, used 26599K [0x00000000a0000000, 0x00000000a5900000, 0x00000000e0000000)
  object space 91136K, 29% used [0x00000000a0000000,0x00000000a19f9de8,0x00000000a5900000)
 Metaspace       used 55432K, capacity 57332K, committed 57640K, reserved 1099776K
  class space    used 7548K, capacity 7966K, committed 7976K, reserved 1048576K
}
Event: 16.635 GC heap before
{Heap before GC invocations=12 (full 2):
 PSYoungGen      total 206336K, used 60891K [0x00000000e0000000, 0x00000000ef900000, 0x0000000100000000)
  eden space 190464K, 23% used [0x00000000e0000000,0x00000000e2bf9a00,0x00000000eba00000)
  from space 15872K, 99% used [0x00000000eba00000,0x00000000ec97d320,0x00000000ec980000)
  to   space 20992K, 0% used [0x00000000ee480000,0x00000000ee480000,0x00000000ef900000)
 ParOldGen       total 91136K, used 26599K [0x00000000a0000000, 0x00000000a5900000, 0x00000000e0000000)
  object space 91136K, 29% used [0x00000000a0000000,0x00000000a19f9de8,0x00000000a5900000)
 Metaspace       used 57206K, capacity 59150K, committed 59160K, reserved 1099776K
  class space    used 7816K, capacity 8229K, committed 8232K, reserved 1048576K
Event: 16.672 GC heap after
Heap after GC invocations=12 (full 2):
 PSYoungGen      total 233984K, used 13036K [0x00000000e0000000, 0x00000000f1d00000, 0x0000000100000000)
  eden space 212992K, 0% used [0x00000000e0000000,0x00000000e0000000,0x00000000ed000000)
  from space 20992K, 62% used [0x00000000ee480000,0x00000000ef13b128,0x00000000ef900000)
  to   space 20992K, 0% used [0x00000000ed000000,0x00000000ed000000,0x00000000ee480000)
 ParOldGen       total 91136K, used 33187K [0x00000000a0000000, 0x00000000a5900000, 0x00000000e0000000)
  object space 91136K, 36% used [0x00000000a0000000,0x00000000a2068c00,0x00000000a5900000)
 Metaspace       used 57206K, capacity 59150K, committed 59160K, reserved 1099776K
  class space    used 7816K, capacity 8229K, committed 8232K, reserved 1048576K
}
Event: 16.672 GC heap before
{Heap before GC invocations=13 (full 3):
 PSYoungGen      total 233984K, used 13036K [0x00000000e0000000, 0x00000000f1d00000, 0x0000000100000000)
  eden space 212992K, 0% used [0x00000000e0000000,0x00000000e0000000,0x00000000ed000000)
  from space 20992K, 62% used [0x00000000ee480000,0x00000000ef13b128,0x00000000ef900000)
  to   space 20992K, 0% used [0x00000000ed000000,0x00000000ed000000,0x00000000ee480000)
 ParOldGen       total 91136K, used 33187K [0x00000000a0000000, 0x00000000a5900000, 0x00000000e0000000)
  object space 91136K, 36% used [0x00000000a0000000,0x00000000a2068c00,0x00000000a5900000)
 Metaspace       used 57206K, capacity 59150K, committed 59160K, reserved 1099776K
  class space    used 7816K, capacity 8229K, committed 8232K, reserved 1048576K
Event: 17.041 GC heap after
Heap after GC invocations=13 (full 3):
 PSYoungGen      total 233984K, used 0K [0x00000000e0000000, 0x00000000f1d00000, 0x0000000100000000)
  eden space 212992K, 0% used [0x00000000e0000000,0x00000000e0000000,0x00000000ed000000)
  from space 20992K, 0% used [0x00000000ee480000,0x00000000ee480000,0x00000000ef900000)
  to   space 20992K, 0% used [0x00000000ed000000,0x00000000ed000000,0x00000000ee480000)
 ParOldGen       total 135168K, used 33509K [0x00000000a0000000, 0x00000000a8400000, 0x00000000e0000000)
  object space 135168K, 24% used [0x00000000a0000000,0x00000000a20b95c8,0x00000000a8400000)
 Metaspace       used 57193K, capacity 59108K, committed 59160K, reserved 1099776K
  class space    used 7813K, capacity 8222K, committed 8232K, reserved 1048576K
}

Deoptimization events (10 events):
Event: 19.684 Thread 0x00000000184e4800 Uncommon trap: reason=class_check action=maybe_recompile pc=0x000000000374fc54 method=java.io.ObjectOutputStream$BlockDataOutputStream.write([BIIZ)V @ 23
Event: 19.684 Thread 0x00000000184e4800 Uncommon trap: reason=class_check action=maybe_recompile pc=0x0000000003733b9c method=java.io.ObjectOutputStream.writeNonProxyDesc(Ljava/io/ObjectStreamClass;Z)V @ 44
Event: 19.684 Thread 0x00000000184e4800 Uncommon trap: reason=class_check action=maybe_recompile pc=0x0000000003733b9c method=java.io.ObjectOutputStream.writeNonProxyDesc(Ljava/io/ObjectStreamClass;Z)V @ 44
Event: 19.684 Thread 0x00000000184e4800 Uncommon trap: reason=class_check action=maybe_recompile pc=0x000000000374fc54 method=java.io.ObjectOutputStream$BlockDataOutputStream.write([BIIZ)V @ 23
Event: 19.684 Thread 0x00000000184e4800 Uncommon trap: reason=class_check action=maybe_recompile pc=0x000000000374fc54 method=java.io.ObjectOutputStream$BlockDataOutputStream.write([BIIZ)V @ 23
Event: 19.685 Thread 0x00000000184e4800 Uncommon trap: reason=unstable_if action=reinterpret pc=0x0000000002ecef60 method=java.lang.reflect.Proxy.isProxyClass(Ljava/lang/Class;)Z @ 6
Event: 19.685 Thread 0x00000000184e4800 Uncommon trap: reason=class_check action=maybe_recompile pc=0x000000000374ff5c method=java.io.ObjectOutputStream$BlockDataOutputStream.drain()V @ 36
Event: 19.686 Thread 0x00000000184e4800 Uncommon trap: reason=class_check action=maybe_recompile pc=0x0000000002835dbc method=java.io.ObjectOutputStream$BlockDataOutputStream.drain()V @ 36
Event: 19.689 Thread 0x00000000184e4800 Uncommon trap: reason=unstable_if action=reinterpret pc=0x00000000036d7948 method=java.io.ObjectOutputStream$HandleTable.assign(Ljava/lang/Object;)I @ 24
Event: 19.771 Thread 0x00000000184e4800 Uncommon trap: reason=unstable_if action=reinterpret pc=0x000000000304622c method=org.gradle.internal.io.StreamByteBuffer.prepareRead()I @ 30

Classes redefined (0 events):
No events

Internal exceptions (10 events):
Event: 17.907 Thread 0x00000000184e4800 Exception <a 'java/security/PrivilegedActionException'> (0x00000000e33e5440) thrown at [D:\src\AOSP-openjdk-cygwin\jdk8u\hotspot\src\share\vm\prims\jvm.cpp, line 1508]
Event: 17.907 Thread 0x00000000184e4800 Exception <a 'java/lang/ClassNotFoundException': groovy/util/AntBuilderCustomizer> (0x00000000e33e9628) thrown at [D:\src\AOSP-openjdk-cygwin\jdk8u\hotspot\src\share\vm\classfile\systemDictionary.cpp, line 210]
Event: 17.908 Thread 0x00000000184e4800 Exception <a 'java/lang/ClassNotFoundException': org/gradle/api/AntBuilderCustomizer> (0x00000000e34021d8) thrown at [D:\src\AOSP-openjdk-cygwin\jdk8u\hotspot\src\share\vm\classfile\systemDictionary.cpp, line 210]
Event: 17.909 Thread 0x00000000184e4800 Exception <a 'java/lang/ClassNotFoundException': org/gradle/api/internal/project/ant/BasicAntBuilderCustomizer> (0x00000000e3427c28) thrown at [D:\src\AOSP-openjdk-cygwin\jdk8u\hotspot\src\share\vm\classfile\systemDictionary.cpp, line 210]
Event: 17.909 Thread 0x00000000184e4800 Exception <a 'java/lang/ClassNotFoundException': org/gradle/api/internal/project/DefaultAntBuilderCustomizer> (0x00000000e3455098) thrown at [D:\src\AOSP-openjdk-cygwin\jdk8u\hotspot\src\share\vm\classfile\systemDictionary.cpp, line 210]
Event: 19.413 Thread 0x000000001d07e000 Implicit null exception at 0x0000000003223646 to 0x0000000003223a14
Event: 19.413 Thread 0x000000001d07e000 Implicit null exception at 0x00000000032e6420 to 0x00000000032e66e8
Event: 19.566 Thread 0x00000000184e4800 Implicit null exception at 0x0000000003b9796c to 0x0000000003b97aa6
Event: 19.582 Thread 0x00000000184e4800 Exception <a 'java/lang/NoSuchMethodError': java.lang.Object.lambda$negate$1(Ljava/lang/Object;)Z> (0x00000000e941b250) thrown at [D:\src\AOSP-openjdk-cygwin\jdk8u\hotspot\src\share\vm\interpreter\linkResolver.cpp, line 620]
Event: 19.671 Thread 0x00000000184e4800 Exception <a 'java/lang/IncompatibleClassChangeError': Found class java.lang.Object, but interface was expected> (0x00000000e9ccfb48) thrown at [D:\src\AOSP-openjdk-cygwin\jdk8u\hotspot\src\share\vm\interpreter\linkResolver.cpp, line 653]

Events (10 events):
Event: 19.823 loading class org/gradle/execution/plan/TaskNodeDependencyResolver$1
Event: 19.823 loading class org/gradle/execution/plan/TaskNodeDependencyResolver$1 done
Event: 19.824 loading class org/gradle/api/internal/tasks/PropertyFileCollection
Event: 19.824 loading class org/gradle/api/internal/tasks/PropertyFileCollection done
Event: 19.826 loading class org/gradle/api/internal/tasks/DefaultTaskDependency$1
Event: 19.826 loading class org/gradle/api/internal/tasks/DefaultTaskDependency$1 done
Event: 19.827 loading class com/android/builder/model/SourceProvider
Event: 19.827 loading class com/android/builder/model/SourceProvider done
Event: 19.828 loading class com/android/builder/model/SourceProvider
Event: 19.828 loading class com/android/builder/model/SourceProvider done


Dynamic libraries:
0x00007ff784910000 - 0x00007ff784941000 	C:\Program Files\Android\Android Studio\jre\bin\java.exe
0x00007ffd6fbc0000 - 0x00007ffd6fdb0000 	C:\WINDOWS\SYSTEM32\ntdll.dll
0x00007ffd6edf0000 - 0x00007ffd6eea2000 	C:\WINDOWS\System32\KERNEL32.DLL
0x00007ffd6d9c0000 - 0x00007ffd6dc63000 	C:\WINDOWS\System32\KERNELBASE.dll
0x00007ffd6e4c0000 - 0x00007ffd6e563000 	C:\WINDOWS\System32\ADVAPI32.dll
0x00007ffd6f5d0000 - 0x00007ffd6f66e000 	C:\WINDOWS\System32\msvcrt.dll
0x00007ffd6f340000 - 0x00007ffd6f3d7000 	C:\WINDOWS\System32\sechost.dll
0x00007ffd6ec60000 - 0x00007ffd6ed80000 	C:\WINDOWS\System32\RPCRT4.dll
0x00007ffd6f700000 - 0x00007ffd6f894000 	C:\WINDOWS\System32\USER32.dll
0x00007ffd6cda0000 - 0x00007ffd6cdc1000 	C:\WINDOWS\System32\win32u.dll
0x00007ffd6f6d0000 - 0x00007ffd6f6f6000 	C:\WINDOWS\System32\GDI32.dll
0x00007ffd6ceb0000 - 0x00007ffd6d044000 	C:\WINDOWS\System32\gdi32full.dll
0x00007ffd6d920000 - 0x00007ffd6d9be000 	C:\WINDOWS\System32\msvcp_win.dll
0x00007ffd6cb50000 - 0x00007ffd6cc4a000 	C:\WINDOWS\System32\ucrtbase.dll
0x00007ffd5b0e0000 - 0x00007ffd5b365000 	C:\WINDOWS\WinSxS\amd64_microsoft.windows.common-controls_6595b64144ccf1df_6.0.18362.592_none_e6c0b1911312be02\COMCTL32.dll
0x00007ffd6ef80000 - 0x00007ffd6f2b6000 	C:\WINDOWS\System32\combase.dll
0x00007ffd6d8a0000 - 0x00007ffd6d920000 	C:\WINDOWS\System32\bcryptPrimitives.dll
0x00007ffd6fb30000 - 0x00007ffd6fb5e000 	C:\WINDOWS\System32\IMM32.DLL
0x00000000770b0000 - 0x0000000077182000 	C:\Program Files\Android\Android Studio\jre\jre\bin\msvcr100.dll
0x00000000765f0000 - 0x0000000076e36000 	C:\Program Files\Android\Android Studio\jre\jre\bin\server\jvm.dll
0x00007ffd6e240000 - 0x00007ffd6e248000 	C:\WINDOWS\System32\PSAPI.DLL
0x00007ffd418d0000 - 0x00007ffd418d9000 	C:\WINDOWS\SYSTEM32\WSOCK32.dll
0x00007ffd67d40000 - 0x00007ffd67d64000 	C:\WINDOWS\SYSTEM32\WINMM.dll
0x00007ffd65940000 - 0x00007ffd6594a000 	C:\WINDOWS\SYSTEM32\VERSION.dll
0x00007ffd6ed80000 - 0x00007ffd6edef000 	C:\WINDOWS\System32\WS2_32.dll
0x00007ffd67d10000 - 0x00007ffd67d3d000 	C:\WINDOWS\SYSTEM32\WINMMBASE.dll
0x00007ffd6d050000 - 0x00007ffd6d09a000 	C:\WINDOWS\System32\cfgmgr32.dll
0x00007ffd6a1a0000 - 0x00007ffd6a1af000 	C:\Program Files\Android\Android Studio\jre\jre\bin\verify.dll
0x00007ffd69990000 - 0x00007ffd699b9000 	C:\Program Files\Android\Android Studio\jre\jre\bin\java.dll
0x00007ffd68620000 - 0x00007ffd68636000 	C:\Program Files\Android\Android Studio\jre\jre\bin\zip.dll
0x00007ffd6e570000 - 0x00007ffd6ec55000 	C:\WINDOWS\System32\SHELL32.dll
0x00007ffd6f520000 - 0x00007ffd6f5c9000 	C:\WINDOWS\System32\shcore.dll
0x00007ffd6d100000 - 0x00007ffd6d87f000 	C:\WINDOWS\System32\windows.storage.dll
0x00007ffd6cac0000 - 0x00007ffd6cadf000 	C:\WINDOWS\System32\profapi.dll
0x00007ffd6cb00000 - 0x00007ffd6cb4a000 	C:\WINDOWS\System32\powrprof.dll
0x00007ffd6ca90000 - 0x00007ffd6caa0000 	C:\WINDOWS\System32\UMPDC.dll
0x00007ffd6fad0000 - 0x00007ffd6fb22000 	C:\WINDOWS\System32\shlwapi.dll
0x00007ffd6caa0000 - 0x00007ffd6cab1000 	C:\WINDOWS\System32\kernel.appcore.dll
0x00007ffd6d880000 - 0x00007ffd6d897000 	C:\WINDOWS\System32\cryptsp.dll
0x00007ffd67f60000 - 0x00007ffd67f7a000 	C:\Program Files\Android\Android Studio\jre\jre\bin\net.dll
0x00007ffd6c300000 - 0x00007ffd6c367000 	C:\WINDOWS\system32\mswsock.dll
0x00007ffd66d60000 - 0x00007ffd66d71000 	C:\Program Files\Android\Android Studio\jre\jre\bin\nio.dll
0x00007ffd563d0000 - 0x00007ffd563f6000 	C:\Users\hp\.gradle\native\29\windows-amd64\native-platform.dll
0x00007ffd67f50000 - 0x00007ffd67f5d000 	C:\Program Files\Android\Android Studio\jre\jre\bin\management.dll
0x00007ffd6be70000 - 0x00007ffd6bea3000 	C:\WINDOWS\system32\rsaenh.dll
0x00007ffd6ce80000 - 0x00007ffd6cea6000 	C:\WINDOWS\System32\bcrypt.dll
0x00007ffd6c9b0000 - 0x00007ffd6c9d5000 	C:\WINDOWS\SYSTEM32\USERENV.dll
0x00007ffd6c4d0000 - 0x00007ffd6c4dc000 	C:\WINDOWS\SYSTEM32\CRYPTBASE.dll
0x00007ffd6c010000 - 0x00007ffd6c04a000 	C:\WINDOWS\SYSTEM32\IPHLPAPI.DLL
0x00007ffd6e4b0000 - 0x00007ffd6e4b8000 	C:\WINDOWS\System32\NSI.dll
0x00007ffd65190000 - 0x00007ffd651a6000 	C:\WINDOWS\SYSTEM32\dhcpcsvc6.DLL
0x00007ffd651d0000 - 0x00007ffd651ec000 	C:\WINDOWS\SYSTEM32\dhcpcsvc.DLL
0x00007ffd6c050000 - 0x00007ffd6c11a000 	C:\WINDOWS\SYSTEM32\DNSAPI.dll

VM Arguments:
jvm_args: -Xmx1536m -Dfile.encoding=windows-1252 -Duser.country=IN -Duser.language=en -Duser.variant 
java_command: org.gradle.launcher.daemon.bootstrap.GradleDaemon 5.4.1
java_class_path (initial): C:\Users\hp\.gradle\wrapper\dists\gradle-5.4.1-all\3221gyojl5jsh0helicew7rwx\gradle-5.4.1\lib\gradle-launcher-5.4.1.jar
Launcher Type: SUN_STANDARD

Environment Variables:
PATH=C:\Program Files (x86)\Intel\Intel(R) Management Engine Components\iCLS\;C:\Program Files\Intel\Intel(R) Management Engine Components\iCLS\;C:\windows\system32;C:\windows;C:\windows\System32\Wbem;C:\windows\System32\WindowsPowerShell\v1.0\;C:\windows\System32\OpenSSH\;C:\Program Files (x86)\Intel\Intel(R) Management Engine Components\DAL;C:\Program Files\Intel\Intel(R) Management Engine Components\DAL;C:\Program Files (x86)\Intel\Intel(R) Management Engine Components\IPT;C:\Program Files\Intel\Intel(R) Management Engine Components\IPT;C:\Program Files (x86)\NVIDIA Corporation\PhysX\Common;C:\Program Files\Java\jdk-11.0.1\bin;C:\Program Files\Java\jre1.8.0_191\bin;C:\Program Files\NVIDIA Corporation\NVIDIA NvDLISR;C:\cygwin64\bin;C:\Program Files (x86)\Microsoft SQL Server\100\Tools\Binn\;C:\Program Files\Microsoft SQL Server\100\Tools\Binn\;C:\Program Files\Microsoft SQL Server\100\DTS\Binn\;C:\Program Files\PuTTY\;C:\Program Files\Git\cmd;C:\WINDOWS\system32;C:\WINDOWS;C:\WINDOWS\System32\Wbem;C:\WINDOWS\System32\WindowsPowerShell\v1.0\;C:\WINDOWS\System32\OpenSSH\;C:\Users\hp\AppData\Local\Programs\Python\Python37\Scripts\;C:\Users\hp\AppData\Local\Programs\Python\Python37\;C:\Users\hp\AppData\Local\Microsoft\WindowsApps;C:\Users\hp\AppData\Local\Programs\Microsoft VS Code\bin;C:\Users\hp\AppData\Local\atom\bin;C:\Users\hp\AppData\Local\Programs\MiKTeX 2.9\miktex\bin\x64\;%USERPROFILE%\AppData\Local\Microsoft\WindowsApps;
USERNAME=hp
OS=Windows_NT
PROCESSOR_IDENTIFIER=Intel64 Family 6 Model 158 Stepping 10, GenuineIntel



---------------  S Y S T E M  ---------------

OS: Windows 10.0 , 64 bit Build 18362 (10.0.18362.329)

CPU:total 8 (initial active 8) (4 cores per cpu, 2 threads per core) family 6 model 158 stepping 10, cmov, cx8, fxsr, mmx, sse, sse2, sse3, ssse3, sse4.1, sse4.2, popcnt, avx, avx2, aes, clmul, erms, 3dnowpref, lzcnt, ht, tsc, tscinvbit, bmi1, bmi2, adx

Memory: 4k page, physical 8192424k(606072k free), swap 23660068k(5368k free)

vm_info: OpenJDK 64-Bit Server VM (25.202-b03) for windows-amd64 JRE (1.8.0_202-release-1483-b03), built by "builder" with MS VC++ 10.0 (VS2010)

time: Thu Jan 30 23:14:19 2020
timezone: India Standard Time
elapsed time: 19 seconds (0d 0h 0m 19s)

